[debug] [2026-07-09T13:07:52.816Z] ----------------------------------------------------------------------
[debug] [2026-07-09T13:07:52.817Z] Command:       /usr/local/bin/node /usr/local/bin/firebase deploy --only hosting
[debug] [2026-07-09T13:07:52.817Z] CLI Version:   15.4.0
[debug] [2026-07-09T13:07:52.817Z] Platform:      darwin
[debug] [2026-07-09T13:07:52.817Z] Node Version:  v22.20.0
[debug] [2026-07-09T13:07:52.817Z] Time:          Thu Jul 09 2026 16:07:52 GMT+0300 (Israel Daylight Time)
[debug] [2026-07-09T13:07:52.817Z] ----------------------------------------------------------------------
[debug] 
[debug] [2026-07-09T13:07:53.488Z] > command requires scopes: ["email","openid","https://www.googleapis.com/auth/cloudplatformprojects.readonly","https://www.googleapis.com/auth/firebase","https://www.googleapis.com/auth/cloud-platform"]
[debug] [2026-07-09T13:07:53.488Z] > authorizing via signed-in user (taltal115@gmail.com)
[debug] [2026-07-09T13:07:53.488Z] [iam] checking project trading-goals for permissions ["firebase.projects.get","firebasehosting.sites.update"]
[debug] [2026-07-09T13:07:53.489Z] Checked if tokens are valid: true, expires at: 1783604773084
[debug] [2026-07-09T13:07:53.489Z] Checked if tokens are valid: true, expires at: 1783604773084
[debug] [2026-07-09T13:07:53.489Z] >>> [apiv2][query] POST https://cloudresourcemanager.googleapis.com/v1/projects/trading-goals:testIamPermissions [none]
[debug] [2026-07-09T13:07:53.489Z] >>> [apiv2][(partial)header] POST https://cloudresourcemanager.googleapis.com/v1/projects/trading-goals:testIamPermissions x-goog-quota-user=projects/trading-goals
[debug] [2026-07-09T13:07:53.489Z] >>> [apiv2][body] POST https://cloudresourcemanager.googleapis.com/v1/projects/trading-goals:testIamPermissions {"permissions":["firebase.projects.get","firebasehosting.sites.update"]}
[debug] [2026-07-09T13:07:54.466Z] <<< [apiv2][status] POST https://cloudresourcemanager.googleapis.com/v1/projects/trading-goals:testIamPermissions 200
[debug] [2026-07-09T13:07:54.466Z] <<< [apiv2][body] POST https://cloudresourcemanager.googleapis.com/v1/projects/trading-goals:testIamPermissions {"permissions":["firebase.projects.get","firebasehosting.sites.update"]}
[debug] [2026-07-09T13:07:54.466Z] Checked if tokens are valid: true, expires at: 1783604773084
[debug] [2026-07-09T13:07:54.466Z] Checked if tokens are valid: true, expires at: 1783604773084
[debug] [2026-07-09T13:07:54.466Z] >>> [apiv2][query] GET https://firebase.googleapis.com/v1beta1/projects/trading-goals [none]
[debug] [2026-07-09T13:07:54.908Z] <<< [apiv2][status] GET https://firebase.googleapis.com/v1beta1/projects/trading-goals 200
[debug] [2026-07-09T13:07:54.908Z] <<< [apiv2][body] GET https://firebase.googleapis.com/v1beta1/projects/trading-goals {"projectId":"trading-goals","projectNumber":"703616057199","displayName":"trading-goals","name":"projects/trading-goals","resources":{"hostingSite":"trading-goals"},"state":"ACTIVE","labels":{"firebase":"enabled"},"etag":"1_f3e51caf-8ad6-4ef9-9fdf-39d3cb3158c8"}
[info] 
[info] === Deploying to 'trading-goals'...
[info] 
[info] i  deploying hosting 
[debug] [2026-07-09T13:07:54.910Z] Checked if tokens are valid: true, expires at: 1783604773084
[debug] [2026-07-09T13:07:54.910Z] Checked if tokens are valid: true, expires at: 1783604773084
[debug] [2026-07-09T13:07:54.910Z] >>> [apiv2][query] POST https://firebasehosting.googleapis.com/v1beta1/projects/-/sites/trading-goals/versions [none]
[debug] [2026-07-09T13:07:54.910Z] >>> [apiv2][body] POST https://firebasehosting.googleapis.com/v1beta1/projects/-/sites/trading-goals/versions {"status":"CREATED","labels":{"deployment-tool":"cli-firebase"}}
[debug] [2026-07-09T13:07:57.464Z] <<< [apiv2][status] POST https://firebasehosting.googleapis.com/v1beta1/projects/-/sites/trading-goals/versions 200
[debug] [2026-07-09T13:07:57.464Z] <<< [apiv2][body] POST https://firebasehosting.googleapis.com/v1beta1/projects/-/sites/trading-goals/versions {"name":"projects/703616057199/sites/trading-goals/versions/c8256e97dbe71d34","status":"CREATED","config":{},"labels":{"deployment-tool":"cli-firebase"}}
[info] i  hosting[trading-goals]: beginning deploy... 
[info] i  hosting[trading-goals]: found 41 files in frontend/dist/trading-signals-web/browser 
[debug] [2026-07-09T13:07:57.469Z] [hosting] uploading with 200 concurrency
[debug] [2026-07-09T13:07:57.488Z] Checked if tokens are valid: true, expires at: 1783604773084
[debug] [2026-07-09T13:07:57.488Z] Checked if tokens are valid: true, expires at: 1783604773084
[debug] [2026-07-09T13:07:57.488Z] [hosting] hash cache [ZnJvbnRlbmQvZGlzdC90cmFkaW5nLXNpZ25hbHMtd2ViL2Jyb3dzZXI] stored for 41 files
[debug] [2026-07-09T13:07:57.488Z] [hosting][hash queue][FINAL] {"max":15,"min":6,"avg":7.341463414634147,"active":0,"complete":41,"success":41,"errored":0,"retried":0,"total":41,"elapsed":17}
[debug] [2026-07-09T13:07:57.489Z] >>> [apiv2][query] POST https://firebasehosting.googleapis.com/v1beta1/projects/703616057199/sites/trading-goals/versions/c8256e97dbe71d34:populateFiles [none]
[debug] [2026-07-09T13:07:57.489Z] >>> [apiv2][body] POST https://firebasehosting.googleapis.com/v1beta1/projects/703616057199/sites/trading-goals/versions/c8256e97dbe71d34:populateFiles {"files":{"/main-4VUU2GWX.js":"6a9c869fa7e28988dd9a87cbdb9a8f55bca8b21e4a049ce7fec231345040cb21","/favicon.svg":"5970cc53ecdd5f7743cd232df438f2488621af8a86cb786eeeea74ad69448c4f","/index.html":"ef6de82da09bfff997b88f0744c6be467dd6843377b86c41dd5ad33ad1f98436","/polyfills-B6TNHZQ6.js":"0d470d11ef45790298a0211b78859f53935f24a7d05c357a0bce142e2e12a925","/chunk-YZJLF6OC.js":"8deb97afe8d6a94bc5345c1c09881a85423525f66114730d73f305a69920d1ff","/chunk-XN4WPYON.js":"b4c1a56ada1e6cefeae00322b9942e0f1f897562e9b02883aced9b3e845a55ca","/chunk-WCCGUU5Y.js":"aafc368d5e483177a20951c489a17e59a040497270876c4de80e08f42bf8708b","/chunk-VONSBMTV.js":"3d9d2c081dfebbf37062b41ac302eb3191ed4e84dacd9aecb8939087f3669c31","/styles-DCM3M5SP.css":"e61bfdd7c56665f93e9e942d92a737a9abd63ddb7c3cf636d59ccd05898a242d","/favicon.ico":"8f1fc0f94ae643bb8757c3cb49f69bf6cb2228f632cb77c7e47d8ee3995d88a7","/chunk-S5NRRRZV.js":"fe35c27a0795daa565847cfc77c18b678a443bc4b80eb56a1b0b8505ad551c35","/chunk-QOKQ4Q73.js":"ba39db724cdcfe11b710cf77eb7fa74087d055a8cce95ef6a1cf8fc43361fa70","/chunk-SWULPQEG.js":"2dfc708731d322e1445bff79a64e3c136219c2a09b076209575927e1e2a38922","/chunk-OZWZB3YN.js":"582b7c37bbcf2209428609ea0b4c60f19eb9b34a6e2ca862cc156533c4b1f287","/chunk-MFODZW7N.js":"ae56b75382bcbb54d04d3fbec2dce92e3215e7ff546eccdd145309ba8f66cf52","/chunk-MHID4NAW.js":"c327cb432ebc3a265ec48cfb56be7d3d4aa0c5c1737bd58ccb77cd545efdd43a","/chunk-WB6BYLIS.js":"b4abb6f8025d21b7c795283c00dbe7fff54fb6aaf1264d4e02f6aa572cf4d728","/chunk-NUOF6AKS.js":"87ede04f1d7aee481f58387b32f838481f9b829fa748d2e1c8c6948605b47c32","/chunk-NQTCXVVD.js":"3b2763eb840d00aa1698c35484550da147fb2437c159c42d595bd6fbc30b2156","/chunk-LC2LTEYQ.js":"3aa8d99b81fe9867c108f30eda655c40e3e526a1d6d2ea6bce350c540737f022","/chunk-K6LGBZ2S.js":"86bb3f7ef8fc372c5bd7c335a4939a7ea261ad3e0042ea4fa5a00e75d63ff66b","/chunk-HVTWX63X.js":"25a1d386388a98f0bb25171d83e9a8cfa6b4ce69dc44cfce8583a1c3c3417818","/chunk-HQOV4GSE.js":"a18b4386f4f79e0ed94212e0dd81768ed095eba303eb8731e3a16a88ce725d87","/chunk-JCDZH75O.js":"ef43fcbd311ec2412ea7ef6b25b5869460de809bd6bd7d1e06d932ac723f7913","/chunk-GY625COJ.js":"29f00114b4cb87b3356f608bfbe673b5b2151b0f731810ecc75e17ed54c1ef96","/chunk-BYIIIZLC.js":"77bcf42ba5d3e0e31ff1ff3a6c5c42d569fb5c6a71bb3fc3c2ce9c7bb20ed532","/chunk-EA3HC7TJ.js":"a47a30518f66ec0ad8e8bdeb8a3ad1e774893c091059869a8ae147f0ce35b52a","/chunk-EQDQRRRY.js":"7bafc8271e2b8dc1f6ab5637d873be0059223aad233c80c2aef38f1f68ea52a8","/chunk-CAMP72NL.js":"38a45d6209915663d5bdc0a23e1619b3b2d07a53a35c8bbb6e5142e38c8f33c2","/chunk-AKKWD52A.js":"213624516c7330d7084bb2b7570e732f55a43c087add6348f88c3b031d45382e","/chunk-A7YGVYEE.js":"b632ebf0b8e83ce94369cda30f5d9c6c8981ecf32c070d285b7d4cc4499a8ff5","/chunk-5W7LC46G.js":"ced0e4f876928d02456d7f41dd021e1e9de7cde3318d8ab29589b88688d13fc0","/chunk-ISZN2T2B.js":"9a518737bc6cc026c263f100d9e2b1ba560cd16495eaddf4c79c80713685768f","/chunk-45COTHAT.js":"184825bd68454f69179c5ac8949a6bd436fab3d29da304839f9354b14be2cf0f","/chunk-47OQHOKL.js":"95992f28e2f32eaa4ae42a82f7a28f5a785fb283a1f7deca993bc1342285824d","/chunk-OZDCNAST.js":"9fea31936b2936dd4d6b087bf15a5fec6fd99acdea0e3211d0cbb4b076ba21c5","/chunk-UKFVOAIA.js":"aebca3774bffb9ec2e6809c11bb90c85224f0b5a17ed498813a7887826d7a120","/chunk-ZPKCSGPC.js":"52c9cf4d9d0ebb6ac8fc63f7924f37cc52050f97b3e8d10eadc6541f8b5b42da","/chunk-22SPJMJQ.js":"e40b39c9bc54a0eaf5f30f3f8603b23df2c26e43b5cb09ce374735e239b70fb4","/chunk-SWBZ2T66.js":"a2fffadf762c0de41bc7fefef8966804a5e263ca24724dd6a72fa477faad2572","/chunk-T7GHOPBR.js":"b2078037d18ea7d84e676577c23bb70e75c5d83b6d0dd26ca9029ef3609df349"}}
[debug] [2026-07-09T13:07:58.366Z] <<< [apiv2][status] POST https://firebasehosting.googleapis.com/v1beta1/projects/703616057199/sites/trading-goals/versions/c8256e97dbe71d34:populateFiles 200
[debug] [2026-07-09T13:07:58.366Z] <<< [apiv2][body] POST https://firebasehosting.googleapis.com/v1beta1/projects/703616057199/sites/trading-goals/versions/c8256e97dbe71d34:populateFiles {"uploadUrl":"https://upload-firebasehosting.googleapis.com/upload/sites/trading-goals/versions/c8256e97dbe71d34/files"}
[debug] [2026-07-09T13:07:58.366Z] [hosting][populate queue][FINAL] {"max":878,"min":878,"avg":878,"active":0,"complete":1,"success":1,"errored":0,"retried":0,"total":1,"elapsed":878}
[debug] [2026-07-09T13:07:58.366Z] [hosting] uploads queued: 0
[debug] [2026-07-09T13:07:58.366Z] [hosting][upload queue][FINAL] {"max":0,"min":9999999999,"avg":0,"active":0,"complete":0,"success":0,"errored":0,"retried":0,"total":0,"elapsed":1783602478366}
[info] ✔  hosting[trading-goals]: file upload complete 
[debug] [2026-07-09T13:07:58.367Z] [hosting] deploy completed after 902ms
[debug] [2026-07-09T13:07:58.368Z] [
  {
    "config": {
      "public": "frontend/dist/trading-signals-web/browser",
      "ignore": [
        "firebase.json",
        "**/.*",
        "**/node_modules/**"
      ],
      "rewrites": [
        {
          "source": "/api/**",
          "run": {
            "serviceId": "trading-signals-api",
            "region": "us-central1"
          }
        },
        {
          "source": "**",
          "destination": "/index.html"
        }
      ],
      "headers": [
        {
          "source": "chunk-*.js",
          "headers": [
            {
              "key": "Cache-Control",
              "value": "public, max-age=31536000, immutable"
            }
          ]
        },
        {
          "source": "main-*.js",
          "headers": [
            {
              "key": "Cache-Control",
              "value": "public, max-age=31536000, immutable"
            }
          ]
        },
        {
          "source": "polyfills-*.js",
          "headers": [
            {
              "key": "Cache-Control",
              "value": "public, max-age=31536000, immutable"
            }
          ]
        },
        {
          "source": "styles-*.css",
          "headers": [
            {
              "key": "Cache-Control",
              "value": "public, max-age=31536000, immutable"
            }
          ]
        },
        {
          "source": "index.html",
          "headers": [
            {
              "key": "Cache-Control",
              "value": "no-cache, no-store, max-age=0, must-revalidate"
            }
          ]
        },
        {
          "source": "**/*.js",
          "headers": [
            {
              "key": "Cache-Control",
              "value": "public, max-age=0, must-revalidate"
            }
          ]
        },
        {
          "source": "**/*.css",
          "headers": [
            {
              "key": "Cache-Control",
              "value": "public, max-age=3600"
            }
          ]
        },
        {
          "source": "**/*.html",
          "headers": [
            {
              "key": "Cache-Control",
              "value": "public, max-age=120"
            }
          ]
        }
      ],
      "site": "trading-goals"
    },
    "version": "projects/703616057199/sites/trading-goals/versions/c8256e97dbe71d34"
  }
]
[info] i  hosting[trading-goals]: finalizing version... 
[debug] [2026-07-09T13:07:58.369Z] Checked if tokens are valid: true, expires at: 1783604773084
[debug] [2026-07-09T13:07:58.369Z] Checked if tokens are valid: true, expires at: 1783604773084
[debug] [2026-07-09T13:07:58.369Z] >>> [apiv2][query] GET https://cloudfunctions.googleapis.com/v1/projects/trading-goals/locations/-/functions [none]
[debug] [2026-07-09T13:07:59.162Z] <<< [apiv2][status] GET https://cloudfunctions.googleapis.com/v1/projects/trading-goals/locations/-/functions 200
[debug] [2026-07-09T13:07:59.162Z] <<< [apiv2][body] GET https://cloudfunctions.googleapis.com/v1/projects/trading-goals/locations/-/functions {}
[debug] [2026-07-09T13:07:59.162Z] Checked if tokens are valid: true, expires at: 1783604773084
[debug] [2026-07-09T13:07:59.162Z] Checked if tokens are valid: true, expires at: 1783604773084
[debug] [2026-07-09T13:07:59.162Z] >>> [apiv2][query] GET https://cloudfunctions.googleapis.com/v2/projects/trading-goals/locations/-/functions filter=environment%3D%22GEN_2%22
[debug] [2026-07-09T13:07:59.810Z] <<< [apiv2][status] GET https://cloudfunctions.googleapis.com/v2/projects/trading-goals/locations/-/functions 200
[debug] [2026-07-09T13:07:59.810Z] <<< [apiv2][body] GET https://cloudfunctions.googleapis.com/v2/projects/trading-goals/locations/-/functions {}
[debug] [2026-07-09T13:07:59.810Z] Checked if tokens are valid: true, expires at: 1783604773084
[debug] [2026-07-09T13:07:59.810Z] Checked if tokens are valid: true, expires at: 1783604773084
[debug] [2026-07-09T13:07:59.811Z] >>> [apiv2][query] PATCH https://firebasehosting.googleapis.com/v1beta1/projects/-/sites/trading-goals/versions/c8256e97dbe71d34 updateMask=status%2Cconfig
[debug] [2026-07-09T13:07:59.811Z] >>> [apiv2][body] PATCH https://firebasehosting.googleapis.com/v1beta1/projects/-/sites/trading-goals/versions/c8256e97dbe71d34 {"status":"FINALIZED","config":{"rewrites":[{"glob":"/api/**","run":{"serviceId":"trading-signals-api","region":"us-central1"}},{"glob":"**","path":"/index.html"}],"headers":[{"glob":"chunk-*.js","headers":{"Cache-Control":"public, max-age=31536000, immutable"}},{"glob":"main-*.js","headers":{"Cache-Control":"public, max-age=31536000, immutable"}},{"glob":"polyfills-*.js","headers":{"Cache-Control":"public, max-age=31536000, immutable"}},{"glob":"styles-*.css","headers":{"Cache-Control":"public, max-age=31536000, immutable"}},{"glob":"index.html","headers":{"Cache-Control":"no-cache, no-store, max-age=0, must-revalidate"}},{"glob":"**/*.js","headers":{"Cache-Control":"public, max-age=0, must-revalidate"}},{"glob":"**/*.css","headers":{"Cache-Control":"public, max-age=3600"}},{"glob":"**/*.html","headers":{"Cache-Control":"public, max-age=120"}}]}}
