[01/23/26 08:39:58] INFO     signals-bot starting                                                                                                                              
                    INFO     run_id=daily_close_scan-20260123T063958Z                                                                                                          
                    INFO     config=/Users/talshitrit/Workspace/Personal/trading/trading-signals/config.yaml                                                                   
                    INFO     Universe size: 25 tickers                                                                                                                         
                    WARNING  Data provider failed for AAPL (yahoo): ['close']                                                                                                  
[01/23/26 08:40:00] WARNING  Data provider failed for AMD (yahoo): ['close']                                                                                                   
[01/23/26 08:40:01] WARNING  Data provider failed for AMZN (yahoo): ['close']                                                                                                  
[01/23/26 08:40:02] WARNING  Data provider failed for AVGO (yahoo): ['close']                                                                                                  
                    WARNING  Data provider failed for COIN (yahoo): ['close']                                                                                                  
[01/23/26 08:40:03] WARNING  Data provider failed for CRWD (yahoo): ['close']                                                                                                  
[01/23/26 08:40:04] WARNING  Data provider failed for DDOG (yahoo): ['close']                                                                                                  
[01/23/26 08:40:05] WARNING  Data provider failed for DKNG (yahoo): ['close']                                                                                                  
                    INFO     WAIT DKNG conf=11 score=0.111 close=$31.62 volRatio=1.67 ret5=-7.87% brkDist=14.49% atr=5.32% :: no breakout, weak momentum, low volume           
                    WARNING  Data provider failed for ENPH (yahoo): ['close']                                                                                                  
[01/23/26 08:40:06] INFO     WAIT ENPH conf=82 score=0.822 close=$40.48 volRatio=2.43 ret5=12.04% brkDist=-7.53% atr=5.04% :: low volume                                       
                    WARNING  Data provider failed for MARA (yahoo): ['close']                                                                                                  
[01/23/26 08:40:07] INFO     WAIT MARA conf=8 score=0.075 close=$10.29 volRatio=1.13 ret5=-7.38% brkDist=11.02% atr=7.29% :: no breakout, weak momentum, low volume            
                    WARNING  Data provider failed for META (yahoo): ['close']                                                                                                  
[01/23/26 08:40:08] WARNING  Data provider failed for MSFT (yahoo): ['close']                                                                                                  
[01/23/26 08:40:09] WARNING  Data provider failed for MU (yahoo): ['close']                                                                                                    
[01/23/26 08:40:10] WARNING  Data provider failed for NET (yahoo): ['close']                                                                                                   
[01/23/26 08:40:11] WARNING  Data provider failed for NVDA (yahoo): ['close']                                                                                                  
[01/23/26 08:40:12] WARNING  Data provider failed for PANW (yahoo): ['close']                                                                                                  
[01/23/26 08:40:13] WARNING  Data provider failed for PLTR (yahoo): ['close']                                                                                                  
[01/23/26 08:40:14] WARNING  Data provider failed for QCOM (yahoo): ['close']                                                                                                  
[01/23/26 08:40:15] WARNING  Data provider failed for RBLX (yahoo): ['close']                                                                                                  
                    INFO     WAIT RBLX conf=9 score=0.088 close=$74.70 volRatio=1.32 ret5=-9.86% brkDist=17.99% atr=6.39% :: no breakout, weak momentum, low volume            
                    WARNING  Data provider failed for RIOT (yahoo): ['close']                                                                                                  
[01/23/26 08:40:16] INFO     WAIT RIOT conf=5 score=0.052 close=$17.08 volRatio=0.77 ret5=-1.33% brkDist=11.91% atr=7.10% :: no breakout, weak momentum, low volume            
                    WARNING  Data provider failed for SMCI (yahoo): ['close']                                                                                                  
[01/23/26 08:40:17] INFO     WAIT SMCI conf=19 score=0.193 close=$32.45 volRatio=1.00 ret5=14.79% brkDist=1.61% atr=5.11% :: no breakout, weak momentum, low volume            
                    WARNING  Data provider failed for SNOW (yahoo): ['close']                                                                                                  
[01/23/26 08:40:18] WARNING  Data provider failed for SOFI (yahoo): ['close']                                                                                                  
                    INFO     WAIT SOFI conf=5 score=0.053 close=$26.09 volRatio=0.80 ret5=-2.17% brkDist=12.63% atr=5.23% :: no breakout, weak momentum, low volume            
[01/23/26 08:40:19] WARNING  Data provider failed for TSLA (yahoo): ['close']                                                                                                  
[01/23/26 08:40:20] WARNING  Data provider failed for TSM (yahoo): ['close']                                                                                                   
         Signal Summary         
┏━━━━━━━━┳━━━━━━━━┳━━━━━━━━━━━━┓
┃ Action ┃ Ticker ┃ Confidence ┃
┡━━━━━━━━╇━━━━━━━━╇━━━━━━━━━━━━┩
│ WAIT   │ ENPH   │         82 │
│ WAIT   │ SMCI   │         19 │
│ WAIT   │ DKNG   │         11 │
│ WAIT   │ RBLX   │          9 │
│ WAIT   │ MARA   │          8 │
│ WAIT   │ SOFI   │          5 │
│ WAIT   │ RIOT   │          5 │
└────────┴────────┴────────────┘
[01/23/26 08:40:21] INFO     Done. Signals generated: 7                                                                                                                        
[01/23/26 09:39:33] INFO     signals-bot starting                                                                                                                              
                    INFO     run_id=daily_close_scan-20260123T073933Z                                                                                                          
                    INFO     config=/Users/talshitrit/Workspace/Personal/trading/trading-signals/config.yaml                                                                   
                    INFO     Universe size: 25 tickers                                                                                                                         
                    WARNING  Data provider failed for AAPL (yahoo): ['close']                                                                                                  
[01/23/26 09:39:35] WARNING  Data provider failed for AMD (yahoo): ['close']                                                                                                   
[01/23/26 09:39:36] WARNING  Data provider failed for AMZN (yahoo): ['close']                                                                                                  
[01/23/26 09:39:37] WARNING  Data provider failed for AVGO (yahoo): ['close']                                                                                                  
[01/23/26 09:39:38] WARNING  Data provider failed for COIN (yahoo): ['close']                                                                                                  
[01/23/26 09:39:39] WARNING  Data provider failed for CRWD (yahoo): ['close']                                                                                                  
[01/23/26 09:39:40] WARNING  Data provider failed for DDOG (yahoo): ['close']                                                                                                  
                    WARNING  Data provider failed for DKNG (yahoo): ['close']                                                                                                  
[01/23/26 09:39:41] INFO     WAIT DKNG conf=11 score=0.111 close=$31.62 volRatio=1.67 ret5=-7.87% brkDist=14.49% atr=5.32% :: no breakout, weak momentum, low volume           
                    WARNING  Data provider failed for ENPH (yahoo): ['close']                                                                                                  
[01/23/26 09:39:42] INFO     WAIT ENPH conf=82 score=0.822 close=$40.48 volRatio=2.43 ret5=12.04% brkDist=-7.53% atr=5.04% :: low volume                                       
                    WARNING  Data provider failed for MARA (yahoo): ['close']                                                                                                  
[01/23/26 09:39:43] INFO     WAIT MARA conf=8 score=0.075 close=$10.29 volRatio=1.13 ret5=-7.38% brkDist=11.02% atr=7.29% :: no breakout, weak momentum, low volume            
                    WARNING  Data provider failed for META (yahoo): ['close']                                                                                                  
[01/23/26 09:39:44] WARNING  Data provider failed for MSFT (yahoo): ['close']                                                                                                  
[01/23/26 09:39:45] WARNING  Data provider failed for MU (yahoo): ['close']                                                                                                    
[01/23/26 09:39:46] WARNING  Data provider failed for NET (yahoo): ['close']                                                                                                   
[01/23/26 09:39:47] WARNING  Data provider failed for NVDA (yahoo): ['close']                                                                                                  
[01/23/26 09:39:48] WARNING  Data provider failed for PANW (yahoo): ['close']                                                                                                  
[01/23/26 09:39:49] WARNING  Data provider failed for PLTR (yahoo): ['close']                                                                                                  
[01/23/26 09:39:50] WARNING  Data provider failed for QCOM (yahoo): ['close']                                                                                                  
[01/23/26 09:39:51] WARNING  Data provider failed for RBLX (yahoo): ['close']                                                                                                  
[01/23/26 09:39:52] INFO     WAIT RBLX conf=9 score=0.088 close=$74.70 volRatio=1.32 ret5=-9.86% brkDist=17.99% atr=6.39% :: no breakout, weak momentum, low volume            
                    WARNING  Data provider failed for RIOT (yahoo): ['close']                                                                                                  
[01/23/26 09:39:53] INFO     WAIT RIOT conf=5 score=0.052 close=$17.08 volRatio=0.77 ret5=-1.33% brkDist=11.91% atr=7.10% :: no breakout, weak momentum, low volume            
                    WARNING  Data provider failed for SMCI (yahoo): ['close']                                                                                                  
                    INFO     WAIT SMCI conf=19 score=0.193 close=$32.45 volRatio=1.00 ret5=14.79% brkDist=1.61% atr=5.11% :: no breakout, weak momentum, low volume            
[01/23/26 09:39:54] WARNING  Data provider failed for SNOW (yahoo): ['close']                                                                                                  
                    WARNING  Data provider failed for SOFI (yahoo): ['close']                                                                                                  
[01/23/26 09:39:55] INFO     WAIT SOFI conf=5 score=0.053 close=$26.09 volRatio=0.80 ret5=-2.17% brkDist=12.63% atr=5.23% :: no breakout, weak momentum, low volume            
                    WARNING  Data provider failed for TSLA (yahoo): ['close']                                                                                                  
[01/23/26 09:39:56] WARNING  Data provider failed for TSM (yahoo): ['close']                                                                                                   
         Signal Summary         
┏━━━━━━━━┳━━━━━━━━┳━━━━━━━━━━━━┓
┃ Action ┃ Ticker ┃ Confidence ┃
┡━━━━━━━━╇━━━━━━━━╇━━━━━━━━━━━━┩
│ WAIT   │ ENPH   │         82 │
│ WAIT   │ SMCI   │         19 │
│ WAIT   │ DKNG   │         11 │
│ WAIT   │ RBLX   │          9 │
│ WAIT   │ MARA   │          8 │
│ WAIT   │ SOFI   │          5 │
│ WAIT   │ RIOT   │          5 │
└────────┴────────┴────────────┘
[01/23/26 09:39:57] INFO     Done. Signals generated: 7                                                                                                                        
[01/23/26 13:35:37] INFO     signals-bot starting                                                                                                                              
                    INFO     run_id=daily_close_scan-20260123T113537Z                                                                                                          
                    INFO     config=/Users/talshitrit/Workspace/Personal/trading/trading-signals/config.yaml                                                                   
                    INFO     Universe size: 25 tickers                                                                                                                         
[01/23/26 13:35:38] WARNING  Data provider failed for AAPL (yahoo): ['close']                                                                                                  
[01/23/26 13:35:39] WARNING  Data provider failed for AMD (yahoo): ['close']                                                                                                   
[01/23/26 13:35:40] WARNING  Data provider failed for AMZN (yahoo): ['close']                                                                                                  
[01/23/26 13:35:42] WARNING  Data provider failed for AVGO (yahoo): ['close']                                                                                                  
                    WARNING  Data provider failed for COIN (yahoo): ['close']                                                                                                  
[01/23/26 13:35:43] WARNING  Data provider failed for CRWD (yahoo): ['close']                                                                                                  
[01/23/26 13:35:44] WARNING  Data provider failed for DDOG (yahoo): ['close']                                                                                                  
[01/23/26 13:35:45] WARNING  Data provider failed for DKNG (yahoo): ['close']                                                                                                  
                    INFO     WAIT DKNG conf=11 score=0.111 close=$31.62 volRatio=1.67 ret5=-7.87% brkDist=14.49% atr=5.32% :: no breakout, weak momentum, low volume           
[01/23/26 13:35:46] WARNING  Data provider failed for ENPH (yahoo): ['close']                                                                                                  
                    INFO     WAIT ENPH conf=82 score=0.822 close=$40.48 volRatio=2.43 ret5=12.04% brkDist=-7.53% atr=5.04% :: low volume                                       
[01/23/26 13:35:47] WARNING  Data provider failed for MARA (yahoo): ['close']                                                                                                  
                    INFO     WAIT MARA conf=8 score=0.075 close=$10.29 volRatio=1.13 ret5=-7.38% brkDist=11.02% atr=7.29% :: no breakout, weak momentum, low volume            
                    WARNING  Data provider failed for META (yahoo): ['close']                                                                                                  
[01/23/26 13:35:49] WARNING  Data provider failed for MSFT (yahoo): ['close']                                                                                                  
[01/23/26 13:35:50] WARNING  Data provider failed for MU (yahoo): ['close']                                                                                                    
[01/23/26 13:35:51] WARNING  Data provider failed for NET (yahoo): ['close']                                                                                                   
[01/23/26 13:35:52] WARNING  Data provider failed for NVDA (yahoo): ['close']                                                                                                  
[01/23/26 13:35:53] WARNING  Data provider failed for PANW (yahoo): ['close']                                                                                                  
[01/23/26 13:35:54] WARNING  Data provider failed for PLTR (yahoo): ['close']                                                                                                  
[01/23/26 13:35:55] WARNING  Data provider failed for QCOM (yahoo): ['close']                                                                                                  
[01/23/26 13:35:56] WARNING  Data provider failed for RBLX (yahoo): ['close']                                                                                                  
                    INFO     WAIT RBLX conf=9 score=0.088 close=$74.70 volRatio=1.32 ret5=-9.86% brkDist=17.99% atr=6.39% :: no breakout, weak momentum, low volume            
[01/23/26 13:35:57] WARNING  Data provider failed for RIOT (yahoo): ['close']                                                                                                  
                    INFO     WAIT RIOT conf=5 score=0.052 close=$17.08 volRatio=0.77 ret5=-1.33% brkDist=11.91% atr=7.10% :: no breakout, weak momentum, low volume            
[01/23/26 13:35:58] WARNING  Data provider failed for SMCI (yahoo): ['close']                                                                                                  
                    INFO     WAIT SMCI conf=19 score=0.193 close=$32.45 volRatio=1.00 ret5=14.79% brkDist=1.61% atr=5.11% :: no breakout, weak momentum, low volume            
                    WARNING  Data provider failed for SNOW (yahoo): ['close']                                                                                                  
[01/23/26 13:35:59] WARNING  Data provider failed for SOFI (yahoo): ['close']                                                                                                  
[01/23/26 13:36:00] INFO     WAIT SOFI conf=5 score=0.053 close=$26.09 volRatio=0.80 ret5=-2.17% brkDist=12.63% atr=5.23% :: no breakout, weak momentum, low volume            
                    WARNING  Data provider failed for TSLA (yahoo): ['close']                                                                                                  
[01/23/26 13:36:01] WARNING  Data provider failed for TSM (yahoo): ['close']                                                                                                   
         Signal Summary         
┏━━━━━━━━┳━━━━━━━━┳━━━━━━━━━━━━┓
┃ Action ┃ Ticker ┃ Confidence ┃
┡━━━━━━━━╇━━━━━━━━╇━━━━━━━━━━━━┩
│ WAIT   │ ENPH   │         82 │
│ WAIT   │ SMCI   │         19 │
│ WAIT   │ DKNG   │         11 │
│ WAIT   │ RBLX   │          9 │
│ WAIT   │ MARA   │          8 │
│ WAIT   │ SOFI   │          5 │
│ WAIT   │ RIOT   │          5 │
└────────┴────────┴────────────┘
[01/23/26 13:36:02] INFO     Done. Signals generated: 7                                                                                                                        
[01/23/26 15:10:02] INFO     signals-bot starting                               
                    INFO     run_id=daily_close_scan-20260123T131002Z           
                    INFO     config=/Users/talshitrit/Workspace/Personal/trading
                             /trading-signals/config.yaml                       
                    INFO     Universe size: 25 tickers                          
[01/23/26 15:10:03] WARNING  Data provider failed for AAPL (yahoo): ['close']   
[01/23/26 15:10:05] WARNING  Data provider failed for AMD (yahoo): ['close']    
[01/23/26 15:10:06] WARNING  Data provider failed for AMZN (yahoo): ['close']   
[01/23/26 15:10:07] WARNING  Data provider failed for AVGO (yahoo): ['close']   
[01/23/26 15:10:08] WARNING  Data provider failed for COIN (yahoo): ['close']   
[01/23/26 15:10:09] WARNING  Data provider failed for CRWD (yahoo): ['close']   
[01/23/26 15:10:10] WARNING  Data provider failed for DDOG (yahoo): ['close']   
[01/23/26 15:10:11] WARNING  Data provider failed for DKNG (yahoo): ['close']   
                    INFO     WAIT DKNG conf=11 score=0.111 close=$31.62         
                             volRatio=1.67 ret5=-7.87% brkDist=14.49% atr=5.32% 
                             :: no breakout, weak momentum, low volume          
[01/23/26 15:10:12] WARNING  Data provider failed for ENPH (yahoo): ['close']   
                    INFO     WAIT ENPH conf=82 score=0.822 close=$40.48         
                             volRatio=2.43 ret5=12.04% brkDist=-7.53% atr=5.04% 
                             :: low volume                                      
[01/23/26 15:10:13] WARNING  Data provider failed for MARA (yahoo): ['close']   
                    INFO     WAIT MARA conf=8 score=0.075 close=$10.29          
                             volRatio=1.13 ret5=-7.38% brkDist=11.02% atr=7.29% 
                             :: no breakout, weak momentum, low volume          
                    WARNING  Data provider failed for META (yahoo): ['close']   
[01/23/26 15:10:14] WARNING  Data provider failed for MSFT (yahoo): ['close']   
[01/23/26 15:10:16] WARNING  Data provider failed for MU (yahoo): ['close']     
[01/23/26 15:10:17] WARNING  Data provider failed for NET (yahoo): ['close']    
[01/23/26 15:10:18] WARNING  Data provider failed for NVDA (yahoo): ['close']   
[01/23/26 15:10:19] WARNING  Data provider failed for PANW (yahoo): ['close']   
[01/23/26 15:10:20] WARNING  Data provider failed for PLTR (yahoo): ['close']   
[01/23/26 15:10:21] WARNING  Data provider failed for QCOM (yahoo): ['close']   
[01/23/26 15:10:22] WARNING  Data provider failed for RBLX (yahoo): ['close']   
[01/23/26 15:10:23] INFO     WAIT RBLX conf=9 score=0.088 close=$74.70          
                             volRatio=1.32 ret5=-9.86% brkDist=17.99% atr=6.39% 
                             :: no breakout, weak momentum, low volume          
                    WARNING  Data provider failed for RIOT (yahoo): ['close']   
                    INFO     WAIT RIOT conf=5 score=0.052 close=$17.08          
                             volRatio=0.77 ret5=-1.33% brkDist=11.91% atr=7.10% 
                             :: no breakout, weak momentum, low volume          
[01/23/26 15:10:24] WARNING  Data provider failed for SMCI (yahoo): ['close']   
                    INFO     WAIT SMCI conf=19 score=0.193 close=$32.45         
                             volRatio=1.00 ret5=14.79% brkDist=1.61% atr=5.11%  
                             :: no breakout, weak momentum, low volume          
[01/23/26 15:10:25] WARNING  Data provider failed for SNOW (yahoo): ['close']   
                    WARNING  Data provider failed for SOFI (yahoo): ['close']   
[01/23/26 15:10:26] INFO     WAIT SOFI conf=5 score=0.053 close=$26.09          
                             volRatio=0.80 ret5=-2.17% brkDist=12.63% atr=5.23% 
                             :: no breakout, weak momentum, low volume          
                    WARNING  Data provider failed for TSLA (yahoo): ['close']   
[01/23/26 15:10:27] WARNING  Data provider failed for TSM (yahoo): ['close']    
         Signal Summary         
┏━━━━━━━━┳━━━━━━━━┳━━━━━━━━━━━━┓
┃ Action ┃ Ticker ┃ Confidence ┃
┡━━━━━━━━╇━━━━━━━━╇━━━━━━━━━━━━┩
│ WAIT   │ ENPH   │         82 │
│ WAIT   │ SMCI   │         19 │
│ WAIT   │ DKNG   │         11 │
│ WAIT   │ RBLX   │          9 │
│ WAIT   │ MARA   │          8 │
│ WAIT   │ SOFI   │          5 │
│ WAIT   │ RIOT   │          5 │
└────────┴────────┴────────────┘
[01/23/26 15:10:28] INFO     Done. Signals generated: 7                         
