[02/10/26 15:10:03] INFO     signals-bot starting                               
                    INFO     run_id=daily_close_scan-20260210T131003Z           
                    INFO     config=/Users/talshitrit/Workspace/Personal/trading
                             /trading-signals/config.yaml                       
                    INFO     Universe size: 114 tickers                         
[02/10/26 15:10:05] INFO     WAIT AA conf=15 score=0.154 close=$62.36           
                             volRatio=0.78 ret5=7.13% brkDist=6.86% atr=6.00% ::
                             no breakout, weak momentum, low volume             
                    INFO     WAIT AAL conf=9 score=0.086 close=$14.99           
                             volRatio=0.62 ret5=9.50% brkDist=8.88% atr=4.02% ::
                             no breakout, weak momentum, low volume             
[02/10/26 15:10:06] INFO     WAIT AAMI conf=7 score=0.067 close=$51.86          
                             volRatio=1.01 ret5=-7.14% brkDist=8.15% atr=4.44%  
                             :: no breakout, weak momentum, low volume          
[02/10/26 15:10:07] INFO     WAIT AAOI conf=27 score=0.271 close=$47.91         
                             volRatio=1.09 ret5=8.49% brkDist=2.44% atr=11.74%  
                             :: no breakout, weak momentum, low volume          
[02/10/26 15:10:08] INFO     WAIT AAP conf=59 score=0.593 close=$55.30          
                             volRatio=0.91 ret5=13.53% brkDist=0.24% atr=4.99%  
                             :: no breakout, low volume                         
[02/10/26 15:10:09] INFO     WAIT ABAT conf=4 score=0.043 close=$4.18           
                             volRatio=0.65 ret5=7.18% brkDist=21.58% atr=11.98% 
                             :: no breakout, weak momentum, low volume          
                    INFO     WAIT ABCL conf=4 score=0.043 close=$3.22           
                             volRatio=0.64 ret5=-8.00% brkDist=33.61% atr=9.51% 
                             :: no breakout, weak momentum, low volume          
[02/10/26 15:10:10] INFO     WAIT ABEO conf=7 score=0.070 close=$5.13           
                             volRatio=1.05 ret5=-0.77% brkDist=9.76% atr=4.72%  
                             :: no breakout, weak momentum, low volume          
                    INFO     WAIT ABSI conf=5 score=0.051 close=$2.76           
                             volRatio=0.77 ret5=-8.61% brkDist=21.37% atr=7.57% 
                             :: no breakout, weak momentum, low volume          
[02/10/26 15:10:11] INFO     WAIT ABUS conf=8 score=0.081 close=$4.05           
                             volRatio=1.22 ret5=-7.74% brkDist=16.58% atr=7.04% 
                             :: no breakout, weak momentum, low volume          
[02/10/26 15:10:12] INFO     WAIT ACAD conf=8 score=0.077 close=$23.22          
                             volRatio=1.16 ret5=-11.14% brkDist=16.50% atr=4.42%
                             :: no breakout, weak momentum, low volume          
                    INFO     WAIT ACHC conf=6 score=0.060 close=$13.49          
                             volRatio=0.90 ret5=2.12% brkDist=14.57% atr=6.39%  
                             :: no breakout, weak momentum, low volume          
[02/10/26 15:10:13] INFO     WAIT ACHR conf=5 score=0.046 close=$7.37           
                             volRatio=0.69 ret5=4.54% brkDist=20.67% atr=7.05%  
                             :: no breakout, weak momentum, low volume          
                    INFO     WAIT ACIW conf=5 score=0.051 close=$41.83          
                             volRatio=0.76 ret5=-3.73% brkDist=11.99% atr=3.83% 
                             :: no breakout, weak momentum, low volume          
[02/10/26 15:10:14] INFO     WAIT ACLX conf=5 score=0.050 close=$68.80          
                             volRatio=0.75 ret5=-0.96% brkDist=10.07% atr=3.96% 
                             :: no breakout, weak momentum, low volume          
                    INFO     WAIT ACMR conf=11 score=0.106 close=$62.64         
                             volRatio=0.73 ret5=2.49% brkDist=3.31% atr=7.52% ::
                             no breakout, weak momentum, low volume             
[02/10/26 15:10:15] INFO     WAIT ACRS conf=1 score=0.013 close=$3.69           
                             volRatio=0.20 ret5=2.22% brkDist=24.54% atr=10.66% 
                             :: no breakout, weak momentum, low volume          
                    INFO     WAIT ACVA conf=5 score=0.050 close=$7.30           
                             volRatio=0.75 ret5=-4.20% brkDist=19.51% atr=5.17% 
                             :: no breakout, weak momentum, low volume          
[02/10/26 15:10:16] INFO     WAIT AD conf=6 score=0.059 close=$48.99            
                             volRatio=0.51 ret5=1.07% brkDist=19.45% atr=4.67%  
                             :: no breakout, weak momentum, low volume          
[02/10/26 15:10:17] INFO     WAIT ADEA conf=7 score=0.075 close=$19.20          
                             volRatio=0.72 ret5=2.18% brkDist=5.56% atr=4.36% ::
                             no breakout, weak momentum, low volume             
[02/10/26 15:10:18] INFO     WAIT ADMA conf=3 score=0.033 close=$16.37          
                             volRatio=0.49 ret5=-6.46% brkDist=10.74% atr=4.46% 
                             :: no breakout, weak momentum, low volume          
                    INFO     WAIT ADNT conf=40 score=0.397 close=$26.03         
                             volRatio=0.86 ret5=24.25% brkDist=2.69% atr=4.69%  
                             :: no breakout, low volume                         
[02/10/26 15:10:19] INFO     WAIT ADPT conf=8 score=0.081 close=$15.86          
                             volRatio=1.22 ret5=-13.76% brkDist=19.90% atr=7.56%
                             :: no breakout, weak momentum, low volume          
                    INFO     WAIT ADTN conf=57 score=0.572 close=$10.40         
                             volRatio=0.98 ret5=10.99% brkDist=-0.48% atr=4.61% 
                             :: weak momentum, low volume                       
[02/10/26 15:10:20] INFO     WAIT ADUR conf=3 score=0.035 close=$11.52          
                             volRatio=0.52 ret5=-8.06% brkDist=25.42% atr=10.37%
                             :: no breakout, weak momentum, low volume          
[02/10/26 15:10:22] INFO     WAIT AEHR conf=8 score=0.080 close=$27.59          
                             volRatio=0.49 ret5=5.87% brkDist=13.34% atr=10.23% 
                             :: no breakout, weak momentum, low volume          
                    INFO     WAIT AEO conf=4 score=0.040 close=$23.56           
                             volRatio=0.60 ret5=-4.42% brkDist=16.75% atr=4.06% 
                             :: no breakout, weak momentum, low volume          
[02/10/26 15:10:23] INFO     WAIT AES conf=20 score=0.201 close=$16.06          
                             volRatio=0.71 ret5=9.03% brkDist=0.80% atr=3.66% ::
                             no breakout, weak momentum, low volume             
[02/10/26 15:10:25] INFO     WAIT AESI conf=6 score=0.064 close=$11.95          
                             volRatio=0.42 ret5=1.53% brkDist=3.78% atr=5.38% ::
                             no breakout, weak momentum, low volume             
                    INFO     WAIT AEVA conf=5 score=0.054 close=$14.00          
                             volRatio=0.80 ret5=9.72% brkDist=38.11% atr=11.43% 
                             :: no breakout, weak momentum, low volume          
[02/10/26 15:10:26] INFO     WAIT AFRM conf=7 score=0.071 close=$57.95          
                             volRatio=1.06 ret5=-6.52% brkDist=31.54% atr=6.47% 
                             :: no breakout, weak momentum, low volume          
                    INFO     WAIT AG conf=5 score=0.047 close=$23.75            
                             volRatio=0.70 ret5=16.42% brkDist=14.86% atr=9.04% 
                             :: no breakout, weak momentum, low volume          
[02/10/26 15:10:27] INFO     WAIT AGI conf=11 score=0.113 close=$43.85          
                             volRatio=1.03 ret5=19.06% brkDist=2.94% atr=6.28%  
                             :: no breakout, weak momentum, low volume          
[02/10/26 15:10:28] INFO     WAIT AGIO conf=5 score=0.050 close=$26.94          
                             volRatio=0.75 ret5=-4.33% brkDist=9.99% atr=4.45%  
                             :: no breakout, weak momentum, low volume          
[02/10/26 15:10:29] INFO     WAIT AHCO conf=15 score=0.151 close=$10.72         
                             volRatio=1.15 ret5=6.14% brkDist=1.83% atr=4.04% ::
                             no breakout, weak momentum, low volume             
[02/10/26 15:10:30] INFO     WAIT AI conf=6 score=0.064 close=$11.64            
                             volRatio=0.96 ret5=6.59% brkDist=19.61% atr=7.39%  
                             :: no breakout, weak momentum, low volume          
                    INFO     WAIT AIP conf=6 score=0.058 close=$15.24           
                             volRatio=0.87 ret5=0.46% brkDist=16.49% atr=6.13%  
                             :: no breakout, weak momentum, low volume          
[02/10/26 15:10:31] INFO     WAIT AIRO conf=4 score=0.040 close=$10.10          
                             volRatio=0.61 ret5=0.50% brkDist=26.81% atr=9.26%  
                             :: no breakout, weak momentum, low volume          
[02/10/26 15:10:32] INFO     WAIT ALGM conf=74 score=0.737 close=$41.99         
                             volRatio=0.80 ret5=12.18% brkDist=-0.49% atr=5.32% 
                             :: low volume                                      
                    INFO     WAIT ALH conf=16 score=0.158 close=$23.88          
                             volRatio=0.41 ret5=6.37% brkDist=0.89% atr=3.28% ::
                             no breakout, weak momentum, low volume             
[02/10/26 15:10:33] INFO     WAIT ALHC conf=5 score=0.049 close=$20.76          
                             volRatio=0.74 ret5=-8.34% brkDist=13.03% atr=5.51% 
                             :: no breakout, weak momentum, low volume          
[02/10/26 15:10:34] INFO     WAIT ALK conf=76 score=0.759 close=$60.21          
                             volRatio=0.51 ret5=14.38% brkDist=-0.22% atr=4.48% 
                             :: low volume                                      
[02/10/26 15:10:35] INFO     WAIT ALKS conf=4 score=0.044 close=$34.84          
                             volRatio=0.66 ret5=-0.34% brkDist=1.29% atr=3.54%  
                             :: no breakout, weak momentum, low volume          
                    INFO     WAIT ALKT conf=6 score=0.058 close=$17.17          
                             volRatio=0.87 ret5=-14.06% brkDist=26.94% atr=8.08%
                             :: no breakout, weak momentum, low volume          
[02/10/26 15:10:36] INFO     WAIT ALLY conf=6 score=0.061 close=$42.04          
                             volRatio=0.92 ret5=-0.28% brkDist=9.55% atr=3.35%  
                             :: no breakout, weak momentum, low volume          
                    INFO     WAIT ALM conf=79 score=0.793 close=$14.83          
                             volRatio=0.64 ret5=30.66% brkDist=-4.88% atr=8.10% 
                             :: low volume                                      
[02/10/26 15:10:37] INFO     WAIT ALMS conf=4 score=0.037 close=$26.12          
                             volRatio=0.55 ret5=-1.14% brkDist=7.67% atr=7.33%  
                             :: no breakout, weak momentum, low volume          
                    INFO     WAIT ALMU conf=5 score=0.048 close=$14.90          
                             volRatio=0.72 ret5=-5.96% brkDist=38.43% atr=10.26%
                             :: no breakout, weak momentum, low volume          
[02/10/26 15:10:38] INFO     WAIT ALNT conf=66 score=0.658 close=$68.87         
                             volRatio=1.85 ret5=8.90% brkDist=-3.67% atr=4.66%  
                             :: weak momentum, low volume                       
                    INFO     WAIT ALT conf=5 score=0.046 close=$4.69            
                             volRatio=0.69 ret5=-15.50% brkDist=27.17%          
                             atr=12.43% :: no breakout, weak momentum, low      
                             volume                                             
[02/10/26 15:10:39] INFO     WAIT AMAL conf=56 score=0.562 close=$41.91         
                             volRatio=0.94 ret5=4.28% brkDist=-1.31% atr=3.55%  
                             :: weak momentum, low volume                       
[02/10/26 15:10:40] INFO     WAIT AMBA conf=5 score=0.050 close=$65.25          
                             volRatio=0.74 ret5=3.77% brkDist=8.74% atr=4.81% ::
                             no breakout, weak momentum, low volume             
                    INFO     WAIT AMBQ conf=5 score=0.052 close=$29.69          
                             volRatio=0.77 ret5=-3.73% brkDist=20.64% atr=7.55% 
                             :: no breakout, weak momentum, low volume          
[02/10/26 15:10:41] INFO     WAIT AMKR conf=20 score=0.199 close=$52.52         
                             volRatio=2.01 ret5=8.96% brkDist=4.80% atr=6.74% ::
                             no breakout, weak momentum, low volume             
[02/10/26 15:10:42] INFO     WAIT AMLX conf=2 score=0.020 close=$14.22          
                             volRatio=0.30 ret5=-3.07% brkDist=18.70% atr=7.11% 
                             :: no breakout, weak momentum, low volume          
                    INFO     WAIT AMN conf=4 score=0.039 close=$19.93           
                             volRatio=0.58 ret5=-8.28% brkDist=12.40% atr=5.39% 
                             :: no breakout, weak momentum, low volume          
[02/10/26 15:10:43] INFO     WAIT AMPH conf=11 score=0.114 close=$28.61         
                             volRatio=0.85 ret5=2.47% brkDist=3.08% atr=3.08% ::
                             no breakout, weak momentum, low volume             
                    INFO     WAIT AMPL conf=15 score=0.148 close=$7.25          
                             volRatio=2.22 ret5=-19.98% brkDist=35.22% atr=7.92%
                             :: no breakout, weak momentum, low volume          
[02/10/26 15:10:44] INFO     WAIT AMPX conf=5 score=0.050 close=$12.49          
                             volRatio=0.75 ret5=-5.02% brkDist=15.95% atr=11.31%
                             :: no breakout, weak momentum, low volume          
                    INFO     WAIT AMRC conf=9 score=0.089 close=$32.36          
                             volRatio=0.98 ret5=5.86% brkDist=4.85% atr=6.97% ::
                             no breakout, weak momentum, low volume             
[02/10/26 15:10:45] INFO     WAIT AMSC conf=7 score=0.067 close=$28.79          
                             volRatio=1.00 ret5=-4.10% brkDist=16.55% atr=8.69% 
                             :: no breakout, weak momentum, low volume          
[02/10/26 15:10:46] INFO     WAIT AMTB conf=17 score=0.174 close=$23.14         
                             volRatio=0.61 ret5=5.71% brkDist=1.45% atr=3.47% ::
                             no breakout, weak momentum, low volume             
                    INFO     WAIT AMWD conf=33 score=0.325 close=$66.84         
                             volRatio=2.00 ret5=8.23% brkDist=2.18% atr=3.52% ::
                             no breakout, weak momentum, low volume             
[02/10/26 15:10:47] INFO     WAIT ANAB conf=7 score=0.074 close=$49.95          
                             volRatio=1.11 ret5=-1.17% brkDist=4.00% atr=5.63%  
                             :: no breakout, weak momentum, low volume          
[02/10/26 15:10:49] INFO     WAIT ANGI conf=7 score=0.072 close=$11.69          
                             volRatio=1.08 ret5=-8.31% brkDist=17.09% atr=4.77% 
                             :: no breakout, weak momentum, low volume          
                    INFO     WAIT ANGO conf=9 score=0.094 close=$10.67          
                             volRatio=0.65 ret5=2.40% brkDist=3.87% atr=3.74% ::
                             no breakout, weak momentum, low volume             
[02/10/26 15:10:51] INFO     WAIT ANNX conf=5 score=0.050 close=$5.63           
                             volRatio=0.75 ret5=-11.76% brkDist=21.59% atr=7.67%
                             :: no breakout, weak momentum, low volume          
                    INFO     WAIT AORT conf=6 score=0.060 close=$39.61          
                             volRatio=0.90 ret5=-3.93% brkDist=12.77% atr=3.53% 
                             :: no breakout, weak momentum, low volume          
[02/10/26 15:10:52] INFO     WAIT AOSL conf=6 score=0.059 close=$20.98          
                             volRatio=0.88 ret5=-6.19% brkDist=11.68% atr=7.36% 
                             :: no breakout, weak momentum, low volume          
[02/10/26 15:10:53] INFO     WAIT APA conf=29 score=0.287 close=$27.49          
                             volRatio=0.73 ret5=6.18% brkDist=0.58% atr=3.98% ::
                             no breakout, weak momentum, low volume             
[02/10/26 15:10:54] INFO     WAIT APEI conf=12 score=0.123 close=$44.15         
                             volRatio=0.77 ret5=4.37% brkDist=3.37% atr=4.35% ::
                             no breakout, weak momentum, low volume             
                    INFO     WAIT APGE conf=6 score=0.056 close=$62.13          
                             volRatio=0.85 ret5=-5.33% brkDist=26.53% atr=7.30% 
                             :: no breakout, weak momentum, low volume          
[02/10/26 15:10:55] INFO     WAIT APLD conf=16 score=0.158 close=$38.26         
                             volRatio=1.04 ret5=9.94% brkDist=9.49% atr=12.35%  
                             :: no breakout, weak momentum, low volume          
                    INFO     WAIT APLS conf=6 score=0.055 close=$22.83          
                             volRatio=0.83 ret5=0.00% brkDist=16.86% atr=5.43%  
                             :: no breakout, weak momentum, low volume          
[02/10/26 15:10:56] INFO     WAIT APOG conf=42 score=0.417 close=$41.90         
                             volRatio=0.74 ret5=11.26% brkDist=0.29% atr=3.29%  
                             :: no breakout, weak momentum, low volume          
                    INFO     WAIT APPN conf=5 score=0.046 close=$25.43          
                             volRatio=0.69 ret5=-5.18% brkDist=27.47% atr=5.57% 
                             :: no breakout, weak momentum, low volume          
[02/10/26 15:10:57] INFO     WAIT APPS conf=7 score=0.067 close=$4.42           
                             volRatio=1.00 ret5=-12.30% brkDist=28.59%          
                             atr=10.71% :: no breakout, weak momentum, low      
                             volume                                             
[02/10/26 15:10:58] INFO     WAIT AQST conf=2 score=0.022 close=$3.94           
                             volRatio=0.33 ret5=-3.90% brkDist=10.25% atr=8.37% 
                             :: no breakout, weak momentum, low volume          
[02/10/26 15:10:59] INFO     WAIT AR conf=5 score=0.049 close=$34.24            
                             volRatio=0.73 ret5=1.90% brkDist=6.19% atr=4.26% ::
                             no breakout, weak momentum, low volume             
[02/10/26 15:11:00] INFO     WAIT ARDX conf=3 score=0.030 close=$7.33           
                             volRatio=0.45 ret5=-5.91% brkDist=12.74% atr=5.17% 
                             :: no breakout, weak momentum, low volume          
[02/10/26 15:11:01] INFO     WAIT ARHS conf=5 score=0.050 close=$10.69          
                             volRatio=0.49 ret5=0.75% brkDist=7.41% atr=4.42% ::
                             no breakout, weak momentum, low volume             
[02/10/26 15:11:03] INFO     WAIT ARLO conf=5 score=0.048 close=$12.48          
                             volRatio=0.71 ret5=-2.58% brkDist=12.48% atr=5.00% 
                             :: no breakout, weak momentum, low volume          
                    INFO     WAIT ARQQ conf=7 score=0.066 close=$18.50          
                             volRatio=0.98 ret5=-8.28% brkDist=34.32% atr=10.09%
                             :: no breakout, weak momentum, low volume          
[02/10/26 15:11:04] INFO     WAIT ARQT conf=7 score=0.074 close=$26.88          
                             volRatio=0.62 ret5=5.12% brkDist=12.59% atr=3.77%  
                             :: no breakout, weak momentum, low volume          
                    INFO     WAIT ARRY conf=15 score=0.147 close=$11.92         
                             volRatio=0.60 ret5=7.00% brkDist=1.12% atr=7.45% ::
                             no breakout, weak momentum, low volume             
[02/10/26 15:11:05] INFO     WAIT ARVN conf=5 score=0.047 close=$13.29          
                             volRatio=0.71 ret5=-3.90% brkDist=6.01% atr=5.37%  
                             :: no breakout, weak momentum, low volume          
[02/10/26 15:11:06] INFO     WAIT ARWR conf=11 score=0.114 close=$62.64         
                             volRatio=1.71 ret5=-14.19% brkDist=17.70% atr=6.76%
                             :: no breakout, weak momentum, low volume          
                    INFO     WAIT ARX conf=8 score=0.083 close=$11.39           
                             volRatio=1.24 ret5=-10.74% brkDist=29.65% atr=7.19%
                             :: no breakout, weak momentum, low volume          
                    INFO     WAIT AS conf=55 score=0.553 close=$39.54           
                             volRatio=2.03 ret5=4.13% brkDist=0.10% atr=4.03% ::
                             no breakout, weak momentum, low volume             
[02/10/26 15:11:08] INFO     WAIT ASAN conf=9 score=0.092 close=$8.22           
                             volRatio=1.37 ret5=-17.05% brkDist=38.57% atr=7.45%
                             :: no breakout, weak momentum, low volume          
                    INFO     WAIT ASGN conf=9 score=0.085 close=$50.06          
                             volRatio=1.28 ret5=-5.99% brkDist=8.88% atr=4.94%  
                             :: no breakout, weak momentum, low volume          
[02/10/26 15:11:09] INFO     WAIT ASIX conf=66 score=0.657 close=$18.86         
                             volRatio=0.97 ret5=14.86% brkDist=-0.16% atr=4.00% 
                             :: weak momentum, low volume                       
[02/10/26 15:11:10] INFO     WAIT ASO conf=13 score=0.125 close=$58.37          
                             volRatio=0.60 ret5=3.97% brkDist=3.23% atr=4.07% ::
                             no breakout, weak momentum, low volume             
                    INFO     WAIT ASPI conf=4 score=0.038 close=$5.73           
                             volRatio=0.57 ret5=-5.05% brkDist=33.37% atr=14.50%
                             :: no breakout, weak momentum, low volume          
[02/10/26 15:11:13] INFO     WAIT ASTE conf=53 score=0.529 close=$57.62         
                             volRatio=0.82 ret5=13.31% brkDist=0.45% atr=3.17%  
                             :: no breakout, low volume                         
                    INFO     WAIT ASTH conf=9 score=0.088 close=$18.59          
                             volRatio=1.32 ret5=-16.71% brkDist=36.62% atr=9.58%
                             :: no breakout, weak momentum, low volume          
[02/10/26 15:11:14] INFO     WAIT ASTL conf=76 score=0.759 close=$4.92          
                             volRatio=1.96 ret5=16.31% brkDist=-2.07% atr=6.60% 
                             :: weak momentum, low volume                       
                    INFO     WAIT ASYS conf=10 score=0.103 close=$12.56         
                             volRatio=1.54 ret5=-28.84% brkDist=32.44%          
                             atr=13.99% :: no breakout, weak momentum, low      
                             volume                                             
[02/10/26 15:11:15] INFO     WAIT ATAI conf=6 score=0.059 close=$3.94           
                             volRatio=0.68 ret5=2.47% brkDist=5.63% atr=6.04% ::
                             no breakout, weak momentum, low volume             
[02/10/26 15:11:16] INFO     WAIT ATEC conf=4 score=0.039 close=$13.51          
                             volRatio=0.58 ret5=-6.76% brkDist=40.98% atr=5.46% 
                             :: no breakout, weak momentum, low volume          
                    INFO     WAIT ATEX conf=16 score=0.158 close=$28.70         
                             volRatio=0.77 ret5=4.55% brkDist=5.19% atr=7.12% ::
                             no breakout, weak momentum, low volume             
[02/10/26 15:11:17] INFO     WAIT ATRC conf=4 score=0.038 close=$36.92          
                             volRatio=0.58 ret5=0.27% brkDist=13.54% atr=3.99%  
                             :: no breakout, weak momentum, low volume          
[02/10/26 15:11:18] INFO     WAIT ATRO conf=5 score=0.052 close=$77.72          
                             volRatio=0.73 ret5=0.54% brkDist=5.09% atr=4.78% ::
                             no breakout, weak momentum, low volume             
                    INFO     Done. Signals generated: 103                       
