[02/06/26 15:10:03] INFO     signals-bot starting                               
                    INFO     run_id=daily_close_scan-20260206T131003Z           
                    INFO     config=/Users/talshitrit/Workspace/Personal/trading
                             /trading-signals/config.yaml                       
                    INFO     Universe size: 114 tickers                         
[02/06/26 15:10:04] INFO     WAIT AA conf=6 score=0.055 close=$56.38            
                             volRatio=0.83 ret5=-7.03% brkDist=15.79% atr=6.47% 
                             :: no breakout, weak momentum, low volume          
[02/06/26 15:10:05] INFO     WAIT AAL conf=5 score=0.048 close=$14.16           
                             volRatio=0.72 ret5=4.81% brkDist=14.18% atr=4.06%  
                             :: no breakout, weak momentum, low volume          
                    INFO     WAIT AAMI conf=17 score=0.168 close=$48.52         
                             volRatio=2.53 ret5=-11.99% brkDist=14.06% atr=4.52%
                             :: no breakout, weak momentum                      
[02/06/26 15:10:06] INFO     WAIT AAOI conf=5 score=0.046 close=$38.13          
                             volRatio=0.69 ret5=-3.64% brkDist=22.36% atr=13.80%
                             :: no breakout, weak momentum, low volume          
[02/06/26 15:10:07] INFO     WAIT AAP conf=30 score=0.300 close=$52.93          
                             volRatio=1.00 ret5=10.00% brkDist=3.54% atr=5.12%  
                             :: no breakout, weak momentum, low volume          
                    INFO     WAIT ABAT conf=6 score=0.057 close=$3.53           
                             volRatio=0.86 ret5=-18.29% brkDist=33.77%          
                             atr=14.30% :: no breakout, weak momentum, low      
                             volume                                             
[02/06/26 15:10:08] INFO     WAIT ABCL conf=14 score=0.141 close=$2.78          
                             volRatio=2.12 ret5=-27.98% brkDist=42.68%          
                             atr=11.09% :: no breakout, weak momentum, low      
                             volume                                             
                    INFO     WAIT ABEO conf=7 score=0.065 close=$4.90           
                             volRatio=0.98 ret5=-3.54% brkDist=13.81% atr=5.45% 
                             :: no breakout, weak momentum, low volume          
[02/06/26 15:10:09] INFO     WAIT ABSI conf=11 score=0.114 close=$2.53          
                             volRatio=1.72 ret5=-16.50% brkDist=39.11% atr=7.96%
                             :: no breakout, weak momentum, low volume          
                    INFO     WAIT ABUS conf=6 score=0.060 close=$3.67           
                             volRatio=0.91 ret5=-11.14% brkDist=26.53% atr=9.36%
                             :: no breakout, weak momentum, low volume          
[02/06/26 15:10:10] INFO     WAIT ACAD conf=6 score=0.063 close=$23.46          
                             volRatio=0.95 ret5=-8.72% brkDist=15.64% atr=4.61% 
                             :: no breakout, weak momentum, low volume          
[02/06/26 15:10:11] INFO     WAIT ACHC conf=6 score=0.059 close=$13.43          
                             volRatio=0.89 ret5=2.91% brkDist=14.95% atr=7.69%  
                             :: no breakout, weak momentum, low volume          
                    INFO     WAIT ACHR conf=8 score=0.080 close=$6.49           
                             volRatio=1.19 ret5=-12.65% brkDist=30.14% atr=7.73%
                             :: no breakout, weak momentum, low volume          
[02/06/26 15:10:12] INFO     WAIT ACIW conf=9 score=0.091 close=$40.66          
                             volRatio=1.36 ret5=-5.88% brkDist=14.45% atr=3.93% 
                             :: no breakout, weak momentum, low volume          
                    INFO     WAIT ACLX conf=8 score=0.078 close=$66.94          
                             volRatio=1.18 ret5=-1.93% brkDist=12.50% atr=4.95% 
                             :: no breakout, weak momentum, low volume          
[02/06/26 15:10:13] INFO     WAIT ACMR conf=8 score=0.081 close=$54.39          
                             volRatio=1.22 ret5=-0.53% brkDist=16.05% atr=7.82% 
                             :: no breakout, weak momentum, low volume          
[02/06/26 15:10:14] INFO     WAIT ACRS conf=2 score=0.016 close=$3.39           
                             volRatio=0.23 ret5=-1.17% brkDist=30.67% atr=15.12%
                             :: no breakout, weak momentum, low volume          
                    INFO     WAIT ACVA conf=7 score=0.070 close=$7.05           
                             volRatio=1.05 ret5=-10.53% brkDist=22.27% atr=5.28%
                             :: no breakout, weak momentum, low volume          
[02/06/26 15:10:15] INFO     WAIT AD conf=2 score=0.024 close=$48.41            
                             volRatio=0.37 ret5=2.17% brkDist=20.40% atr=5.24%  
                             :: no breakout, weak momentum, low volume          
                    INFO     WAIT ADEA conf=8 score=0.083 close=$17.31          
                             volRatio=1.24 ret5=-4.42% brkDist=14.85% atr=4.51% 
                             :: no breakout, weak momentum, low volume          
[02/06/26 15:10:16] INFO     WAIT ADMA conf=6 score=0.059 close=$15.94          
                             volRatio=0.88 ret5=-6.29% brkDist=15.88% atr=4.81% 
                             :: no breakout, weak momentum, low volume          
[02/06/26 15:10:17] INFO     WAIT ADNT conf=74 score=0.738 close=$25.21         
                             volRatio=1.49 ret5=19.82% brkDist=-2.44% atr=4.90% 
                             :: low volume                                      
                    INFO     WAIT ADPT conf=9 score=0.087 close=$16.47          
                             volRatio=1.30 ret5=-10.34% brkDist=16.82% atr=6.54%
                             :: no breakout, weak momentum, low volume          
[02/06/26 15:10:18] INFO     WAIT ADTN conf=6 score=0.063 close=$9.39           
                             volRatio=0.95 ret5=0.21% brkDist=9.28% atr=4.60% ::
                             no breakout, weak momentum, low volume             
                    INFO     WAIT ADUR conf=6 score=0.061 close=$10.43          
                             volRatio=0.92 ret5=-27.42% brkDist=32.48%          
                             atr=12.02% :: no breakout, weak momentum, low      
                             volume                                             
[02/06/26 15:10:19] INFO     WAIT AEHR conf=4 score=0.044 close=$23.00          
                             volRatio=0.67 ret5=-14.43% brkDist=27.76%          
                             atr=12.32% :: no breakout, weak momentum, low      
                             volume                                             
[02/06/26 15:10:20] INFO     WAIT AEO conf=6 score=0.055 close=$23.09           
                             volRatio=0.83 ret5=-0.94% brkDist=18.41% atr=4.22% 
                             :: no breakout, weak momentum, low volume          
                    INFO     WAIT AES conf=15 score=0.146 close=$15.59          
                             volRatio=0.91 ret5=3.66% brkDist=3.71% atr=3.88% ::
                             no breakout, weak momentum, low volume             
[02/06/26 15:10:21] INFO     WAIT AESI conf=7 score=0.066 close=$11.19          
                             volRatio=0.99 ret5=-5.41% brkDist=9.90% atr=5.48%  
                             :: no breakout, weak momentum, low volume          
                    INFO     WAIT AEVA conf=4 score=0.041 close=$11.35          
                             volRatio=0.61 ret5=-14.34% brkDist=49.82%          
                             atr=14.70% :: no breakout, weak momentum, low      
                             volume                                             
[02/06/26 15:10:22] INFO     WAIT AFRM conf=14 score=0.137 close=$59.42         
                             volRatio=2.05 ret5=-5.38% brkDist=29.81% atr=6.18% 
                             :: no breakout, weak momentum, low volume          
[02/06/26 15:10:23] INFO     WAIT AG conf=5 score=0.049 close=$20.25            
                             volRatio=0.73 ret5=-19.55% brkDist=27.41%          
                             atr=10.50% :: no breakout, weak momentum, low      
                             volume                                             
                    INFO     WAIT AGI conf=9 score=0.091 close=$37.67           
                             volRatio=1.36 ret5=-10.57% brkDist=16.62% atr=6.81%
                             :: no breakout, weak momentum, low volume          
[02/06/26 15:10:24] INFO     WAIT AGIO conf=8 score=0.079 close=$26.57          
                             volRatio=1.19 ret5=-3.77% brkDist=11.23% atr=4.57% 
                             :: no breakout, weak momentum, low volume          
[02/06/26 15:10:25] INFO     WAIT AHCO conf=11 score=0.109 close=$10.49         
                             volRatio=1.63 ret5=7.15% brkDist=3.94% atr=3.91% ::
                             no breakout, weak momentum, low volume             
[02/06/26 15:10:26] INFO     WAIT AI conf=7 score=0.071 close=$10.15            
                             volRatio=1.06 ret5=-17.21% brkDist=29.90% atr=7.71%
                             :: no breakout, weak momentum, low volume          
                    INFO     WAIT AIP conf=6 score=0.058 close=$13.71           
                             volRatio=0.87 ret5=-12.45% brkDist=24.88% atr=7.33%
                             :: no breakout, weak momentum, low volume          
                    INFO     WAIT AIRO conf=6 score=0.064 close=$8.48           
                             volRatio=0.96 ret5=-22.34% brkDist=38.55%          
                             atr=10.77% :: no breakout, weak momentum, low      
                             volume                                             
[02/06/26 15:10:27] INFO     WAIT ALGM conf=10 score=0.099 close=$38.62         
                             volRatio=0.89 ret5=1.69% brkDist=5.53% atr=5.53% ::
                             no breakout, weak momentum, low volume             
[02/06/26 15:10:28] INFO     WAIT ALH conf=10 score=0.096 close=$22.61          
                             volRatio=0.71 ret5=3.67% brkDist=2.37% atr=3.41% ::
                             no breakout, weak momentum, low volume             
                    INFO     WAIT ALHC conf=5 score=0.047 close=$21.15          
                             volRatio=0.70 ret5=-6.00% brkDist=11.40% atr=5.38% 
                             :: no breakout, weak momentum, low volume          
[02/06/26 15:10:29] INFO     WAIT ALK conf=13 score=0.129 close=$55.26          
                             volRatio=0.65 ret5=3.68% brkDist=1.90% atr=4.57% ::
                             no breakout, weak momentum, low volume             
[02/06/26 15:10:30] INFO     WAIT ALKS conf=5 score=0.047 close=$33.55          
                             volRatio=0.71 ret5=-3.81% brkDist=4.94% atr=3.62%  
                             :: no breakout, weak momentum, low volume          
                    INFO     WAIT ALKT conf=6 score=0.062 close=$16.84          
                             volRatio=0.93 ret5=-20.53% brkDist=29.70% atr=8.08%
                             :: no breakout, weak momentum, low volume          
[02/06/26 15:10:31] INFO     WAIT ALLY conf=6 score=0.060 close=$42.13          
                             volRatio=0.91 ret5=-1.93% brkDist=10.36% atr=3.42% 
                             :: no breakout, weak momentum, low volume          
                    INFO     WAIT ALM conf=33 score=0.327 close=$12.70          
                             volRatio=1.05 ret5=11.01% brkDist=8.07% atr=9.00%  
                             :: no breakout, low volume                         
                    INFO     WAIT ALMS conf=2 score=0.024 close=$26.34          
                             volRatio=0.36 ret5=-1.86% brkDist=6.89% atr=7.65%  
                             :: no breakout, weak momentum, low volume          
[02/06/26 15:10:32] INFO     WAIT ALMU conf=6 score=0.062 close=$13.86          
                             volRatio=0.93 ret5=-19.28% brkDist=42.73%          
                             atr=11.78% :: no breakout, weak momentum, low      
                             volume                                             
[02/06/26 15:10:33] INFO     WAIT ALNT conf=12 score=0.117 close=$62.11         
                             volRatio=1.76 ret5=1.47% brkDist=5.35% atr=4.68% ::
                             no breakout, weak momentum, low volume             
                    INFO     WAIT ALT conf=5 score=0.049 close=$4.92            
                             volRatio=0.74 ret5=-3.53% brkDist=23.60% atr=11.67%
                             :: no breakout, weak momentum, low volume          
[02/06/26 15:10:34] INFO     WAIT AMAL conf=11 score=0.112 close=$40.23         
                             volRatio=0.63 ret5=3.00% brkDist=2.76% atr=3.44% ::
                             no breakout, weak momentum, low volume             
[02/06/26 15:10:35] INFO     WAIT AMBA conf=5 score=0.048 close=$59.45          
                             volRatio=0.72 ret5=-9.79% brkDist=25.51% atr=5.43% 
                             :: no breakout, weak momentum, low volume          
                    INFO     WAIT AMBQ conf=6 score=0.058 close=$28.72          
                             volRatio=0.87 ret5=-12.94% brkDist=23.23% atr=7.72%
                             :: no breakout, weak momentum, low volume          
[02/06/26 15:10:36] INFO     WAIT AMKR conf=8 score=0.077 close=$44.27          
                             volRatio=1.16 ret5=-11.46% brkDist=19.76% atr=7.36%
                             :: no breakout, weak momentum, low volume          
                    INFO     WAIT AMLX conf=4 score=0.035 close=$12.99          
                             volRatio=0.53 ret5=-12.53% brkDist=25.73% atr=9.06%
                             :: no breakout, weak momentum, low volume          
[02/06/26 15:10:37] INFO     WAIT AMN conf=12 score=0.123 close=$20.85          
                             volRatio=0.70 ret5=3.27% brkDist=8.35% atr=5.01% ::
                             no breakout, weak momentum, low volume             
                    INFO     WAIT AMPH conf=21 score=0.206 close=$28.63         
                             volRatio=0.87 ret5=9.48% brkDist=3.01% atr=3.17% ::
                             no breakout, weak momentum, low volume             
[02/06/26 15:10:38] INFO     WAIT AMPL conf=8 score=0.078 close=$7.31           
                             volRatio=1.17 ret5=-21.99% brkDist=38.78% atr=7.65%
                             :: no breakout, weak momentum, low volume          
                    INFO     WAIT AMPX conf=7 score=0.072 close=$10.58          
                             volRatio=1.08 ret5=-22.09% brkDist=28.80%          
                             atr=13.08% :: no breakout, weak momentum, low      
                             volume                                             
[02/06/26 15:10:39] INFO     WAIT AMRC conf=9 score=0.094 close=$26.63          
                             volRatio=1.42 ret5=-17.73% brkDist=21.70% atr=7.91%
                             :: no breakout, weak momentum, low volume          
[02/06/26 15:10:40] INFO     WAIT AMSC conf=24 score=0.241 close=$25.95         
                             volRatio=3.61 ret5=-17.49% brkDist=24.78% atr=9.15%
                             :: no breakout, weak momentum                      
                    INFO     WAIT AMTB conf=11 score=0.112 close=$22.99         
                             volRatio=0.85 ret5=5.80% brkDist=0.95% atr=3.47% ::
                             no breakout, weak momentum, low volume             
[02/06/26 15:10:41] INFO     WAIT AMWD conf=9 score=0.090 close=$65.18          
                             volRatio=0.95 ret5=11.34% brkDist=1.47% atr=3.57%  
                             :: no breakout, weak momentum, low volume          
                    INFO     WAIT ANAB conf=9 score=0.085 close=$47.90          
                             volRatio=1.24 ret5=0.10% brkDist=7.94% atr=5.62% ::
                             no breakout, weak momentum, low volume             
[02/06/26 15:10:42] INFO     WAIT ANDE conf=59 score=0.594 close=$65.77         
                             volRatio=1.04 ret5=5.33% brkDist=-0.75% atr=3.14%  
                             :: weak momentum, low volume                       
[02/06/26 15:10:43] INFO     WAIT ANGI conf=6 score=0.056 close=$11.45          
                             volRatio=0.84 ret5=-12.93% brkDist=21.49% atr=4.80%
                             :: no breakout, weak momentum, low volume          
[02/06/26 15:10:44] INFO     WAIT ANGO conf=5 score=0.047 close=$10.06          
                             volRatio=0.71 ret5=0.80% brkDist=12.13% atr=4.06%  
                             :: no breakout, weak momentum, low volume          
[02/06/26 15:10:45] INFO     WAIT ANNX conf=7 score=0.068 close=$5.63           
                             volRatio=1.03 ret5=-13.65% brkDist=21.59% atr=7.70%
                             :: no breakout, weak momentum, low volume          
[02/06/26 15:10:46] INFO     WAIT AORT conf=6 score=0.055 close=$39.46          
                             volRatio=0.83 ret5=-2.38% brkDist=13.24% atr=3.66% 
                             :: no breakout, weak momentum, low volume          
                    INFO     WAIT AOSL conf=11 score=0.112 close=$22.51         
                             volRatio=1.68 ret5=0.04% brkDist=5.21% atr=5.32% ::
                             no breakout, weak momentum, low volume             
[02/06/26 15:10:47] INFO     WAIT APA conf=8 score=0.080 close=$26.48           
                             volRatio=0.91 ret5=0.84% brkDist=3.76% atr=4.09% ::
                             no breakout, weak momentum, low volume             
[02/06/26 15:10:48] INFO     WAIT APEI conf=13 score=0.129 close=$44.28         
                             volRatio=1.64 ret5=4.76% brkDist=1.34% atr=4.04% ::
                             no breakout, weak momentum, low volume             
[02/06/26 15:10:49] INFO     WAIT APGE conf=5 score=0.045 close=$62.13          
                             volRatio=0.68 ret5=-11.22% brkDist=26.53% atr=7.52%
                             :: no breakout, weak momentum, low volume          
                    INFO     WAIT APLD conf=5 score=0.048 close=$27.84          
                             volRatio=0.72 ret5=-26.86% brkDist=34.13%          
                             atr=15.51% :: no breakout, weak momentum, low      
                             volume                                             
[02/06/26 15:10:50] INFO     WAIT APLS conf=5 score=0.049 close=$22.56          
                             volRatio=0.73 ret5=-2.13% brkDist=17.84% atr=5.55% 
                             :: no breakout, weak momentum, low volume          
                    INFO     WAIT APOG conf=24 score=0.242 close=$40.62         
                             volRatio=0.72 ret5=8.36% brkDist=0.49% atr=3.24% ::
                             no breakout, weak momentum, low volume             
[02/06/26 15:10:51] INFO     WAIT APPN conf=6 score=0.062 close=$24.89          
                             volRatio=0.93 ret5=-13.76% brkDist=30.30% atr=5.62%
                             :: no breakout, weak momentum, low volume          
[02/06/26 15:10:52] INFO     WAIT APPS conf=10 score=0.101 close=$4.24          
                             volRatio=1.51 ret5=-21.72% brkDist=31.58%          
                             atr=11.84% :: no breakout, weak momentum, low      
                             volume                                             
                    INFO     WAIT APTV conf=7 score=0.073 close=$79.72          
                             volRatio=0.71 ret5=1.13% brkDist=10.36% atr=3.88%  
                             :: no breakout, weak momentum, low volume          
[02/06/26 15:10:53] INFO     WAIT AQST conf=31 score=0.309 close=$3.84          
                             volRatio=0.40 ret5=21.52% brkDist=39.43% atr=8.31% 
                             :: no breakout, low volume                         
                    INFO     WAIT AR conf=4 score=0.042 close=$33.85            
                             volRatio=0.63 ret5=-4.11% brkDist=7.26% atr=4.39%  
                             :: no breakout, weak momentum, low volume          
[02/06/26 15:10:54] INFO     WAIT ARDX conf=6 score=0.061 close=$7.00           
                             volRatio=0.92 ret5=-10.83% brkDist=16.67% atr=6.30%
                             :: no breakout, weak momentum, low volume          
[02/06/26 15:10:55] INFO     WAIT ARHS conf=5 score=0.054 close=$10.71          
                             volRatio=0.81 ret5=7.96% brkDist=7.23% atr=4.51% ::
                             no breakout, weak momentum, low volume             
[02/06/26 15:10:56] INFO     WAIT ARLO conf=6 score=0.056 close=$12.02          
                             volRatio=0.83 ret5=-7.68% brkDist=15.71% atr=5.23% 
                             :: no breakout, weak momentum, low volume          
[02/06/26 15:10:57] INFO     WAIT ARQT conf=7 score=0.069 close=$26.07          
                             volRatio=1.03 ret5=1.32% brkDist=15.22% atr=3.68%  
                             :: no breakout, weak momentum, low volume          
                    INFO     WAIT ARRY conf=6 score=0.061 close=$11.13          
                             volRatio=0.91 ret5=-4.95% brkDist=7.67% atr=7.88%  
                             :: no breakout, weak momentum, low volume          
[02/06/26 15:10:58] INFO     WAIT ARVN conf=6 score=0.057 close=$12.96          
                             volRatio=0.86 ret5=-3.14% brkDist=8.35% atr=5.30%  
                             :: no breakout, weak momentum, low volume          
                    INFO     WAIT ARWR conf=9 score=0.091 close=$64.64          
                             volRatio=1.36 ret5=-6.48% brkDist=15.07% atr=6.34% 
                             :: no breakout, weak momentum, low volume          
[02/06/26 15:10:59] INFO     WAIT ARX conf=9 score=0.092 close=$11.79           
                             volRatio=1.37 ret5=-14.75% brkDist=27.18% atr=7.10%
                             :: no breakout, weak momentum, low volume          
                    INFO     WAIT AS conf=9 score=0.094 close=$35.73            
                             volRatio=1.41 ret5=-4.31% brkDist=10.68% atr=4.02% 
                             :: no breakout, weak momentum, low volume          
[02/06/26 15:11:00] INFO     WAIT ASAN conf=10 score=0.096 close=$8.46          
                             volRatio=1.44 ret5=-18.73% brkDist=37.89% atr=6.99%
                             :: no breakout, weak momentum, low volume          
[02/06/26 15:11:01] INFO     WAIT ASGN conf=27 score=0.266 close=$53.07         
                             volRatio=1.78 ret5=6.89% brkDist=0.60% atr=4.47% ::
                             no breakout, weak momentum, low volume             
                    INFO     WAIT ASIX conf=13 score=0.131 close=$17.84         
                             volRatio=0.95 ret5=11.15% brkDist=5.26% atr=4.30%  
                             :: no breakout, weak momentum, low volume          
[02/06/26 15:11:02] INFO     WAIT ASO conf=6 score=0.062 close=$57.12           
                             volRatio=0.89 ret5=3.18% brkDist=5.31% atr=4.10% ::
                             no breakout, weak momentum, low volume             
                    INFO     WAIT ASPI conf=5 score=0.050 close=$5.21           
                             volRatio=0.75 ret5=-27.97% brkDist=39.36%          
                             atr=15.90% :: no breakout, weak momentum, low      
                             volume                                             
[02/06/26 15:11:03] INFO     WAIT ASTE conf=37 score=0.365 close=$54.68         
                             volRatio=1.41 ret5=12.93% brkDist=0.56% atr=3.07%  
                             :: no breakout, weak momentum, low volume          
[02/06/26 15:11:04] INFO     WAIT ASTH conf=5 score=0.053 close=$21.71          
                             volRatio=0.79 ret5=-3.12% brkDist=25.98% atr=7.39% 
                             :: no breakout, weak momentum, low volume          
                    INFO     WAIT ASTL conf=5 score=0.048 close=$4.32           
                             volRatio=0.72 ret5=-2.92% brkDist=10.37% atr=7.06% 
                             :: no breakout, weak momentum, low volume          
[02/06/26 15:11:05] INFO     WAIT ASYS conf=7 score=0.065 close=$15.87          
                             volRatio=0.98 ret5=-8.74% brkDist=14.63% atr=8.92% 
                             :: no breakout, weak momentum, low volume          
[02/06/26 15:11:06] INFO     WAIT ATAI conf=10 score=0.097 close=$3.41          
                             volRatio=1.46 ret5=-11.20% brkDist=18.22% atr=6.74%
                             :: no breakout, weak momentum, low volume          
                    INFO     WAIT ATEC conf=5 score=0.051 close=$13.50          
                             volRatio=0.76 ret5=-9.09% brkDist=42.04% atr=5.60% 
                             :: no breakout, weak momentum, low volume          
[02/06/26 15:11:07] INFO     WAIT ATEX conf=7 score=0.071 close=$25.98          
                             volRatio=1.07 ret5=-2.33% brkDist=14.17% atr=7.17% 
                             :: no breakout, weak momentum, low volume          
[02/06/26 15:11:08] INFO     WAIT ATRC conf=5 score=0.053 close=$36.20          
                             volRatio=0.80 ret5=-2.03% brkDist=16.16% atr=4.46% 
                             :: no breakout, weak momentum, low volume          
                    INFO     WAIT ATRO conf=5 score=0.047 close=$73.40          
                             volRatio=0.71 ret5=-4.43% brkDist=10.37% atr=4.88% 
                             :: no breakout, weak momentum, low volume          
[02/06/26 15:11:09] INFO     Done. Signals generated: 104                       
