[02/05/26 15:10:03] INFO     signals-bot starting                               
                    INFO     run_id=daily_close_scan-20260205T131003Z           
                    INFO     config=/Users/talshitrit/Workspace/Personal/trading
                             /trading-signals/config.yaml                       
                    INFO     Universe size: 114 tickers                         
[02/05/26 15:10:05] INFO     WAIT AA conf=8 score=0.078 close=$58.16            
                             volRatio=1.17 ret5=-3.08% brkDist=13.13% atr=6.05% 
                             :: no breakout, weak momentum, low volume          
                    INFO     WAIT AAL conf=7 score=0.069 close=$14.43           
                             volRatio=1.03 ret5=7.37% brkDist=12.55% atr=4.00%  
                             :: no breakout, weak momentum, low volume          
[02/05/26 15:10:06] INFO     WAIT AAMI conf=12 score=0.116 close=$52.51         
                             volRatio=1.74 ret5=-5.03% brkDist=7.00% atr=3.59%  
                             :: no breakout, weak momentum, low volume          
                    INFO     WAIT AAOI conf=9 score=0.086 close=$39.90          
                             volRatio=1.28 ret5=-11.78% brkDist=18.75%          
                             atr=13.34% :: no breakout, weak momentum, low      
                             volume                                             
[02/05/26 15:10:07] INFO     WAIT AAP conf=74 score=0.739 close=$54.52          
                             volRatio=1.60 ret5=9.94% brkDist=-6.36% atr=4.86%  
                             :: weak momentum, low volume                       
[02/05/26 15:10:08] INFO     WAIT ABAT conf=5 score=0.048 close=$4.04           
                             volRatio=0.71 ret5=-11.79% brkDist=24.20%          
                             atr=12.50% :: no breakout, weak momentum, low      
                             volume                                             
                    INFO     WAIT ABCL conf=9 score=0.088 close=$3.27           
                             volRatio=1.32 ret5=-16.15% brkDist=32.58% atr=8.84%
                             :: no breakout, weak momentum, low volume          
[02/05/26 15:10:09] INFO     WAIT ABEO conf=6 score=0.061 close=$5.08           
                             volRatio=0.91 ret5=5.18% brkDist=10.64% atr=5.49%  
                             :: no breakout, weak momentum, low volume          
                    INFO     WAIT ABSI conf=8 score=0.078 close=$2.91           
                             volRatio=1.17 ret5=-1.02% brkDist=29.96% atr=6.66% 
                             :: no breakout, weak momentum, low volume          
[02/05/26 15:10:10] INFO     WAIT ABUS conf=4 score=0.042 close=$3.88           
                             volRatio=0.63 ret5=-6.28% brkDist=22.32% atr=8.58% 
                             :: no breakout, weak momentum, low volume          
[02/05/26 15:10:11] INFO     WAIT ACAD conf=8 score=0.077 close=$24.23          
                             volRatio=1.16 ret5=-5.43% brkDist=12.87% atr=4.27% 
                             :: no breakout, weak momentum, low volume          
                    INFO     WAIT ACHC conf=8 score=0.077 close=$13.55          
                             volRatio=1.15 ret5=0.82% brkDist=14.19% atr=7.49%  
                             :: no breakout, weak momentum, low volume          
[02/05/26 15:10:12] INFO     WAIT ACHR conf=5 score=0.052 close=$6.95           
                             volRatio=0.78 ret5=-10.09% brkDist=25.19% atr=7.19%
                             :: no breakout, weak momentum, low volume          
[02/05/26 15:10:13] INFO     WAIT ACIW conf=8 score=0.080 close=$40.97          
                             volRatio=1.20 ret5=-5.82% brkDist=13.80% atr=4.01% 
                             :: no breakout, weak momentum, low volume          
                    INFO     WAIT ACLX conf=6 score=0.062 close=$69.38          
                             volRatio=0.76 ret5=1.82% brkDist=9.31% atr=4.51% ::
                             no breakout, weak momentum, low volume             
[02/05/26 15:10:14] INFO     WAIT ACMR conf=12 score=0.121 close=$56.51         
                             volRatio=1.36 ret5=1.29% brkDist=12.78% atr=7.24%  
                             :: no breakout, weak momentum, low volume          
                    INFO     WAIT ACRS conf=2 score=0.019 close=$3.54           
                             volRatio=0.29 ret5=0.85% brkDist=27.61% atr=14.18% 
                             :: no breakout, weak momentum, low volume          
                    INFO     WAIT ACVA conf=14 score=0.137 close=$7.53          
                             volRatio=2.05 ret5=-6.34% brkDist=16.98% atr=4.75% 
                             :: no breakout, weak momentum, low volume          
[02/05/26 15:10:15] INFO     WAIT AD conf=3 score=0.028 close=$49.61            
                             volRatio=0.42 ret5=6.48% brkDist=18.43% atr=5.20%  
                             :: no breakout, weak momentum, low volume          
[02/05/26 15:10:16] INFO     WAIT ADEA conf=9 score=0.091 close=$17.50          
                             volRatio=1.37 ret5=-4.74% brkDist=13.92% atr=4.38% 
                             :: no breakout, weak momentum, low volume          
                    INFO     WAIT ADMA conf=5 score=0.053 close=$16.49          
                             volRatio=0.79 ret5=0.98% brkDist=12.98% atr=4.53%  
                             :: no breakout, weak momentum, low volume          
[02/05/26 15:10:17] INFO     WAIT ADNT conf=64 score=0.643 close=$24.26         
                             volRatio=1.64 ret5=12.37% brkDist=-2.10% atr=4.90% 
                             :: weak momentum, low volume                       
[02/05/26 15:10:18] INFO     WAIT ADPT conf=8 score=0.076 close=$17.30          
                             volRatio=1.14 ret5=-6.49% brkDist=12.63% atr=5.90% 
                             :: no breakout, weak momentum, low volume          
                    INFO     WAIT ADTN conf=6 score=0.059 close=$9.47           
                             volRatio=0.89 ret5=-1.35% brkDist=8.50% atr=4.71%  
                             :: no breakout, weak momentum, low volume          
[02/05/26 15:10:19] INFO     WAIT ADUR conf=7 score=0.068 close=$11.52          
                             volRatio=1.02 ret5=-20.99% brkDist=25.42%          
                             atr=11.02% :: no breakout, weak momentum, low      
                             volume                                             
[02/05/26 15:10:20] INFO     WAIT AEHR conf=6 score=0.060 close=$23.83          
                             volRatio=0.90 ret5=-14.83% brkDist=25.15%          
                             atr=11.74% :: no breakout, weak momentum, low      
                             volume                                             
[02/05/26 15:10:21] INFO     WAIT AEO conf=5 score=0.048 close=$24.18           
                             volRatio=0.72 ret5=4.54% brkDist=15.04% atr=3.71%  
                             :: no breakout, weak momentum, low volume          
[02/05/26 15:10:23] INFO     WAIT AES conf=16 score=0.161 close=$15.75          
                             volRatio=1.12 ret5=3.69% brkDist=2.72% atr=3.93% ::
                             no breakout, weak momentum, low volume             
                    INFO     WAIT AESI conf=11 score=0.106 close=$11.86         
                             volRatio=1.05 ret5=1.54% brkDist=4.51% atr=5.05% ::
                             no breakout, weak momentum, low volume             
[02/05/26 15:10:24] INFO     WAIT AEVA conf=5 score=0.047 close=$12.57          
                             volRatio=0.71 ret5=-12.71% brkDist=44.43%          
                             atr=14.30% :: no breakout, weak momentum, low      
                             volume                                             
                    INFO     WAIT AFRM conf=9 score=0.094 close=$62.16          
                             volRatio=1.40 ret5=-4.90% brkDist=26.57% atr=5.74% 
                             :: no breakout, weak momentum, low volume          
[02/05/26 15:10:25] INFO     WAIT AG conf=7 score=0.072 close=$22.43            
                             volRatio=1.07 ret5=-14.49% brkDist=19.59% atr=9.19%
                             :: no breakout, weak momentum, low volume          
[02/05/26 15:10:26] INFO     WAIT AGI conf=17 score=0.170 close=$40.48          
                             volRatio=2.55 ret5=-8.89% brkDist=10.40% atr=6.63% 
                             :: no breakout, weak momentum                      
                    INFO     WAIT AGIO conf=7 score=0.068 close=$27.70          
                             volRatio=1.02 ret5=-2.15% brkDist=7.45% atr=4.26%  
                             :: no breakout, weak momentum, low volume          
[02/05/26 15:10:27] INFO     WAIT AGRO conf=4 score=0.039 close=$8.71           
                             volRatio=0.58 ret5=-2.90% brkDist=5.68% atr=3.27%  
                             :: no breakout, weak momentum, low volume          
[02/05/26 15:10:28] INFO     WAIT AHCO conf=7 score=0.072 close=$10.03          
                             volRatio=1.08 ret5=4.26% brkDist=8.15% atr=3.90% ::
                             no breakout, weak momentum, low volume             
                    INFO     WAIT AI conf=8 score=0.077 close=$11.11            
                             volRatio=1.16 ret5=-15.38% brkDist=23.27% atr=6.64%
                             :: no breakout, weak momentum, low volume          
                    INFO     WAIT AIP conf=9 score=0.089 close=$14.19           
                             volRatio=1.34 ret5=-11.97% brkDist=22.25% atr=7.32%
                             :: no breakout, weak momentum, low volume          
[02/05/26 15:10:29] INFO     WAIT AIRO conf=5 score=0.047 close=$9.55           
                             volRatio=0.70 ret5=-15.86% brkDist=30.80% atr=9.40%
                             :: no breakout, weak momentum, low volume          
[02/05/26 15:10:30] INFO     WAIT ALGM conf=27 score=0.270 close=$38.20         
                             volRatio=1.15 ret5=10.56% brkDist=4.24% atr=5.55%  
                             :: no breakout, weak momentum, low volume          
                    INFO     WAIT ALH conf=29 score=0.291 close=$22.83          
                             volRatio=0.49 ret5=5.99% brkDist=0.46% atr=3.41% ::
                             no breakout, weak momentum, low volume             
[02/05/26 15:10:31] INFO     WAIT ALHC conf=7 score=0.073 close=$21.33          
                             volRatio=1.10 ret5=-3.40% brkDist=10.64% atr=5.57% 
                             :: no breakout, weak momentum, low volume          
                    INFO     WAIT ALK conf=45 score=0.454 close=$56.14          
                             volRatio=0.81 ret5=7.20% brkDist=0.34% atr=4.55% ::
                             no breakout, weak momentum, low volume             
[02/05/26 15:10:32] INFO     WAIT ALKS conf=6 score=0.056 close=$34.13          
                             volRatio=0.65 ret5=0.68% brkDist=3.30% atr=3.58% ::
                             no breakout, weak momentum, low volume             
                    INFO     WAIT ALKT conf=11 score=0.108 close=$17.83         
                             volRatio=1.62 ret5=-20.44% brkDist=27.12% atr=7.55%
                             :: no breakout, weak momentum, low volume          
[02/05/26 15:10:33] INFO     WAIT ALLY conf=10 score=0.095 close=$43.34         
                             volRatio=0.93 ret5=2.46% brkDist=8.31% atr=3.08% ::
                             no breakout, weak momentum, low volume             
                    INFO     WAIT ALM conf=32 score=0.316 close=$13.36          
                             volRatio=1.13 ret5=10.32% brkDist=1.76% atr=8.22%  
                             :: no breakout, low volume                         
[02/05/26 15:10:34] INFO     WAIT ALMS conf=2 score=0.015 close=$26.35          
                             volRatio=0.23 ret5=-4.91% brkDist=6.86% atr=7.55%  
                             :: no breakout, weak momentum, low volume          
                    INFO     WAIT ALMU conf=9 score=0.085 close=$14.76          
                             volRatio=1.28 ret5=-13.94% brkDist=39.01%          
                             atr=11.56% :: no breakout, weak momentum, low      
                             volume                                             
[02/05/26 15:10:35] INFO     WAIT ALNT conf=6 score=0.062 close=$61.69          
                             volRatio=0.93 ret5=3.01% brkDist=5.69% atr=4.49% ::
                             no breakout, weak momentum, low volume             
                    INFO     WAIT ALT conf=5 score=0.048 close=$5.13            
                             volRatio=0.64 ret5=0.20% brkDist=20.34% atr=11.12% 
                             :: no breakout, weak momentum, low volume          
[02/05/26 15:10:36] INFO     WAIT AMAL conf=23 score=0.234 close=$40.52         
                             volRatio=0.85 ret5=7.62% brkDist=0.89% atr=3.44% ::
                             no breakout, weak momentum, low volume             
[02/05/26 15:10:37] INFO     WAIT AMBA conf=5 score=0.051 close=$60.75          
                             volRatio=0.77 ret5=-8.91% brkDist=25.32% atr=5.35% 
                             :: no breakout, weak momentum, low volume          
                    INFO     WAIT AMBQ conf=6 score=0.058 close=$29.50          
                             volRatio=0.88 ret5=-9.70% brkDist=21.14% atr=7.79% 
                             :: no breakout, weak momentum, low volume          
[02/05/26 15:10:38] INFO     WAIT AMKR conf=9 score=0.093 close=$43.87          
                             volRatio=1.39 ret5=-13.91% brkDist=20.48% atr=7.96%
                             :: no breakout, weak momentum, low volume          
                    INFO     WAIT AMLX conf=3 score=0.030 close=$13.88          
                             volRatio=0.44 ret5=-4.31% brkDist=20.64% atr=8.37% 
                             :: no breakout, weak momentum, low volume          
[02/05/26 15:10:39] INFO     WAIT AMN conf=11 score=0.111 close=$21.05          
                             volRatio=0.70 ret5=2.73% brkDist=7.47% atr=5.76% ::
                             no breakout, weak momentum, low volume             
                    INFO     WAIT AMPH conf=22 score=0.217 close=$28.61         
                             volRatio=1.14 ret5=9.53% brkDist=3.08% atr=3.43% ::
                             no breakout, weak momentum, low volume             
[02/05/26 15:10:40] INFO     WAIT AMPL conf=11 score=0.109 close=$7.91          
                             volRatio=1.64 ret5=-20.10% brkDist=33.75% atr=7.16%
                             :: no breakout, weak momentum, low volume          
                    INFO     WAIT AMPX conf=19 score=0.188 close=$12.40         
                             volRatio=1.59 ret5=3.51% brkDist=16.55% atr=10.49% 
                             :: no breakout, weak momentum, low volume          
[02/05/26 15:10:41] INFO     WAIT AMRC conf=4 score=0.041 close=$30.03          
                             volRatio=0.61 ret5=-9.85% brkDist=11.70% atr=6.45% 
                             :: no breakout, weak momentum, low volume          
[02/05/26 15:10:42] INFO     WAIT AMSC conf=15 score=0.152 close=$27.61         
                             volRatio=2.28 ret5=-13.23% brkDist=19.97% atr=7.06%
                             :: no breakout, weak momentum, low volume          
                    INFO     WAIT AMTB conf=58 score=0.579 close=$22.75         
                             volRatio=1.44 ret5=8.96% brkDist=-0.18% atr=3.54%  
                             :: weak momentum, low volume                       
[02/05/26 15:10:43] INFO     WAIT AMWD conf=60 score=0.602 close=$65.89         
                             volRatio=2.23 ret5=13.66% brkDist=-0.40% atr=3.59% 
                             :: weak momentum, low volume                       
                    INFO     WAIT ANAB conf=11 score=0.112 close=$48.38         
                             volRatio=1.00 ret5=1.96% brkDist=7.02% atr=5.91% ::
                             no breakout, weak momentum, low volume             
[02/05/26 15:10:44] INFO     WAIT ANDE conf=16 score=0.158 close=$64.67         
                             volRatio=1.22 ret5=6.00% brkDist=0.93% atr=3.02% ::
                             no breakout, weak momentum, low volume             
[02/05/26 15:10:45] INFO     WAIT ANGI conf=6 score=0.064 close=$11.98          
                             volRatio=0.95 ret5=-11.06% brkDist=17.86% atr=4.42%
                             :: no breakout, weak momentum, low volume          
[02/05/26 15:10:46] INFO     WAIT ANGO conf=4 score=0.036 close=$10.49          
                             volRatio=0.54 ret5=4.80% brkDist=20.73% atr=3.93%  
                             :: no breakout, weak momentum, low volume          
[02/05/26 15:10:47] INFO     WAIT ANNX conf=5 score=0.053 close=$6.04           
                             volRatio=0.80 ret5=-3.97% brkDist=15.88% atr=6.97% 
                             :: no breakout, weak momentum, low volume          
[02/05/26 15:10:48] INFO     WAIT AORT conf=7 score=0.067 close=$40.07          
                             volRatio=1.01 ret5=-2.95% brkDist=12.87% atr=3.59% 
                             :: no breakout, weak momentum, low volume          
[02/05/26 15:10:49] INFO     WAIT AOSL conf=10 score=0.099 close=$22.27         
                             volRatio=1.48 ret5=-0.89% brkDist=6.22% atr=5.21%  
                             :: no breakout, weak momentum, low volume          
[02/05/26 15:10:50] INFO     WAIT APA conf=35 score=0.350 close=$27.38          
                             volRatio=1.51 ret5=5.27% brkDist=0.40% atr=3.82% ::
                             no breakout, weak momentum, low volume             
[02/05/26 15:10:51] INFO     WAIT APEI conf=10 score=0.104 close=$43.01         
                             volRatio=1.33 ret5=3.74% brkDist=4.17% atr=4.20% ::
                             no breakout, weak momentum, low volume             
[02/05/26 15:10:52] INFO     WAIT APGE conf=5 score=0.047 close=$64.88          
                             volRatio=0.70 ret5=-8.22% brkDist=23.27% atr=6.88% 
                             :: no breakout, weak momentum, low volume          
                    INFO     WAIT APLD conf=6 score=0.062 close=$31.54          
                             volRatio=0.94 ret5=-21.58% brkDist=25.38%          
                             atr=13.26% :: no breakout, weak momentum, low      
                             volume                                             
[02/05/26 15:10:53] INFO     WAIT APLS conf=5 score=0.046 close=$23.15          
                             volRatio=0.56 ret5=0.35% brkDist=15.69% atr=5.02%  
                             :: no breakout, weak momentum, low volume          
[02/05/26 15:10:54] INFO     WAIT APOG conf=45 score=0.453 close=$40.50         
                             volRatio=0.89 ret5=6.41% brkDist=0.12% atr=3.48% ::
                             no breakout, weak momentum, low volume             
                    INFO     WAIT APPN conf=9 score=0.092 close=$26.07          
                             volRatio=1.38 ret5=-13.70% brkDist=27.00% atr=5.65%
                             :: no breakout, weak momentum, low volume          
[02/05/26 15:10:55] INFO     WAIT APPS conf=25 score=0.250 close=$4.69          
                             volRatio=4.22 ret5=-14.26% brkDist=18.15%          
                             atr=10.14% :: no breakout, weak momentum           
[02/05/26 15:10:56] INFO     WAIT AQST conf=32 score=0.324 close=$4.00          
                             volRatio=0.42 ret5=23.46% brkDist=37.11% atr=7.94% 
                             :: no breakout, low volume                         
                    INFO     WAIT AR conf=6 score=0.063 close=$34.22            
                             volRatio=0.95 ret5=-0.70% brkDist=6.25% atr=4.36%  
                             :: no breakout, weak momentum, low volume          
[02/05/26 15:10:57] INFO     WAIT ARDX conf=3 score=0.031 close=$7.38           
                             volRatio=0.47 ret5=-6.11% brkDist=12.14% atr=6.00% 
                             :: no breakout, weak momentum, low volume          
[02/05/26 15:10:58] INFO     WAIT AREC conf=7 score=0.068 close=$2.98           
                             volRatio=1.01 ret5=-25.31% brkDist=37.92%          
                             atr=17.97% :: no breakout, weak momentum, low      
                             volume                                             
                    INFO     WAIT ARHS conf=13 score=0.125 close=$10.99         
                             volRatio=0.95 ret5=10.01% brkDist=4.81% atr=4.43%  
                             :: no breakout, weak momentum, low volume          
[02/05/26 15:10:59] INFO     WAIT ARLO conf=12 score=0.117 close=$12.74         
                             volRatio=1.76 ret5=-1.01% brkDist=10.66% atr=4.73% 
                             :: no breakout, weak momentum, low volume          
                    INFO     WAIT ARQQ conf=8 score=0.083 close=$18.32          
                             volRatio=1.24 ret5=-20.66% brkDist=36.03%          
                             atr=10.06% :: no breakout, weak momentum, low      
                             volume                                             
[02/05/26 15:11:00] INFO     WAIT ARQT conf=10 score=0.103 close=$26.08         
                             volRatio=1.54 ret5=2.48% brkDist=15.19% atr=3.72%  
                             :: no breakout, weak momentum, low volume          
                    INFO     WAIT ARRY conf=37 score=0.366 close=$11.96         
                             volRatio=1.13 ret5=2.49% brkDist=0.33% atr=7.11% ::
                             no breakout, weak momentum, low volume             
[02/05/26 15:11:01] INFO     WAIT ARVN conf=16 score=0.160 close=$13.39         
                             volRatio=1.16 ret5=3.56% brkDist=5.30% atr=4.92% ::
                             no breakout, weak momentum, low volume             
                    INFO     WAIT ARWR conf=7 score=0.067 close=$68.06          
                             volRatio=0.85 ret5=3.78% brkDist=11.33% atr=5.69%  
                             :: no breakout, weak momentum, low volume          
[02/05/26 15:11:02] INFO     WAIT ARX conf=11 score=0.105 close=$12.06          
                             volRatio=1.58 ret5=-13.17% brkDist=25.51% atr=7.09%
                             :: no breakout, weak momentum, low volume          
                    INFO     WAIT AS conf=7 score=0.074 close=$36.34            
                             volRatio=1.11 ret5=-2.31% brkDist=9.15% atr=3.82%  
                             :: no breakout, weak momentum, low volume          
[02/05/26 15:11:03] INFO     WAIT ASAN conf=10 score=0.100 close=$9.10          
                             volRatio=1.49 ret5=-18.09% brkDist=33.19% atr=6.42%
                             :: no breakout, weak momentum, low volume          
                    INFO     WAIT ASGN conf=46 score=0.461 close=$53.28         
                             volRatio=1.44 ret5=8.05% brkDist=0.21% atr=3.93% ::
                             no breakout, weak momentum, low volume             
[02/05/26 15:11:04] INFO     WAIT ASIX conf=18 score=0.179 close=$18.16         
                             volRatio=1.12 ret5=10.93% brkDist=3.56% atr=4.28%  
                             :: no breakout, weak momentum, low volume          
                    INFO     WAIT ASO conf=38 score=0.375 close=$59.53          
                             volRatio=0.92 ret5=7.98% brkDist=0.23% atr=3.82% ::
                             no breakout, weak momentum, low volume             
[02/05/26 15:11:05] INFO     WAIT ASPI conf=6 score=0.062 close=$5.80           
                             volRatio=0.93 ret5=-26.89% brkDist=32.50%          
                             atr=14.27% :: no breakout, weak momentum, low      
                             volume                                             
[02/05/26 15:11:06] INFO     WAIT ASTE conf=64 score=0.638 close=$54.46         
                             volRatio=1.49 ret5=14.29% brkDist=-2.75% atr=3.10% 
                             :: weak momentum, low volume                       
                    INFO     WAIT ASTH conf=7 score=0.072 close=$22.03          
                             volRatio=1.09 ret5=0.14% brkDist=24.89% atr=7.66%  
                             :: no breakout, weak momentum, low volume          
[02/05/26 15:11:07] INFO     WAIT ASTL conf=8 score=0.081 close=$4.61           
                             volRatio=0.98 ret5=0.66% brkDist=4.36% atr=6.49% ::
                             no breakout, weak momentum, low volume             
[02/05/26 15:11:08] INFO     WAIT ASYS conf=6 score=0.063 close=$15.75          
                             volRatio=0.95 ret5=-13.84% brkDist=15.28% atr=8.99%
                             :: no breakout, weak momentum, low volume          
                    INFO     WAIT ATAI conf=7 score=0.071 close=$3.61           
                             volRatio=1.07 ret5=-6.72% brkDist=13.43% atr=6.05% 
                             :: no breakout, weak momentum, low volume          
[02/05/26 15:11:09] INFO     WAIT ATEC conf=4 score=0.045 close=$14.06          
                             volRatio=0.67 ret5=-7.86% brkDist=39.63% atr=5.77% 
                             :: no breakout, weak momentum, low volume          
                    INFO     WAIT ATEX conf=10 score=0.103 close=$27.16         
                             volRatio=1.54 ret5=-2.69% brkDist=10.27% atr=6.69% 
                             :: no breakout, weak momentum, low volume          
[02/05/26 15:11:10] INFO     WAIT ATRC conf=6 score=0.064 close=$36.80          
                             volRatio=0.96 ret5=-2.57% brkDist=14.78% atr=4.90% 
                             :: no breakout, weak momentum, low volume          
[02/05/26 15:11:11] INFO     WAIT ATRO conf=8 score=0.078 close=$74.37          
                             volRatio=1.17 ret5=-2.90% brkDist=9.18% atr=4.82%  
                             :: no breakout, weak momentum, low volume          
                    INFO     Done. Signals generated: 106                       
[02/05/26 19:36:21] INFO     signals-bot starting                                                                                                                      
                    INFO     run_id=daily_close_scan-20260205T173621Z                                                                                                  
                    INFO     config=/Users/talshitrit/Workspace/Personal/trading/trading-signals/config.yaml                                                           
                    INFO     Universe size: 114 tickers                                                                                                                
[02/05/26 19:36:22] INFO     WAIT AA conf=2 score=0.020 close=$56.87 volRatio=0.30 ret5=-6.23% brkDist=15.06% atr=6.42% :: no breakout, weak momentum, low volume      
[02/05/26 19:36:23] INFO     WAIT AAL conf=2 score=0.017 close=$14.19 volRatio=0.26 ret5=5.03% brkDist=14.00% atr=4.05% :: no breakout, weak momentum, low volume      
                    INFO     WAIT AAMI conf=4 score=0.037 close=$48.45 volRatio=0.55 ret5=-12.12% brkDist=14.19% atr=4.53% :: no breakout, weak momentum, low volume   
[02/05/26 19:36:24] INFO     WAIT AAOI conf=2 score=0.018 close=$39.33 volRatio=0.27 ret5=-0.61% brkDist=19.91% atr=13.38% :: no breakout, weak momentum, low volume   
[02/05/26 19:36:25] INFO     WAIT AAP conf=25 score=0.248 close=$52.91 volRatio=0.23 ret5=9.95% brkDist=3.58% atr=5.12% :: no breakout, weak momentum, low volume      
                    INFO     WAIT ABAT conf=3 score=0.028 close=$3.64 volRatio=0.41 ret5=-15.74% brkDist=31.71% atr=13.70% :: no breakout, weak momentum, low volume   
[02/05/26 19:36:26] INFO     WAIT ABCL conf=5 score=0.049 close=$2.98 volRatio=0.74 ret5=-22.80% brkDist=38.56% atr=9.83% :: no breakout, weak momentum, low volume    
                    INFO     WAIT ABEO conf=2 score=0.018 close=$4.96 volRatio=0.27 ret5=-2.26% brkDist=12.66% atr=5.28% :: no breakout, weak momentum, low volume     
[02/05/26 19:36:27] INFO     WAIT ABSI conf=5 score=0.051 close=$2.71 volRatio=0.76 ret5=-10.40% brkDist=34.66% atr=7.02% :: no breakout, weak momentum, low volume    
                    INFO     WAIT ABUS conf=1 score=0.014 close=$3.79 volRatio=0.21 ret5=-8.11% brkDist=24.02% atr=8.73% :: no breakout, weak momentum, low volume     
[02/05/26 19:36:28] INFO     WAIT ACAD conf=1 score=0.008 close=$23.93 volRatio=0.12 ret5=-6.89% brkDist=13.95% atr=4.35% :: no breakout, weak momentum, low volume    
[02/05/26 19:36:29] INFO     WAIT ACHC conf=2 score=0.015 close=$13.30 volRatio=0.23 ret5=1.92% brkDist=15.77% atr=7.77% :: no breakout, weak momentum, low volume     
                    INFO     WAIT ACHR conf=3 score=0.032 close=$6.50 volRatio=0.48 ret5=-12.52% brkDist=30.03% atr=7.72% :: no breakout, weak momentum, low volume    
[02/05/26 19:36:30] INFO     WAIT ACIW conf=1 score=0.010 close=$41.86 volRatio=0.15 ret5=-3.10% brkDist=11.93% atr=3.74% :: no breakout, weak momentum, low volume    
                    INFO     WAIT ACLX conf=1 score=0.011 close=$67.73 volRatio=0.17 ret5=-0.78% brkDist=11.46% atr=4.78% :: no breakout, weak momentum, low volume    
[02/05/26 19:36:31] INFO     WAIT ACMR conf=2 score=0.025 close=$54.41 volRatio=0.37 ret5=-0.50% brkDist=16.02% atr=7.79% :: no breakout, weak momentum, low volume    
[02/05/26 19:36:32] INFO     WAIT ACRS conf=0 score=0.004 close=$3.46 volRatio=0.06 ret5=0.87% brkDist=29.24% atr=14.63% :: no breakout, weak momentum, low volume     
                    INFO     WAIT ACVA conf=2 score=0.021 close=$7.20 volRatio=0.31 ret5=-8.69% brkDist=20.67% atr=5.08% :: no breakout, weak momentum, low volume     
[02/05/26 19:36:33] INFO     WAIT AD conf=0 score=0.003 close=$48.54 volRatio=0.04 ret5=2.45% brkDist=20.19% atr=5.23% :: no breakout, weak momentum, low volume       
                    INFO     WAIT ADEA conf=2 score=0.019 close=$17.24 volRatio=0.29 ret5=-4.80% brkDist=15.20% atr=4.50% :: no breakout, weak momentum, low volume    
[02/05/26 19:36:34] INFO     WAIT ADMA conf=1 score=0.012 close=$16.37 volRatio=0.18 ret5=-3.76% brkDist=13.61% atr=4.46% :: no breakout, weak momentum, low volume    
                    INFO     WAIT ADNT conf=63 score=0.627 close=$24.81 volRatio=0.25 ret5=17.92% brkDist=-0.81% atr=4.96% :: weak momentum, low volume                
[02/05/26 19:36:35] INFO     WAIT ADPT conf=2 score=0.016 close=$17.00 volRatio=0.24 ret5=-7.43% brkDist=14.12% atr=6.09% :: no breakout, weak momentum, low volume    
[02/05/26 19:36:36] INFO     WAIT ADTN conf=2 score=0.015 close=$9.34 volRatio=0.23 ret5=-0.37% brkDist=9.81% atr=4.62% :: no breakout, weak momentum, low volume      
                    INFO     WAIT ADUR conf=3 score=0.028 close=$10.96 volRatio=0.42 ret5=-23.76% brkDist=29.08% atr=11.24% :: no breakout, weak momentum, low volume  
[02/05/26 19:36:37] INFO     WAIT AEHR conf=2 score=0.016 close=$23.41 volRatio=0.24 ret5=-12.91% brkDist=26.47% atr=12.03% :: no breakout, weak momentum, low volume  
                    INFO     WAIT AEO conf=1 score=0.012 close=$23.02 volRatio=0.18 ret5=-1.24% brkDist=18.66% atr=4.16% :: no breakout, weak momentum, low volume     
[02/05/26 19:36:38] INFO     WAIT AES conf=8 score=0.083 close=$15.44 volRatio=0.32 ret5=2.63% brkDist=4.66% atr=3.91% :: no breakout, weak momentum, low volume       
[02/05/26 19:36:39] INFO     WAIT AESI conf=1 score=0.013 close=$11.16 volRatio=0.19 ret5=-5.66% brkDist=10.14% atr=5.50% :: no breakout, weak momentum, low volume    
                    INFO     WAIT AEVA conf=1 score=0.012 close=$11.64 volRatio=0.18 ret5=-12.11% brkDist=48.52% atr=14.04% :: no breakout, weak momentum, low volume  
[02/05/26 19:36:40] INFO     WAIT AFRM conf=3 score=0.034 close=$59.57 volRatio=0.51 ret5=-5.14% brkDist=29.63% atr=6.16% :: no breakout, weak momentum, low volume    
                    INFO     WAIT AG conf=2 score=0.022 close=$20.55 volRatio=0.33 ret5=-18.34% brkDist=26.31% atr=10.35% :: no breakout, weak momentum, low volume    
[02/05/26 19:36:41] INFO     WAIT AGI conf=3 score=0.034 close=$38.01 volRatio=0.52 ret5=-9.76% brkDist=15.87% atr=6.70% :: no breakout, weak momentum, low volume     
[02/05/26 19:36:42] INFO     WAIT AGIO conf=1 score=0.014 close=$27.28 volRatio=0.22 ret5=-1.20% brkDist=8.85% atr=4.29% :: no breakout, weak momentum, low volume     
[02/05/26 19:36:43] INFO     WAIT AHCO conf=2 score=0.020 close=$10.41 volRatio=0.30 ret5=6.33% brkDist=4.67% atr=3.74% :: no breakout, weak momentum, low volume      
                    INFO     WAIT AI conf=3 score=0.026 close=$10.43 volRatio=0.39 ret5=-14.90% brkDist=27.95% atr=7.30% :: no breakout, weak momentum, low volume     
[02/05/26 19:36:44] INFO     WAIT AIP conf=1 score=0.008 close=$13.90 volRatio=0.12 ret5=-11.24% brkDist=23.84% atr=7.18% :: no breakout, weak momentum, low volume    
                    INFO     WAIT AIRO conf=2 score=0.021 close=$8.75 volRatio=0.31 ret5=-19.87% brkDist=36.59% atr=10.24% :: no breakout, weak momentum, low volume   
[02/05/26 19:36:45] INFO     WAIT ALGM conf=3 score=0.027 close=$38.20 volRatio=0.21 ret5=0.58% brkDist=6.56% atr=5.59% :: no breakout, weak momentum, low volume      
                    INFO     WAIT ALH conf=18 score=0.183 close=$23.02 volRatio=0.12 ret5=5.55% brkDist=0.60% atr=3.35% :: no breakout, weak momentum, low volume      
[02/05/26 19:36:46] INFO     WAIT ALHC conf=1 score=0.009 close=$21.39 volRatio=0.14 ret5=-4.93% brkDist=10.39% atr=5.24% :: no breakout, weak momentum, low volume    
[02/05/26 19:36:47] INFO     WAIT ALK conf=11 score=0.106 close=$55.43 volRatio=0.20 ret5=4.00% brkDist=1.60% atr=4.56% :: no breakout, weak momentum, low volume      
                    INFO     WAIT ALKS conf=1 score=0.008 close=$34.07 volRatio=0.13 ret5=-2.32% brkDist=3.47% atr=3.48% :: no breakout, weak momentum, low volume     
[02/05/26 19:36:48] INFO     WAIT ALKT conf=1 score=0.011 close=$16.91 volRatio=0.17 ret5=-20.20% brkDist=29.41% atr=7.95% :: no breakout, weak momentum, low volume   
                    INFO     WAIT ALLY conf=1 score=0.014 close=$42.20 volRatio=0.22 ret5=-1.77% brkDist=10.21% atr=3.41% :: no breakout, weak momentum, low volume    
                    INFO     WAIT ALM conf=39 score=0.387 close=$13.42 volRatio=0.55 ret5=17.31% brkDist=2.86% atr=8.50% :: no breakout, low volume                    
[02/05/26 19:36:49] INFO     WAIT ALMS conf=1 score=0.010 close=$26.02 volRatio=0.15 ret5=-3.07% brkDist=8.04% atr=7.75% :: no breakout, weak momentum, low volume     
                    INFO     WAIT ALMU conf=2 score=0.018 close=$14.34 volRatio=0.26 ret5=-16.48% brkDist=40.74% atr=11.23% :: no breakout, weak momentum, low volume  
[02/05/26 19:36:50] INFO     WAIT ALNT conf=1 score=0.012 close=$61.60 volRatio=0.18 ret5=0.64% brkDist=6.13% atr=4.67% :: no breakout, weak momentum, low volume      
[02/05/26 19:36:51] INFO     WAIT ALT conf=2 score=0.018 close=$5.16 volRatio=0.27 ret5=1.18% brkDist=19.87% atr=10.93% :: no breakout, weak momentum, low volume      
                    INFO     WAIT AMAL conf=6 score=0.063 close=$39.99 volRatio=0.11 ret5=2.38% brkDist=3.34% atr=3.46% :: no breakout, weak momentum, low volume      
[02/05/26 19:36:52] INFO     WAIT AMBA conf=1 score=0.012 close=$60.05 volRatio=0.17 ret5=-8.88% brkDist=24.76% atr=5.37% :: no breakout, weak momentum, low volume    
                    INFO     WAIT AMBQ conf=2 score=0.019 close=$29.00 volRatio=0.28 ret5=-12.09% brkDist=22.48% atr=7.64% :: no breakout, weak momentum, low volume   
[02/05/26 19:36:53] INFO     WAIT AMKR conf=3 score=0.033 close=$44.24 volRatio=0.49 ret5=-11.52% brkDist=19.81% atr=7.37% :: no breakout, weak momentum, low volume   
[02/05/26 19:36:54] INFO     WAIT AMLX conf=0 score=0.004 close=$13.58 volRatio=0.07 ret5=-8.55% brkDist=22.36% atr=8.34% :: no breakout, weak momentum, low volume    
                    INFO     WAIT AMN conf=11 score=0.110 close=$21.09 volRatio=0.08 ret5=4.46% brkDist=7.30% atr=4.73% :: no breakout, weak momentum, low volume      
[02/05/26 19:36:55] INFO     WAIT AMPH conf=16 score=0.164 close=$28.72 volRatio=0.16 ret5=9.83% brkDist=2.71% atr=3.16% :: no breakout, weak momentum, low volume     
                    INFO     WAIT AMPL conf=1 score=0.013 close=$7.62 volRatio=0.19 ret5=-18.68% brkDist=36.18% atr=6.98% :: no breakout, weak momentum, low volume    
[02/05/26 19:36:56] INFO     WAIT AMPX conf=3 score=0.029 close=$11.06 volRatio=0.44 ret5=-18.56% brkDist=25.57% atr=12.16% :: no breakout, weak momentum, low volume  
                    INFO     WAIT AMRC conf=1 score=0.013 close=$27.54 volRatio=0.20 ret5=-14.92% brkDist=19.02% atr=7.34% :: no breakout, weak momentum, low volume   
[02/05/26 19:36:57] INFO     WAIT AMSC conf=9 score=0.089 close=$27.58 volRatio=1.33 ret5=-12.31% brkDist=20.07% atr=7.93% :: no breakout, weak momentum, low volume   
                    INFO     WAIT AMTB conf=6 score=0.056 close=$22.83 volRatio=0.19 ret5=5.06% brkDist=1.64% atr=3.49% :: no breakout, weak momentum, low volume      
[02/05/26 19:36:58] INFO     WAIT AMWD conf=2 score=0.019 close=$64.61 volRatio=0.09 ret5=10.38% brkDist=2.33% atr=3.60% :: no breakout, weak momentum, low volume     
[02/05/26 19:36:59] INFO     WAIT ANAB conf=3 score=0.026 close=$48.28 volRatio=0.07 ret5=0.90% brkDist=7.21% atr=5.58% :: no breakout, weak momentum, low volume      
                    INFO     WAIT ANDE conf=55 score=0.555 close=$66.21 volRatio=0.21 ret5=6.04% brkDist=-1.42% atr=3.12% :: weak momentum, low volume                 
[02/05/26 19:37:00] INFO     WAIT ANGI conf=2 score=0.022 close=$11.53 volRatio=0.34 ret5=-12.32% brkDist=20.94% atr=4.70% :: no breakout, weak momentum, low volume   
[02/05/26 19:37:01] INFO     WAIT ANGO conf=1 score=0.008 close=$10.43 volRatio=0.12 ret5=4.51% brkDist=8.90% atr=3.62% :: no breakout, weak momentum, low volume      
[02/05/26 19:37:02] INFO     WAIT ANNX conf=1 score=0.012 close=$5.86 volRatio=0.18 ret5=-10.20% brkDist=18.45% atr=6.90% :: no breakout, weak momentum, low volume    
[02/05/26 19:37:03] INFO     WAIT AORT conf=1 score=0.010 close=$40.34 volRatio=0.16 ret5=-0.20% brkDist=11.30% atr=3.46% :: no breakout, weak momentum, low volume    
[02/05/26 19:37:04] INFO     WAIT AOSL conf=3 score=0.031 close=$22.20 volRatio=0.46 ret5=-1.36% brkDist=6.54% atr=5.39% :: no breakout, weak momentum, low volume     
[02/05/26 19:37:05] INFO     WAIT APA conf=2 score=0.020 close=$26.27 volRatio=0.29 ret5=0.04% brkDist=4.52% atr=4.12% :: no breakout, weak momentum, low volume       
                    INFO     WAIT APEI conf=3 score=0.029 close=$43.96 volRatio=0.31 ret5=4.00% brkDist=2.05% atr=3.99% :: no breakout, weak momentum, low volume      
[02/05/26 19:37:06] INFO     WAIT APGE conf=1 score=0.009 close=$64.29 volRatio=0.13 ret5=-8.13% brkDist=23.97% atr=7.01% :: no breakout, weak momentum, low volume    
                    INFO     WAIT APLD conf=2 score=0.022 close=$29.25 volRatio=0.32 ret5=-23.17% brkDist=30.80% atr=14.61% :: no breakout, weak momentum, low volume  
[02/05/26 19:37:07] INFO     WAIT APLS conf=8 score=0.075 close=$23.73 volRatio=0.10 ret5=2.95% brkDist=13.58% atr=4.97% :: no breakout, weak momentum, low volume     
                    INFO     WAIT APOG conf=4 score=0.038 close=$40.37 volRatio=0.14 ret5=7.68% brkDist=1.11% atr=3.22% :: no breakout, weak momentum, low volume      
[02/05/26 19:37:08] INFO     WAIT APPN conf=1 score=0.015 close=$25.68 volRatio=0.22 ret5=-11.02% brkDist=28.09% atr=5.35% :: no breakout, weak momentum, low volume   
                    INFO     WAIT APPS conf=4 score=0.040 close=$4.34 volRatio=0.60 ret5=-19.78% brkDist=29.89% atr=11.39% :: no breakout, weak momentum, low volume   
[02/05/26 19:37:10] INFO     WAIT AQST conf=27 score=0.269 close=$3.79 volRatio=0.16 ret5=19.94% brkDist=40.22% atr=8.41% :: no breakout, low volume                   
                    INFO     WAIT AR conf=1 score=0.010 close=$33.75 volRatio=0.15 ret5=-4.39% brkDist=7.53% atr=4.41% :: no breakout, weak momentum, low volume       
[02/05/26 19:37:11] INFO     WAIT ARDX conf=2 score=0.019 close=$7.14 volRatio=0.28 ret5=-9.04% brkDist=15.00% atr=6.05% :: no breakout, weak momentum, low volume     
[02/05/26 19:37:12] INFO     WAIT ARHS conf=1 score=0.012 close=$10.75 volRatio=0.09 ret5=8.37% brkDist=6.89% atr=4.50% :: no breakout, weak momentum, low volume      
[02/05/26 19:37:13] INFO     WAIT ARLO conf=1 score=0.011 close=$12.12 volRatio=0.17 ret5=-6.91% brkDist=15.01% atr=5.10% :: no breakout, weak momentum, low volume    
[02/05/26 19:37:14] INFO     WAIT ARQT conf=1 score=0.013 close=$26.45 volRatio=0.19 ret5=2.80% brkDist=13.98% atr=3.63% :: no breakout, weak momentum, low volume     
                    INFO     WAIT ARRY conf=2 score=0.025 close=$11.27 volRatio=0.37 ret5=-3.76% brkDist=6.51% atr=7.78% :: no breakout, weak momentum, low volume     
[02/05/26 19:37:15] INFO     WAIT ARVN conf=1 score=0.013 close=$13.23 volRatio=0.20 ret5=-1.12% brkDist=6.44% atr=5.02% :: no breakout, weak momentum, low volume     
                    INFO     WAIT ARWR conf=1 score=0.015 close=$67.06 volRatio=0.22 ret5=-2.98% brkDist=11.89% atr=5.84% :: no breakout, weak momentum, low volume    
[02/05/26 19:37:16] INFO     WAIT ARX conf=2 score=0.020 close=$11.98 volRatio=0.29 ret5=-13.38% brkDist=26.00% atr=6.94% :: no breakout, weak momentum, low volume    
                    INFO     WAIT AS conf=2 score=0.024 close=$35.93 volRatio=0.36 ret5=-3.78% brkDist=10.18% atr=3.99% :: no breakout, weak momentum, low volume      
                    INFO     WAIT ASAN conf=3 score=0.026 close=$8.89 volRatio=0.38 ret5=-14.60% brkDist=34.73% atr=6.41% :: no breakout, weak momentum, low volume    
[02/05/26 19:37:17] INFO     WAIT ASGN conf=52 score=0.515 close=$54.67 volRatio=0.30 ret5=10.11% brkDist=-2.40% atr=4.34% :: weak momentum, low volume                
[02/05/26 19:37:18] INFO     WAIT ASIX conf=8 score=0.078 close=$17.81 volRatio=0.20 ret5=10.97% brkDist=5.42% atr=4.30% :: no breakout, weak momentum, low volume     
                    INFO     WAIT ASO conf=1 score=0.014 close=$56.00 volRatio=0.22 ret5=1.16% brkDist=7.16% atr=4.18% :: no breakout, weak momentum, low volume       
[02/05/26 19:37:19] INFO     WAIT ASPI conf=2 score=0.019 close=$5.37 volRatio=0.28 ret5=-25.90% brkDist=37.62% atr=15.18% :: no breakout, weak momentum, low volume   
[02/05/26 19:37:20] INFO     WAIT ASTE conf=15 score=0.152 close=$54.25 volRatio=0.20 ret5=12.04% brkDist=1.35% atr=3.10% :: no breakout, weak momentum, low volume    
[02/05/26 19:37:21] INFO     WAIT ASTH conf=1 score=0.008 close=$22.06 volRatio=0.11 ret5=-1.56% brkDist=24.79% atr=7.26% :: no breakout, weak momentum, low volume    
                    INFO     WAIT ASTL conf=2 score=0.016 close=$4.43 volRatio=0.23 ret5=-0.34% brkDist=7.99% atr=6.72% :: no breakout, weak momentum, low volume      
[02/05/26 19:37:22] INFO     WAIT ASYS conf=2 score=0.021 close=$16.01 volRatio=0.32 ret5=-7.94% brkDist=13.88% atr=8.83% :: no breakout, weak momentum, low volume    
                    INFO     WAIT ATAI conf=4 score=0.044 close=$3.52 volRatio=0.66 ret5=-8.46% brkDist=15.71% atr=6.54% :: no breakout, weak momentum, low volume     
[02/05/26 19:37:23] INFO     WAIT ATEC conf=0 score=0.005 close=$13.82 volRatio=0.07 ret5=-6.94% brkDist=40.66% atr=5.30% :: no breakout, weak momentum, low volume    
                    INFO     WAIT ATEX conf=2 score=0.019 close=$26.40 volRatio=0.28 ret5=-0.75% brkDist=12.78% atr=7.06% :: no breakout, weak momentum, low volume    
[02/05/26 19:37:24] INFO     WAIT ATRC conf=0 score=0.004 close=$36.89 volRatio=0.06 ret5=-0.16% brkDist=14.57% atr=4.29% :: no breakout, weak momentum, low volume    
[02/05/26 19:37:25] INFO     WAIT ATRO conf=1 score=0.013 close=$73.94 volRatio=0.20 ret5=-3.72% brkDist=9.70% atr=4.82% :: no breakout, weak momentum, low volume     
                    INFO     Done. Signals generated: 103                                                                                                              
