[01/26/26 15:10:02] INFO     signals-bot starting                               
                    INFO     run_id=daily_close_scan-20260126T131002Z           
                    INFO     config=/Users/talshitrit/Workspace/Personal/trading
                             /trading-signals/config.yaml                       
                    INFO     Universe size: 25 tickers                          
[01/26/26 15:10:08] INFO     WAIT DKNG conf=10 score=0.102 close=$29.97         
                             volRatio=1.53 ret5=-15.48% brkDist=18.96% atr=5.67%
                             :: no breakout, weak momentum, low volume          
[01/26/26 15:10:09] INFO     WAIT ENPH conf=28 score=0.279 close=$39.46         
                             volRatio=1.54 ret5=11.60% brkDist=4.11% atr=5.26%  
                             :: no breakout, weak momentum, low volume          
                    INFO     WAIT MARA conf=8 score=0.082 close=$10.50          
                             volRatio=1.23 ret5=-1.50% brkDist=9.21% atr=7.14%  
                             :: no breakout, weak momentum, low volume          
[01/26/26 15:10:15] INFO     WAIT RBLX conf=6 score=0.057 close=$74.12          
                             volRatio=0.86 ret5=-12.44% brkDist=18.63% atr=6.35%
                             :: no breakout, weak momentum, low volume          
[01/26/26 15:10:16] INFO     WAIT RIOT conf=18 score=0.184 close=$17.28         
                             volRatio=1.26 ret5=4.28% brkDist=10.88% atr=7.08%  
                             :: no breakout, weak momentum, low volume          
                    INFO     WAIT SMCI conf=17 score=0.169 close=$31.70         
                             volRatio=1.12 ret5=7.75% brkDist=5.33% atr=5.27% ::
                             no breakout, weak momentum, low volume             
[01/26/26 15:10:17] INFO     WAIT SOFI conf=5 score=0.051 close=$25.85          
                             volRatio=0.77 ret5=-2.23% brkDist=13.43% atr=4.95% 
                             :: no breakout, weak momentum, low volume          
         Signal Summary         
в”Ҹв”Ғв”Ғв”Ғв”Ғв”Ғв”Ғв”Ғв”Ғв”ів”Ғв”Ғв”Ғв”Ғв”Ғв”Ғв”Ғв”Ғв”ів”Ғв”Ғв”Ғв”Ғв”Ғв”Ғв”Ғв”Ғв”Ғв”Ғв”Ғв”Ғв”“
в”ғ Action в”ғ Ticker в”ғ Confidence в”ғ
в”Ўв”Ғв”Ғв”Ғв”Ғв”Ғв”Ғв”Ғв”Ғв•Үв”Ғв”Ғв”Ғв”Ғв”Ғв”Ғв”Ғв”Ғв•Үв”Ғв”Ғв”Ғв”Ғв”Ғв”Ғв”Ғв”Ғв”Ғв”Ғв”Ғв”Ғв”©
в”Ӯ WAIT   в”Ӯ ENPH   в”Ӯ         28 в”Ӯ
в”Ӯ WAIT   в”Ӯ RIOT   в”Ӯ         18 в”Ӯ
в”Ӯ WAIT   в”Ӯ SMCI   в”Ӯ         17 в”Ӯ
в”Ӯ WAIT   в”Ӯ DKNG   в”Ӯ         10 в”Ӯ
в”Ӯ WAIT   в”Ӯ MARA   в”Ӯ          8 в”Ӯ
в”Ӯ WAIT   в”Ӯ RBLX   в”Ӯ          6 в”Ӯ
в”Ӯ WAIT   в”Ӯ SOFI   в”Ӯ          5 в”Ӯ
в””в”Җв”Җв”Җв”Җв”Җв”Җв”Җв”Җв”ҙв”Җв”Җв”Җв”Җв”Җв”Җв”Җв”Җв”ҙв”Җв”Җв”Җв”Җв”Җв”Җв”Җв”Җв”Җв”Җв”Җв”Җв”ҳ
[01/26/26 15:10:19] INFO     Done. Signals generated: 7                         
[01/26/26 19:28:24] INFO     signals-bot starting                                                                                                                          
                    INFO     run_id=daily_close_scan-20260126T172824Z                                                                                                      
                    INFO     config=/Users/talshitrit/Workspace/Personal/trading/trading-signals/config.yaml                                                               
                    INFO     Universe size: 25 tickers                                                                                                                     
[01/26/26 19:28:29] INFO     WAIT DKNG conf=3 score=0.033 close=$30.61 volRatio=0.49 ret5=-6.18% brkDist=17.24% atr=5.50% :: no breakout, weak momentum, low volume        
[01/26/26 19:28:30] INFO     WAIT ENPH conf=21 score=0.209 close=$39.41 volRatio=0.36 ret5=12.66% brkDist=7.55% atr=5.29% :: no breakout, weak momentum, low volume        
[01/26/26 19:28:31] INFO     WAIT MARA conf=3 score=0.033 close=$9.99 volRatio=0.50 ret5=-12.06% brkDist=13.62% atr=7.36% :: no breakout, weak momentum, low volume        
[01/26/26 19:28:37] INFO     WAIT RBLX conf=3 score=0.033 close=$72.74 volRatio=0.50 ret5=-16.66% brkDist=20.14% atr=6.57% :: no breakout, weak momentum, low volume       
                    INFO     WAIT RIOT conf=3 score=0.030 close=$16.61 volRatio=0.46 ret5=-13.64% brkDist=14.31% atr=7.43% :: no breakout, weak momentum, low volume       
[01/26/26 19:28:38] INFO     WAIT SMCI conf=2 score=0.015 close=$31.30 volRatio=0.23 ret5=-4.11% brkDist=6.94% atr=5.08% :: no breakout, weak momentum, low volume         
[01/26/26 19:28:39] INFO     WAIT SOFI conf=2 score=0.023 close=$25.84 volRatio=0.35 ret5=-1.13% brkDist=13.48% atr=4.46% :: no breakout, weak momentum, low volume        
         Signal Summary         
в”Ҹв”Ғв”Ғв”Ғв”Ғв”Ғв”Ғв”Ғв”Ғв”ів”Ғв”Ғв”Ғв”Ғв”Ғв”Ғв”Ғв”Ғв”ів”Ғв”Ғв”Ғв”Ғв”Ғв”Ғв”Ғв”Ғв”Ғв”Ғв”Ғв”Ғв”“
в”ғ Action в”ғ Ticker в”ғ Confidence в”ғ
в”Ўв”Ғв”Ғв”Ғв”Ғв”Ғв”Ғв”Ғв”Ғв•Үв”Ғв”Ғв”Ғв”Ғв”Ғв”Ғв”Ғв”Ғв•Үв”Ғв”Ғв”Ғв”Ғв”Ғв”Ғв”Ғв”Ғв”Ғв”Ғв”Ғв”Ғв”©
в”Ӯ WAIT   в”Ӯ ENPH   в”Ӯ         21 в”Ӯ
в”Ӯ WAIT   в”Ӯ MARA   в”Ӯ          3 в”Ӯ
в”Ӯ WAIT   в”Ӯ RBLX   в”Ӯ          3 в”Ӯ
в”Ӯ WAIT   в”Ӯ DKNG   в”Ӯ          3 в”Ӯ
в”Ӯ WAIT   в”Ӯ RIOT   в”Ӯ          3 в”Ӯ
в”Ӯ WAIT   в”Ӯ SOFI   в”Ӯ          2 в”Ӯ
в”Ӯ WAIT   в”Ӯ SMCI   в”Ӯ          2 в”Ӯ
в””в”Җв”Җв”Җв”Җв”Җв”Җв”Җв”Җв”ҙв”Җв”Җв”Җв”Җв”Җв”Җв”Җв”Җв”ҙв”Җв”Җв”Җв”Җв”Җв”Җв”Җв”Җв”Җв”Җв”Җв”Җв”ҳ
[01/26/26 19:28:40] INFO     Done. Signals generated: 7                                                                                                                    
