[02/18/26 15:10:03] INFO     signals-bot starting                               
                    INFO     run_id=daily_close_scan-20260218T131003Z           
                    INFO     config=/Users/talshitrit/Workspace/Personal/trading
                             /trading-signals/config.yaml                       
[02/18/26 15:10:04] INFO     IBKR Flex holdings loaded: 4 symbols               
                    INFO     IBKR holding: HAS buy_price=- buy_time=-           
                    INFO     IBKR holding: KR buy_price=- buy_time=-            
                    INFO     IBKR holding: MAS buy_price=- buy_time=-           
                    INFO     IBKR holding: VTRS buy_price=- buy_time=-          
                    INFO     Universe size: 114 tickers                         
[02/18/26 15:10:05] INFO     WAIT AA conf=7 score=0.067 close=$57.47            
                             volRatio=1.00 ret5=-7.84% brkDist=11.58% atr=6.47% 
                             :: no breakout, weak momentum, low volume          
[02/18/26 15:10:06] INFO     WAIT AAL conf=6 score=0.057 close=$14.40           
                             volRatio=0.85 ret5=-3.94% brkDist=8.22% atr=4.37%  
                             :: no breakout, weak momentum, low volume          
[02/18/26 15:10:07] INFO     WAIT AAMI conf=4 score=0.043 close=$51.94          
                             volRatio=0.64 ret5=0.15% brkDist=8.01% atr=4.67% ::
                             no breakout, weak momentum, low volume             
                    INFO     WAIT AAOI conf=4 score=0.041 close=$43.91          
                             volRatio=0.61 ret5=-8.35% brkDist=13.56% atr=14.17%
                             :: no breakout, weak momentum, low volume          
[02/18/26 15:10:08] INFO     WAIT AAP conf=12 score=0.120 close=$56.74          
                             volRatio=0.90 ret5=2.60% brkDist=12.98% atr=6.19%  
                             :: no breakout, weak momentum, low volume          
[02/18/26 15:10:09] INFO     WAIT ABAT conf=4 score=0.037 close=$3.66           
                             volRatio=0.56 ret5=-12.44% brkDist=28.45%          
                             atr=10.60% :: no breakout, weak momentum, low      
                             volume                                             
                    INFO     WAIT ABCL conf=4 score=0.043 close=$3.17           
                             volRatio=0.64 ret5=-1.55% brkDist=34.64% atr=7.95% 
                             :: no breakout, weak momentum, low volume          
[02/18/26 15:10:10] INFO     WAIT ABEO conf=4 score=0.039 close=$5.04           
                             volRatio=0.59 ret5=-1.75% brkDist=11.35% atr=4.54% 
                             :: no breakout, weak momentum, low volume          
[02/18/26 15:10:11] INFO     WAIT ABSI conf=9 score=0.089 close=$2.66           
                             volRatio=1.34 ret5=-3.62% brkDist=16.74% atr=8.36% 
                             :: no breakout, weak momentum, low volume          
                    INFO     WAIT ABUS conf=12 score=0.117 close=$4.17          
                             volRatio=1.76 ret5=2.96% brkDist=9.35% atr=7.91% ::
                             no breakout, weak momentum, low volume             
[02/18/26 15:10:12] INFO     WAIT ACAD conf=9 score=0.087 close=$22.95          
                             volRatio=1.31 ret5=-1.16% brkDist=17.48% atr=4.16% 
                             :: no breakout, weak momentum, low volume          
                    INFO     WAIT ACHC conf=39 score=0.387 close=$16.41         
                             volRatio=0.56 ret5=21.68% brkDist=4.06% atr=5.15%  
                             :: no breakout, low volume                         
[02/18/26 15:10:13] INFO     WAIT ACHR conf=6 score=0.056 close=$6.82           
                             volRatio=0.84 ret5=-7.46% brkDist=26.11% atr=6.29% 
                             :: no breakout, weak momentum, low volume          
[02/18/26 15:10:14] INFO     WAIT ACIW conf=7 score=0.074 close=$40.58          
                             volRatio=1.10 ret5=-2.99% brkDist=10.38% atr=4.63% 
                             :: no breakout, weak momentum, low volume          
                    INFO     WAIT ACLX conf=8 score=0.082 close=$70.20          
                             volRatio=0.98 ret5=2.03% brkDist=8.24% atr=3.75% ::
                             no breakout, weak momentum, low volume             
[02/18/26 15:10:15] INFO     WAIT ACMR conf=13 score=0.133 close=$65.18         
                             volRatio=0.58 ret5=4.05% brkDist=9.03% atr=8.10% ::
                             no breakout, weak momentum, low volume             
                    INFO     WAIT ACRS conf=2 score=0.024 close=$3.26           
                             volRatio=0.36 ret5=-11.65% brkDist=33.33% atr=8.41%
                             :: no breakout, weak momentum, low volume          
[02/18/26 15:10:16] INFO     WAIT ACVA conf=8 score=0.085 close=$6.43           
                             volRatio=1.27 ret5=-11.92% brkDist=28.16% atr=6.84%
                             :: no breakout, weak momentum, low volume          
[02/18/26 15:10:17] INFO     WAIT ADEA conf=4 score=0.044 close=$18.73          
                             volRatio=0.66 ret5=-2.45% brkDist=7.87% atr=4.42%  
                             :: no breakout, weak momentum, low volume          
[02/18/26 15:10:18] INFO     WAIT ADMA conf=5 score=0.055 close=$15.95          
                             volRatio=0.82 ret5=-2.57% brkDist=11.39% atr=4.54% 
                             :: no breakout, weak momentum, low volume          
                    INFO     WAIT ADNT conf=6 score=0.064 close=$25.92          
                             volRatio=0.96 ret5=-0.42% brkDist=5.12% atr=4.94%  
                             :: no breakout, weak momentum, low volume          
[02/18/26 15:10:19] INFO     WAIT ADPT conf=4 score=0.036 close=$15.79          
                             volRatio=0.53 ret5=-0.44% brkDist=20.25% atr=7.24% 
                             :: no breakout, weak momentum, low volume          
[02/18/26 15:10:20] INFO     WAIT ADTN conf=7 score=0.070 close=$10.15          
                             volRatio=1.05 ret5=-2.40% brkDist=4.15% atr=4.71%  
                             :: no breakout, weak momentum, low volume          
[02/18/26 15:10:21] INFO     WAIT AEHR conf=14 score=0.136 close=$28.49         
                             volRatio=0.90 ret5=3.26% brkDist=24.01% atr=12.83% 
                             :: no breakout, weak momentum, low volume          
                    INFO     WAIT AEO conf=9 score=0.092 close=$24.93           
                             volRatio=1.12 ret5=5.81% brkDist=6.59% atr=4.55% ::
                             no breakout, weak momentum, low volume             
[02/18/26 15:10:22] INFO     WAIT AES conf=10 score=0.101 close=$16.39          
                             volRatio=0.79 ret5=2.05% brkDist=2.32% atr=3.48% ::
                             no breakout, weak momentum, low volume             
[02/18/26 15:10:23] INFO     WAIT AESI conf=6 score=0.055 close=$11.80          
                             volRatio=0.83 ret5=-1.26% brkDist=4.99% atr=5.70%  
                             :: no breakout, weak momentum, low volume          
                    INFO     WAIT AEVA conf=4 score=0.038 close=$12.90          
                             volRatio=0.57 ret5=-7.86% brkDist=38.25% atr=9.86% 
                             :: no breakout, weak momentum, low volume          
[02/18/26 15:10:24] INFO     WAIT AFRM conf=6 score=0.062 close=$51.60          
                             volRatio=0.92 ret5=-10.96% brkDist=32.02% atr=8.26%
                             :: no breakout, weak momentum, low volume          
                    INFO     WAIT AG conf=4 score=0.040 close=$21.55            
                             volRatio=0.60 ret5=-9.26% brkDist=22.75% atr=9.97% 
                             :: no breakout, weak momentum, low volume          
[02/18/26 15:10:25] INFO     WAIT AGI conf=6 score=0.062 close=$43.31           
                             volRatio=0.94 ret5=-1.23% brkDist=7.18% atr=7.09%  
                             :: no breakout, weak momentum, low volume          
                    INFO     WAIT AGIO conf=5 score=0.050 close=$27.82          
                             volRatio=0.75 ret5=3.27% brkDist=7.05% atr=4.23% ::
                             no breakout, weak momentum, low volume             
[02/18/26 15:10:27] INFO     WAIT AHCO conf=6 score=0.057 close=$10.30          
                             volRatio=0.85 ret5=-3.92% brkDist=5.76% atr=4.00%  
                             :: no breakout, weak momentum, low volume          
                    INFO     WAIT AI conf=4 score=0.045 close=$10.40            
                             volRatio=0.67 ret5=-10.65% brkDist=26.76% atr=9.26%
                             :: no breakout, weak momentum, low volume          
[02/18/26 15:10:28] INFO     WAIT AIP conf=12 score=0.116 close=$14.02          
                             volRatio=1.74 ret5=-8.01% brkDist=22.58% atr=7.30% 
                             :: no breakout, weak momentum, low volume          
[02/18/26 15:10:29] INFO     WAIT ALGM conf=5 score=0.047 close=$41.69          
                             volRatio=0.70 ret5=-0.71% brkDist=4.95% atr=5.71%  
                             :: no breakout, weak momentum, low volume          
[02/18/26 15:10:30] INFO     WAIT ALH conf=3 score=0.032 close=$23.34           
                             volRatio=0.49 ret5=-2.26% brkDist=7.05% atr=3.68%  
                             :: no breakout, weak momentum, low volume          
                    INFO     WAIT ALHC conf=6 score=0.061 close=$20.59          
                             volRatio=0.91 ret5=-0.82% brkDist=13.74% atr=4.29% 
                             :: no breakout, weak momentum, low volume          
[02/18/26 15:10:31] INFO     WAIT ALK conf=4 score=0.039 close=$57.08           
                             volRatio=0.59 ret5=-5.20% brkDist=5.86% atr=4.89%  
                             :: no breakout, weak momentum, low volume          
                    INFO     WAIT ALKS conf=5 score=0.054 close=$32.90          
                             volRatio=0.81 ret5=-5.57% brkDist=6.90% atr=3.61%  
                             :: no breakout, weak momentum, low volume          
[02/18/26 15:10:32] INFO     WAIT ALKT conf=11 score=0.105 close=$16.28         
                             volRatio=1.58 ret5=-5.18% brkDist=30.72% atr=8.37% 
                             :: no breakout, weak momentum, low volume          
                    INFO     WAIT ALLY conf=6 score=0.058 close=$41.29          
                             volRatio=0.87 ret5=-1.78% brkDist=6.38% atr=3.24%  
                             :: no breakout, weak momentum, low volume          
[02/18/26 15:10:33] INFO     WAIT ALM conf=3 score=0.032 close=$13.53           
                             volRatio=0.48 ret5=-8.77% brkDist=9.29% atr=9.70%  
                             :: no breakout, weak momentum, low volume          
                    INFO     WAIT ALMS conf=5 score=0.049 close=$26.58          
                             volRatio=0.60 ret5=1.76% brkDist=6.04% atr=7.36% ::
                             no breakout, weak momentum, low volume             
[02/18/26 15:10:34] INFO     WAIT ALMU conf=7 score=0.068 close=$15.98          
                             volRatio=0.82 ret5=7.25% brkDist=28.90% atr=9.76%  
                             :: no breakout, weak momentum, low volume          
                    INFO     WAIT ALNT conf=5 score=0.047 close=$65.98          
                             volRatio=0.71 ret5=-4.20% brkDist=5.74% atr=5.28%  
                             :: no breakout, weak momentum, low volume          
[02/18/26 15:10:35] INFO     WAIT ALT conf=2 score=0.024 close=$4.50            
                             volRatio=0.36 ret5=-4.05% brkDist=30.12% atr=9.13% 
                             :: no breakout, weak momentum, low volume          
[02/18/26 15:10:36] INFO     WAIT AMAL conf=4 score=0.045 close=$41.01          
                             volRatio=0.67 ret5=-2.15% brkDist=3.86% atr=3.41%  
                             :: no breakout, weak momentum, low volume          
[02/18/26 15:10:37] INFO     WAIT AMBA conf=6 score=0.056 close=$65.79          
                             volRatio=0.55 ret5=0.83% brkDist=7.86% atr=5.05% ::
                             no breakout, weak momentum, low volume             
                    INFO     WAIT AMBQ conf=4 score=0.035 close=$29.63          
                             volRatio=0.53 ret5=-0.20% brkDist=19.66% atr=6.09% 
                             :: no breakout, weak momentum, low volume          
[02/18/26 15:10:38] INFO     WAIT AMKR conf=9 score=0.087 close=$46.84          
                             volRatio=1.31 ret5=-10.81% brkDist=17.95% atr=8.72%
                             :: no breakout, weak momentum, low volume          
                    INFO     WAIT AMLX conf=3 score=0.028 close=$14.13          
                             volRatio=0.42 ret5=-0.63% brkDist=19.21% atr=6.78% 
                             :: no breakout, weak momentum, low volume          
[02/18/26 15:10:39] INFO     WAIT AMN conf=11 score=0.111 close=$16.39          
                             volRatio=1.66 ret5=-17.76% brkDist=27.78% atr=8.41%
                             :: no breakout, weak momentum, low volume          
                    INFO     WAIT AMPH conf=7 score=0.070 close=$28.45          
                             volRatio=1.06 ret5=-0.56% brkDist=3.43% atr=3.30%  
                             :: no breakout, weak momentum, low volume          
[02/18/26 15:10:40] INFO     WAIT AMPL conf=10 score=0.103 close=$6.34          
                             volRatio=1.54 ret5=-12.55% brkDist=40.80% atr=9.05%
                             :: no breakout, weak momentum, low volume          
                    INFO     WAIT AMPX conf=3 score=0.031 close=$9.77           
                             volRatio=0.47 ret5=-21.78% brkDist=34.25%          
                             atr=14.77% :: no breakout, weak momentum, low      
                             volume                                             
[02/18/26 15:10:41] INFO     WAIT AMRC conf=8 score=0.075 close=$32.49          
                             volRatio=0.99 ret5=0.40% brkDist=4.86% atr=7.45% ::
                             no breakout, weak momentum, low volume             
[02/18/26 15:10:42] INFO     WAIT AMSC conf=82 score=0.821 close=$36.66         
                             volRatio=1.16 ret5=27.34% brkDist=-3.27% atr=8.67% 
                             :: low volume                                      
                    INFO     WAIT AMTB conf=4 score=0.036 close=$22.73          
                             volRatio=0.55 ret5=-1.77% brkDist=3.46% atr=3.19%  
                             :: no breakout, weak momentum, low volume          
[02/18/26 15:10:43] INFO     WAIT AMWD conf=6 score=0.062 close=$58.03          
                             volRatio=0.93 ret5=-13.18% brkDist=16.34% atr=5.84%
                             :: no breakout, weak momentum, low volume          
                    INFO     WAIT ANAB conf=14 score=0.137 close=$53.70         
                             volRatio=0.61 ret5=7.50% brkDist=6.86% atr=6.72% ::
                             no breakout, weak momentum, low volume             
[02/18/26 15:10:44] INFO     WAIT ANDE conf=8 score=0.079 close=$67.01          
                             volRatio=1.19 ret5=-0.49% brkDist=4.35% atr=3.08%  
                             :: no breakout, weak momentum, low volume          
[02/18/26 15:10:45] INFO     WAIT ANGI conf=6 score=0.062 close=$7.92           
                             volRatio=0.93 ret5=-32.25% brkDist=42.15% atr=9.47%
                             :: no breakout, weak momentum, low volume          
[02/18/26 15:10:46] INFO     WAIT ANGO conf=17 score=0.172 close=$11.26         
                             volRatio=0.70 ret5=5.53% brkDist=4.41% atr=4.43% ::
                             no breakout, weak momentum, low volume             
                    INFO     WAIT ANIP conf=4 score=0.036 close=$78.90          
                             volRatio=0.54 ret5=-1.79% brkDist=9.38% atr=3.41%  
                             :: no breakout, weak momentum, low volume          
[02/18/26 15:10:47] INFO     WAIT ANNX conf=6 score=0.063 close=$5.04           
                             volRatio=0.95 ret5=-10.48% brkDist=29.81% atr=8.51%
                             :: no breakout, weak momentum, low volume          
[02/18/26 15:10:48] INFO     WAIT AORT conf=18 score=0.176 close=$36.50         
                             volRatio=2.65 ret5=-7.85% brkDist=19.62% atr=4.77% 
                             :: no breakout, weak momentum                      
                    INFO     WAIT AOSL conf=9 score=0.091 close=$22.71          
                             volRatio=1.00 ret5=8.27% brkDist=4.37% atr=7.56% ::
                             no breakout, weak momentum, low volume             
[02/18/26 15:10:49] INFO     WAIT APA conf=5 score=0.048 close=$27.34           
                             volRatio=0.72 ret5=-0.55% brkDist=4.27% atr=4.23%  
                             :: no breakout, weak momentum, low volume          
[02/18/26 15:10:50] INFO     WAIT APEI conf=7 score=0.068 close=$44.30          
                             volRatio=0.90 ret5=0.34% brkDist=3.04% atr=4.52% ::
                             no breakout, weak momentum, low volume             
                    INFO     WAIT APGE conf=13 score=0.132 close=$69.64         
                             volRatio=0.55 ret5=12.09% brkDist=15.70% atr=6.31% 
                             :: no breakout, weak momentum, low volume          
[02/18/26 15:10:51] INFO     WAIT APLD conf=4 score=0.044 close=$33.56          
                             volRatio=0.66 ret5=-12.28% brkDist=20.61%          
                             atr=12.12% :: no breakout, weak momentum, low      
                             volume                                             
[02/18/26 15:10:52] INFO     WAIT APLS conf=3 score=0.030 close=$21.57          
                             volRatio=0.46 ret5=-5.52% brkDist=10.50% atr=5.35% 
                             :: no breakout, weak momentum, low volume          
                    INFO     WAIT APOG conf=3 score=0.032 close=$41.23          
                             volRatio=0.48 ret5=-1.60% brkDist=4.91% atr=3.17%  
                             :: no breakout, weak momentum, low volume          
[02/18/26 15:10:53] INFO     WAIT APPN conf=7 score=0.075 close=$23.04          
                             volRatio=1.12 ret5=-9.40% brkDist=26.15% atr=6.48% 
                             :: no breakout, weak momentum, low volume          
                    INFO     WAIT APPS conf=5 score=0.048 close=$4.04           
                             volRatio=0.72 ret5=-8.60% brkDist=34.73% atr=11.41%
                             :: no breakout, weak momentum, low volume          
[02/18/26 15:10:55] INFO     WAIT AQST conf=2 score=0.023 close=$3.88           
                             volRatio=0.34 ret5=-1.52% brkDist=11.62% atr=8.30% 
                             :: no breakout, weak momentum, low volume          
                    INFO     WAIT AR conf=6 score=0.056 close=$33.63            
                             volRatio=0.84 ret5=-1.78% brkDist=7.86% atr=4.80%  
                             :: no breakout, weak momentum, low volume          
[02/18/26 15:10:56] INFO     WAIT ARDX conf=6 score=0.059 close=$6.76           
                             volRatio=0.88 ret5=-7.78% brkDist=19.52% atr=4.91% 
                             :: no breakout, weak momentum, low volume          
[02/18/26 15:10:57] INFO     WAIT AREC conf=5 score=0.052 close=$2.97           
                             volRatio=0.46 ret5=1.37% brkDist=38.12% atr=13.77% 
                             :: no breakout, weak momentum, low volume          
                    INFO     WAIT ARHS conf=7 score=0.071 close=$8.99           
                             volRatio=1.07 ret5=-15.90% brkDist=19.95% atr=6.55%
                             :: no breakout, weak momentum, low volume          
[02/18/26 15:10:58] INFO     WAIT ARLO conf=6 score=0.056 close=$11.66          
                             volRatio=0.84 ret5=-6.57% brkDist=18.23% atr=5.49% 
                             :: no breakout, weak momentum, low volume          
[02/18/26 15:10:59] INFO     WAIT ARQT conf=7 score=0.067 close=$26.61          
                             volRatio=1.00 ret5=-1.00% brkDist=3.66% atr=3.89%  
                             :: no breakout, weak momentum, low volume          
                    INFO     WAIT ARRY conf=6 score=0.058 close=$11.29          
                             volRatio=0.87 ret5=-5.29% brkDist=7.69% atr=7.63%  
                             :: no breakout, weak momentum, low volume          
[02/18/26 15:11:00] INFO     WAIT ARVN conf=7 score=0.067 close=$11.44          
                             volRatio=1.01 ret5=-13.92% brkDist=19.09% atr=6.99%
                             :: no breakout, weak momentum, low volume          
                    INFO     WAIT ARWR conf=3 score=0.031 close=$63.69          
                             volRatio=0.47 ret5=1.68% brkDist=16.32% atr=6.42%  
                             :: no breakout, weak momentum, low volume          
[02/18/26 15:11:01] INFO     WAIT ARX conf=5 score=0.049 close=$10.48           
                             volRatio=0.73 ret5=-7.99% brkDist=34.13% atr=7.11% 
                             :: no breakout, weak momentum, low volume          
                    INFO     WAIT AS conf=9 score=0.088 close=$40.26            
                             volRatio=0.68 ret5=1.82% brkDist=2.54% atr=4.53% ::
                             no breakout, weak momentum, low volume             
[02/18/26 15:11:02] INFO     WAIT ASAN conf=10 score=0.096 close=$7.36          
                             volRatio=1.44 ret5=-10.46% brkDist=36.72% atr=8.86%
                             :: no breakout, weak momentum, low volume          
                    INFO     WAIT ASGN conf=5 score=0.052 close=$41.25          
                             volRatio=0.78 ret5=-17.60% brkDist=24.92% atr=7.07%
                             :: no breakout, weak momentum, low volume          
[02/18/26 15:11:03] INFO     WAIT ASIX conf=6 score=0.060 close=$18.10          
                             volRatio=0.89 ret5=-4.03% brkDist=7.18% atr=4.60%  
                             :: no breakout, weak momentum, low volume          
[02/18/26 15:11:04] INFO     WAIT ASO conf=10 score=0.097 close=$59.77          
                             volRatio=0.61 ret5=2.40% brkDist=1.29% atr=4.01% ::
                             no breakout, weak momentum, low volume             
                    INFO     WAIT ASPI conf=4 score=0.038 close=$5.38           
                             volRatio=0.56 ret5=-6.02% brkDist=37.38% atr=11.51%
                             :: no breakout, weak momentum, low volume          
[02/18/26 15:11:05] INFO     WAIT ASTE conf=10 score=0.101 close=$58.77         
                             volRatio=0.81 ret5=2.00% brkDist=2.03% atr=3.54% ::
                             no breakout, weak momentum, low volume             
[02/18/26 15:11:06] INFO     WAIT ASTH conf=3 score=0.032 close=$19.22          
                             volRatio=0.48 ret5=3.39% brkDist=33.15% atr=6.98%  
                             :: no breakout, weak momentum, low volume          
                    INFO     WAIT ASTL conf=6 score=0.063 close=$4.64           
                             volRatio=0.94 ret5=-5.69% brkDist=13.51% atr=8.71% 
                             :: no breakout, weak momentum, low volume          
[02/18/26 15:11:07] INFO     WAIT ASYS conf=3 score=0.027 close=$11.52          
                             volRatio=0.40 ret5=-8.28% brkDist=38.03% atr=15.04%
                             :: no breakout, weak momentum, low volume          
[02/18/26 15:11:08] INFO     WAIT ATAI conf=8 score=0.075 close=$3.80           
                             volRatio=1.13 ret5=-3.43% brkDist=8.87% atr=7.00%  
                             :: no breakout, weak momentum, low volume          
                    INFO     WAIT ATEC conf=3 score=0.034 close=$13.50          
                             volRatio=0.51 ret5=-0.07% brkDist=24.87% atr=5.38% 
                             :: no breakout, weak momentum, low volume          
[02/18/26 15:11:09] INFO     WAIT ATEX conf=85 score=0.846 close=$33.82         
                             volRatio=1.44 ret5=17.84% brkDist=-5.51% atr=6.95% 
                             :: low volume                                      
[02/18/26 15:11:10] INFO     WAIT ATRC conf=9 score=0.089 close=$32.97          
                             volRatio=1.34 ret5=-10.70% brkDist=21.12% atr=5.74%
                             :: no breakout, weak momentum, low volume          
                    INFO     WAIT ATRO conf=4 score=0.037 close=$76.97          
                             volRatio=0.56 ret5=-0.97% brkDist=6.01% atr=5.33%  
                             :: no breakout, weak momentum, low volume          
[02/18/26 15:11:11] INFO     Done. Signals generated: 102                       
