[01/28/26 07:30:17] INFO     signals-bot starting                                                                                                                          
                    INFO     run_id=daily_close_scan-20260128T053017Z                                                                                                      
                    INFO     config=/Users/talshitrit/Workspace/Personal/trading/trading-signals/config.yaml                                                               
                    INFO     Universe size: 25 tickers                                                                                                                     
[01/28/26 07:30:23] INFO     WAIT DKNG conf=7 score=0.066 close=$30.11 volRatio=0.99 ret5=-6.64% brkDist=18.58% atr=5.30% :: no breakout, weak momentum, low volume        
[01/28/26 07:30:24] INFO     WAIT ENPH conf=20 score=0.200 close=$39.93 volRatio=0.93 ret5=15.67% brkDist=6.33% atr=5.28% :: no breakout, weak momentum, low volume        
                    INFO     WAIT MARA conf=6 score=0.065 close=$10.52 volRatio=0.97 ret5=1.45% brkDist=9.04% atr=6.97% :: no breakout, weak momentum, low volume          
[01/28/26 07:30:31] INFO     WAIT RBLX conf=5 score=0.046 close=$72.14 volRatio=0.69 ret5=-8.50% brkDist=20.80% atr=6.35% :: no breakout, weak momentum, low volume        
[01/28/26 07:30:32] INFO     WAIT RIOT conf=6 score=0.064 close=$17.55 volRatio=0.97 ret5=-3.04% brkDist=9.49% atr=7.35% :: no breakout, weak momentum, low volume         
                    INFO     WAIT SMCI conf=4 score=0.044 close=$31.20 volRatio=0.66 ret5=-0.67% brkDist=7.24% atr=5.16% :: no breakout, weak momentum, low volume         
[01/28/26 07:30:33] INFO     WAIT SOFI conf=6 score=0.055 close=$25.46 volRatio=0.83 ret5=-0.12% brkDist=14.74% atr=3.81% :: no breakout, weak momentum, low volume        
         Signal Summary         
┏━━━━━━━━┳━━━━━━━━┳━━━━━━━━━━━━┓
┃ Action ┃ Ticker ┃ Confidence ┃
┡━━━━━━━━╇━━━━━━━━╇━━━━━━━━━━━━┩
│ WAIT   │ ENPH   │         20 │
│ WAIT   │ DKNG   │          7 │
│ WAIT   │ MARA   │          6 │
│ WAIT   │ RIOT   │          6 │
│ WAIT   │ SOFI   │          6 │
│ WAIT   │ RBLX   │          5 │
│ WAIT   │ SMCI   │          4 │
└────────┴────────┴────────────┘
[01/28/26 07:30:34] INFO     Done. Signals generated: 7                                                                                                                    
[01/28/26 15:10:02] INFO     signals-bot starting                               
                    INFO     run_id=daily_close_scan-20260128T131002Z           
                    INFO     config=/Users/talshitrit/Workspace/Personal/trading
                             /trading-signals/config.yaml                       
                    INFO     Universe size: 25 tickers                          
[01/28/26 15:10:09] INFO     WAIT DKNG conf=7 score=0.066 close=$30.11          
                             volRatio=0.99 ret5=-6.64% brkDist=18.58% atr=5.30% 
                             :: no breakout, weak momentum, low volume          
[01/28/26 15:10:10] INFO     WAIT ENPH conf=20 score=0.200 close=$39.93         
                             volRatio=0.93 ret5=15.67% brkDist=6.33% atr=5.28%  
                             :: no breakout, weak momentum, low volume          
                    INFO     WAIT MARA conf=6 score=0.065 close=$10.52          
                             volRatio=0.97 ret5=1.45% brkDist=9.04% atr=6.97% ::
                             no breakout, weak momentum, low volume             
[01/28/26 15:10:16] INFO     WAIT RBLX conf=5 score=0.046 close=$72.14          
                             volRatio=0.69 ret5=-8.50% brkDist=20.80% atr=6.35% 
                             :: no breakout, weak momentum, low volume          
[01/28/26 15:10:17] INFO     WAIT RIOT conf=6 score=0.064 close=$17.55          
                             volRatio=0.97 ret5=-3.04% brkDist=9.49% atr=7.35%  
                             :: no breakout, weak momentum, low volume          
[01/28/26 15:10:18] INFO     WAIT SMCI conf=4 score=0.044 close=$31.20          
                             volRatio=0.66 ret5=-0.67% brkDist=7.24% atr=5.16%  
                             :: no breakout, weak momentum, low volume          
[01/28/26 15:10:19] INFO     WAIT SOFI conf=6 score=0.055 close=$25.46          
                             volRatio=0.83 ret5=-0.12% brkDist=14.74% atr=3.81% 
                             :: no breakout, weak momentum, low volume          
         Signal Summary         
┏━━━━━━━━┳━━━━━━━━┳━━━━━━━━━━━━┓
┃ Action ┃ Ticker ┃ Confidence ┃
┡━━━━━━━━╇━━━━━━━━╇━━━━━━━━━━━━┩
│ WAIT   │ ENPH   │         20 │
│ WAIT   │ DKNG   │          7 │
│ WAIT   │ MARA   │          6 │
│ WAIT   │ RIOT   │          6 │
│ WAIT   │ SOFI   │          6 │
│ WAIT   │ RBLX   │          5 │
│ WAIT   │ SMCI   │          4 │
└────────┴────────┴────────────┘
[01/28/26 15:10:20] INFO     Done. Signals generated: 7                         
[01/28/26 15:37:55] INFO     signals-bot starting                                                                                                                          
                    INFO     run_id=daily_close_scan-20260128T133755Z                                                                                                      
                    INFO     config=/Users/talshitrit/Workspace/Personal/trading/trading-signals/config.yaml                                                               
                    INFO     Universe size: 25 tickers                                                                                                                     
[01/28/26 15:38:00] INFO     WAIT DKNG conf=7 score=0.066 close=$30.11 volRatio=0.99 ret5=-6.64% brkDist=18.58% atr=5.30% :: no breakout, weak momentum, low volume        
[01/28/26 15:38:01] INFO     WAIT ENPH conf=20 score=0.200 close=$39.93 volRatio=0.93 ret5=15.67% brkDist=6.33% atr=5.28% :: no breakout, weak momentum, low volume        
                    INFO     WAIT MARA conf=6 score=0.065 close=$10.52 volRatio=0.97 ret5=1.45% brkDist=9.04% atr=6.97% :: no breakout, weak momentum, low volume          
[01/28/26 15:38:07] INFO     WAIT RBLX conf=5 score=0.046 close=$72.14 volRatio=0.69 ret5=-8.50% brkDist=20.80% atr=6.35% :: no breakout, weak momentum, low volume        
[01/28/26 15:38:08] INFO     WAIT RIOT conf=6 score=0.064 close=$17.55 volRatio=0.97 ret5=-3.04% brkDist=9.49% atr=7.35% :: no breakout, weak momentum, low volume         
[01/28/26 15:38:09] INFO     WAIT SMCI conf=4 score=0.044 close=$31.20 volRatio=0.66 ret5=-0.67% brkDist=7.24% atr=5.16% :: no breakout, weak momentum, low volume         
[01/28/26 15:38:10] INFO     WAIT SOFI conf=6 score=0.055 close=$25.46 volRatio=0.83 ret5=-0.12% brkDist=14.74% atr=3.81% :: no breakout, weak momentum, low volume        
         Signal Summary         
┏━━━━━━━━┳━━━━━━━━┳━━━━━━━━━━━━┓
┃ Action ┃ Ticker ┃ Confidence ┃
┡━━━━━━━━╇━━━━━━━━╇━━━━━━━━━━━━┩
│ WAIT   │ ENPH   │         20 │
│ WAIT   │ DKNG   │          7 │
│ WAIT   │ MARA   │          6 │
│ WAIT   │ RIOT   │          6 │
│ WAIT   │ SOFI   │          6 │
│ WAIT   │ RBLX   │          5 │
│ WAIT   │ SMCI   │          4 │
└────────┴────────┴────────────┘
[01/28/26 15:38:11] INFO     Done. Signals generated: 7                                                                                                                    
[01/28/26 19:46:49] INFO     signals-bot starting                                                                                                                          
                    INFO     run_id=daily_close_scan-20260128T174649Z                                                                                                      
                    INFO     config=/Users/talshitrit/Workspace/Personal/trading/trading-signals/config.yaml                                                               
                    INFO     Universe size: 25 tickers                                                                                                                     
[01/28/26 19:46:55] INFO     WAIT DKNG conf=2 score=0.025 close=$30.14 volRatio=0.37 ret5=-4.58% brkDist=18.51% atr=5.28% :: no breakout, weak momentum, low volume        
                    INFO     WAIT ENPH conf=22 score=0.217 close=$41.09 volRatio=0.24 ret5=14.22% brkDist=3.62% atr=5.20% :: no breakout, weak momentum, low volume        
[01/28/26 19:46:56] INFO     WAIT MARA conf=2 score=0.025 close=$10.38 volRatio=0.37 ret5=-1.66% brkDist=10.20% atr=7.05% :: no breakout, weak momentum, low volume        
[01/28/26 19:47:02] INFO     WAIT RBLX conf=2 score=0.017 close=$75.15 volRatio=0.26 ret5=-0.70% brkDist=17.50% atr=6.31% :: no breakout, weak momentum, low volume        
                    INFO     WAIT RIOT conf=7 score=0.066 close=$17.61 volRatio=0.26 ret5=2.12% brkDist=9.15% atr=7.22% :: no breakout, weak momentum, low volume          
[01/28/26 19:47:03] INFO     WAIT SMCI conf=2 score=0.024 close=$31.71 volRatio=0.36 ret5=-1.63% brkDist=5.71% atr=5.14% :: no breakout, weak momentum, low volume         
[01/28/26 19:47:04] INFO     WAIT SOFI conf=3 score=0.027 close=$24.99 volRatio=0.40 ret5=-2.54% brkDist=16.31% atr=3.89% :: no breakout, weak momentum, low volume        
         Signal Summary         
┏━━━━━━━━┳━━━━━━━━┳━━━━━━━━━━━━┓
┃ Action ┃ Ticker ┃ Confidence ┃
┡━━━━━━━━╇━━━━━━━━╇━━━━━━━━━━━━┩
│ WAIT   │ ENPH   │         22 │
│ WAIT   │ RIOT   │          7 │
│ WAIT   │ SOFI   │          3 │
│ WAIT   │ MARA   │          2 │
│ WAIT   │ DKNG   │          2 │
│ WAIT   │ SMCI   │          2 │
│ WAIT   │ RBLX   │          2 │
└────────┴────────┴────────────┘
[01/28/26 19:47:05] INFO     Done. Signals generated: 7                                                                                                                    
[01/28/26 22:06:58] INFO     signals-bot starting                                                                                                                          
                    INFO     run_id=daily_close_scan-20260128T200658Z                                                                                                      
                    INFO     config=/Users/talshitrit/Workspace/Personal/trading/trading-signals/config.yaml                                                               
                    INFO     Universe size: 25 tickers                                                                                                                     
[01/28/26 22:07:03] INFO     WAIT DKNG conf=3 score=0.034 close=$30.27 volRatio=0.51 ret5=-4.15% brkDist=18.14% atr=5.25% :: no breakout, weak momentum, low volume        
[01/28/26 22:07:04] INFO     WAIT ENPH conf=21 score=0.210 close=$40.69 volRatio=0.38 ret5=13.12% brkDist=4.55% atr=5.25% :: no breakout, weak momentum, low volume        
[01/28/26 22:07:05] INFO     WAIT MARA conf=4 score=0.043 close=$10.56 volRatio=0.65 ret5=0.05% brkDist=8.65% atr=6.97% :: no breakout, weak momentum, low volume          
[01/28/26 22:07:11] INFO     WAIT RBLX conf=2 score=0.025 close=$75.45 volRatio=0.37 ret5=-0.30% brkDist=17.17% atr=6.29% :: no breakout, weak momentum, low volume        
[01/28/26 22:07:12] INFO     WAIT RIOT conf=9 score=0.091 close=$17.70 volRatio=0.44 ret5=2.64% brkDist=8.69% atr=7.33% :: no breakout, weak momentum, low volume          
                    INFO     WAIT SMCI conf=3 score=0.032 close=$31.48 volRatio=0.48 ret5=-2.37% brkDist=6.42% atr=5.20% :: no breakout, weak momentum, low volume         
[01/28/26 22:07:13] INFO     WAIT SOFI conf=4 score=0.041 close=$24.79 volRatio=0.62 ret5=-3.33% brkDist=17.00% atr=4.02% :: no breakout, weak momentum, low volume        
         Signal Summary         
┏━━━━━━━━┳━━━━━━━━┳━━━━━━━━━━━━┓
┃ Action ┃ Ticker ┃ Confidence ┃
┡━━━━━━━━╇━━━━━━━━╇━━━━━━━━━━━━┩
│ WAIT   │ ENPH   │         21 │
│ WAIT   │ RIOT   │          9 │
│ WAIT   │ MARA   │          4 │
│ WAIT   │ SOFI   │          4 │
│ WAIT   │ DKNG   │          3 │
│ WAIT   │ SMCI   │          3 │
│ WAIT   │ RBLX   │          2 │
└────────┴────────┴────────────┘
[01/28/26 22:07:14] INFO     Done. Signals generated: 7                                                                                                                    
