[01/29/26 13:03:10] INFO     signals-bot starting                                                                                                  
                    INFO     run_id=daily_close_scan-20260129T110310Z                                                                              
                    INFO     config=/Users/talshitrit/Workspace/Personal/trading/trading-signals/config.yaml                                       
                    INFO     Universe size: 25 tickers                                                                                             
[01/29/26 13:03:16] INFO     WAIT DKNG conf=6 score=0.061 close=$30.12 volRatio=0.92 ret5=-4.62% brkDist=18.55% atr=5.28% :: no breakout, weak     
                             momentum, low volume                                                                                                  
                    INFO     WAIT ENPH conf=23 score=0.229 close=$40.47 volRatio=0.80 ret5=12.51% brkDist=5.07% atr=5.28% :: no breakout, weak     
                             momentum, low volume                                                                                                  
[01/29/26 13:03:17] INFO     WAIT MARA conf=6 score=0.061 close=$10.37 volRatio=0.91 ret5=-1.80% brkDist=10.33% atr=7.11% :: no breakout, weak     
                             momentum, low volume                                                                                                  
[01/29/26 13:03:23] INFO     WAIT RBLX conf=5 score=0.050 close=$75.27 volRatio=0.74 ret5=-0.54% brkDist=17.37% atr=6.30% :: no breakout, weak     
                             momentum, low volume                                                                                                  
                    INFO     WAIT RIOT conf=9 score=0.090 close=$17.55 volRatio=0.74 ret5=1.74% brkDist=9.49% atr=7.40% :: no breakout, weak       
                             momentum, low volume                                                                                                  
[01/29/26 13:03:24] INFO     WAIT SMCI conf=5 score=0.051 close=$31.21 volRatio=0.76 ret5=-3.19% brkDist=7.21% atr=5.28% :: no breakout, weak      
                             momentum, low volume                                                                                                  
[01/29/26 13:03:25] INFO     WAIT SOFI conf=7 score=0.068 close=$24.60 volRatio=1.02 ret5=-4.06% brkDist=17.62% atr=4.07% :: no breakout, weak     
                             momentum, low volume                                                                                                  
         Signal Summary         
┏━━━━━━━━┳━━━━━━━━┳━━━━━━━━━━━━┓
┃ Action ┃ Ticker ┃ Confidence ┃
┡━━━━━━━━╇━━━━━━━━╇━━━━━━━━━━━━┩
│ WAIT   │ ENPH   │         23 │
│ WAIT   │ RIOT   │          9 │
│ WAIT   │ SOFI   │          7 │
│ WAIT   │ DKNG   │          6 │
│ WAIT   │ MARA   │          6 │
│ WAIT   │ SMCI   │          5 │
│ WAIT   │ RBLX   │          5 │
└────────┴────────┴────────────┘
[01/29/26 13:03:26] INFO     Done. Signals generated: 7                                                                                            
[01/29/26 13:46:09] INFO     signals-bot starting                                                                                                  
                    INFO     run_id=daily_close_scan-20260129T114609Z                                                                              
                    INFO     config=/Users/talshitrit/Workspace/Personal/trading/trading-signals/config.yaml                                       
                    INFO     Universe size: 25 tickers                                                                                             
[01/29/26 13:46:16] WARNING  Data provider failed for AAPL (finnhub): finnhub request failed: FinnhubAPIException(status_code: 403): You don't have
                             access to this resource.                                                                                              
[01/29/26 13:46:17] WARNING  Data provider failed for AAPL (yahoo): ['close']                                                                      
[01/29/26 13:46:18] WARNING  Data provider failed for AMD (finnhub): finnhub request failed: FinnhubAPIException(status_code: 403): You don't have 
                             access to this resource.                                                                                              
                    WARNING  Data provider failed for AMD (yahoo): ['close']                                                                       
[01/29/26 13:46:19] WARNING  Data provider failed for AMZN (finnhub): finnhub request failed: FinnhubAPIException(status_code: 403): You don't have
                             access to this resource.                                                                                              
                    WARNING  Data provider failed for AMZN (yahoo): ['close']                                                                      
[01/29/26 13:46:20] WARNING  Data provider failed for AVGO (finnhub): finnhub request failed: FinnhubAPIException(status_code: 403): You don't have
                             access to this resource.                                                                                              
[01/29/26 13:46:21] WARNING  Data provider failed for AVGO (yahoo): ['close']                                                                      
                    WARNING  Data provider failed for COIN (finnhub): finnhub request failed: FinnhubAPIException(status_code: 403): You don't have
                             access to this resource.                                                                                              
[01/29/26 13:46:22] WARNING  Data provider failed for COIN (yahoo): ['close']                                                                      
                    WARNING  Data provider failed for CRWD (finnhub): finnhub request failed: FinnhubAPIException(status_code: 403): You don't have
                             access to this resource.                                                                                              
[01/29/26 13:46:23] WARNING  Data provider failed for CRWD (yahoo): ['close']                                                                      
                    WARNING  Data provider failed for DDOG (finnhub): finnhub request failed: FinnhubAPIException(status_code: 403): You don't have
                             access to this resource.                                                                                              
[01/29/26 13:46:24] WARNING  Data provider failed for DDOG (yahoo): ['close']                                                                      
                    WARNING  Data provider failed for DKNG (finnhub): finnhub request failed: FinnhubAPIException(status_code: 403): You don't have
                             access to this resource.                                                                                              
[01/29/26 13:46:25] WARNING  Data provider failed for DKNG (yahoo): ['close']                                                                      
                    INFO     WAIT DKNG conf=6 score=0.061 close=$30.12 volRatio=0.92 ret5=-4.62% brkDist=18.55% atr=5.28% :: no breakout, weak     
                             momentum, low volume                                                                                                  
                    WARNING  Data provider failed for ENPH (finnhub): finnhub request failed: FinnhubAPIException(status_code: 403): You don't have
                             access to this resource.                                                                                              
[01/29/26 13:46:26] WARNING  Data provider failed for ENPH (yahoo): ['close']                                                                      
                    INFO     WAIT ENPH conf=23 score=0.229 close=$40.47 volRatio=0.80 ret5=12.51% brkDist=5.07% atr=5.28% :: no breakout, weak     
                             momentum, low volume                                                                                                  
                    WARNING  Data provider failed for MARA (finnhub): finnhub request failed: FinnhubAPIException(status_code: 403): You don't have
                             access to this resource.                                                                                              
[01/29/26 13:46:27] WARNING  Data provider failed for MARA (yahoo): ['close']                                                                      
                    INFO     WAIT MARA conf=6 score=0.061 close=$10.37 volRatio=0.91 ret5=-1.80% brkDist=10.33% atr=7.11% :: no breakout, weak     
                             momentum, low volume                                                                                                  
[01/29/26 13:46:28] WARNING  Data provider failed for META (finnhub): finnhub request failed: FinnhubAPIException(status_code: 403): You don't have
                             access to this resource.                                                                                              
                    WARNING  Data provider failed for META (yahoo): ['close']                                                                      
[01/29/26 13:46:29] WARNING  Data provider failed for MSFT (finnhub): finnhub request failed: FinnhubAPIException(status_code: 403): You don't have
                             access to this resource.                                                                                              
                    WARNING  Data provider failed for MSFT (yahoo): ['close']                                                                      
[01/29/26 13:46:30] WARNING  Data provider failed for MU (finnhub): finnhub request failed: FinnhubAPIException(status_code: 403): You don't have  
                             access to this resource.                                                                                              
                    WARNING  Data provider failed for MU (yahoo): ['close']                                                                        
[01/29/26 13:46:32] WARNING  Data provider failed for NET (finnhub): finnhub request failed: FinnhubAPIException(status_code: 403): You don't have 
                             access to this resource.                                                                                              
                    WARNING  Data provider failed for NET (yahoo): ['close']                                                                       
[01/29/26 13:46:33] WARNING  Data provider failed for NVDA (finnhub): finnhub request failed: FinnhubAPIException(status_code: 403): You don't have
                             access to this resource.                                                                                              
                    WARNING  Data provider failed for NVDA (yahoo): ['close']                                                                      
[01/29/26 13:46:34] WARNING  Data provider failed for PANW (finnhub): finnhub request failed: FinnhubAPIException(status_code: 403): You don't have
                             access to this resource.                                                                                              
                    WARNING  Data provider failed for PANW (yahoo): ['close']                                                                      
[01/29/26 13:46:35] WARNING  Data provider failed for PLTR (finnhub): finnhub request failed: FinnhubAPIException(status_code: 403): You don't have
                             access to this resource.                                                                                              
                    WARNING  Data provider failed for PLTR (yahoo): ['close']                                                                      
[01/29/26 13:46:36] WARNING  Data provider failed for QCOM (finnhub): finnhub request failed: FinnhubAPIException(status_code: 403): You don't have
                             access to this resource.                                                                                              
                    WARNING  Data provider failed for QCOM (yahoo): ['close']                                                                      
[01/29/26 13:46:38] WARNING  Data provider failed for RBLX (finnhub): finnhub request failed: FinnhubAPIException(status_code: 403): You don't have
                             access to this resource.                                                                                              
                    WARNING  Data provider failed for RBLX (yahoo): ['close']                                                                      
                    INFO     WAIT RBLX conf=5 score=0.050 close=$75.27 volRatio=0.74 ret5=-0.54% brkDist=17.37% atr=6.30% :: no breakout, weak     
                             momentum, low volume                                                                                                  
[01/29/26 13:46:39] WARNING  Data provider failed for RIOT (finnhub): finnhub request failed: FinnhubAPIException(status_code: 403): You don't have
                             access to this resource.                                                                                              
                    WARNING  Data provider failed for RIOT (yahoo): ['close']                                                                      
[01/29/26 13:46:40] INFO     WAIT RIOT conf=9 score=0.090 close=$17.55 volRatio=0.74 ret5=1.74% brkDist=9.49% atr=7.40% :: no breakout, weak       
                             momentum, low volume                                                                                                  
                    WARNING  Data provider failed for SMCI (finnhub): finnhub request failed: FinnhubAPIException(status_code: 403): You don't have
                             access to this resource.                                                                                              
                    WARNING  Data provider failed for SMCI (yahoo): ['close']                                                                      
[01/29/26 13:46:41] INFO     WAIT SMCI conf=5 score=0.051 close=$31.21 volRatio=0.76 ret5=-3.19% brkDist=7.21% atr=5.28% :: no breakout, weak      
                             momentum, low volume                                                                                                  
                    WARNING  Data provider failed for SNOW (finnhub): finnhub request failed: FinnhubAPIException(status_code: 403): You don't have
                             access to this resource.                                                                                              
                    WARNING  Data provider failed for SNOW (yahoo): ['close']                                                                      
[01/29/26 13:46:42] WARNING  Data provider failed for SOFI (finnhub): finnhub request failed: FinnhubAPIException(status_code: 403): You don't have
                             access to this resource.                                                                                              
                    WARNING  Data provider failed for SOFI (yahoo): ['close']                                                                      
                    INFO     WAIT SOFI conf=7 score=0.068 close=$24.60 volRatio=1.02 ret5=-4.06% brkDist=17.62% atr=4.07% :: no breakout, weak     
                             momentum, low volume                                                                                                  
[01/29/26 13:46:43] WARNING  Data provider failed for TSLA (finnhub): finnhub request failed: FinnhubAPIException(status_code: 403): You don't have
                             access to this resource.                                                                                              
                    WARNING  Data provider failed for TSLA (yahoo): ['close']                                                                      
[01/29/26 13:46:44] WARNING  Data provider failed for TSM (finnhub): finnhub request failed: FinnhubAPIException(status_code: 403): You don't have 
                             access to this resource.                                                                                              
                    WARNING  Data provider failed for TSM (yahoo): ['close']                                                                       
         Signal Summary         
┏━━━━━━━━┳━━━━━━━━┳━━━━━━━━━━━━┓
┃ Action ┃ Ticker ┃ Confidence ┃
┡━━━━━━━━╇━━━━━━━━╇━━━━━━━━━━━━┩
│ WAIT   │ ENPH   │         23 │
│ WAIT   │ RIOT   │          9 │
│ WAIT   │ SOFI   │          7 │
│ WAIT   │ DKNG   │          6 │
│ WAIT   │ MARA   │          6 │
│ WAIT   │ SMCI   │          5 │
│ WAIT   │ RBLX   │          5 │
└────────┴────────┴────────────┘
[01/29/26 13:46:45] INFO     Done. Signals generated: 7                                                                                            
[01/29/26 13:50:39] INFO     signals-bot starting                                                                                                  
                    INFO     run_id=daily_close_scan-20260129T115039Z                                                                              
                    INFO     config=/Users/talshitrit/Workspace/Personal/trading/trading-signals/config.yaml                                       
[01/29/26 13:50:40] INFO     Universe size: 25 tickers                                                                                             
                    WARNING  Finnhub access forbidden; disabling Finnhub for this run. Error: finnhub request failed (403):                        
                             FinnhubAPIException(status_code: 403): You don't have access to this resource.                                        
[01/29/26 13:50:41] WARNING  Data provider failed for AAPL (yahoo): ['close']                                                                      
[01/29/26 13:50:42] WARNING  Data provider failed for AMD (yahoo): ['close']                                                                       
[01/29/26 13:50:44] WARNING  Data provider failed for AMZN (yahoo): ['close']                                                                      
[01/29/26 13:50:45] WARNING  Data provider failed for AVGO (yahoo): ['close']                                                                      
[01/29/26 13:50:46] WARNING  Data provider failed for COIN (yahoo): ['close']                                                                      
[01/29/26 13:50:47] WARNING  Data provider failed for CRWD (yahoo): ['close']                                                                      
[01/29/26 13:50:48] WARNING  Data provider failed for DDOG (yahoo): ['close']                                                                      
[01/29/26 13:50:49] WARNING  Data provider failed for DKNG (yahoo): ['close']                                                                      
                    INFO     WAIT DKNG conf=6 score=0.061 close=$30.12 volRatio=0.92 ret5=-4.62% brkDist=18.55% atr=5.28% :: no breakout, weak     
                             momentum, low volume                                                                                                  
                    WARNING  Data provider failed for ENPH (yahoo): ['close']                                                                      
[01/29/26 13:50:50] INFO     WAIT ENPH conf=23 score=0.229 close=$40.47 volRatio=0.80 ret5=12.51% brkDist=5.07% atr=5.28% :: no breakout, weak     
                             momentum, low volume                                                                                                  
                    WARNING  Data provider failed for MARA (yahoo): ['close']                                                                      
[01/29/26 13:50:51] INFO     WAIT MARA conf=6 score=0.061 close=$10.37 volRatio=0.91 ret5=-1.80% brkDist=10.33% atr=7.11% :: no breakout, weak     
                             momentum, low volume                                                                                                  
                    WARNING  Data provider failed for META (yahoo): ['close']                                                                      
[01/29/26 13:50:52] WARNING  Data provider failed for MSFT (yahoo): ['close']                                                                      
[01/29/26 13:50:53] WARNING  Data provider failed for MU (yahoo): ['close']                                                                        
[01/29/26 13:50:54] WARNING  Data provider failed for NET (yahoo): ['close']                                                                       
[01/29/26 13:50:55] WARNING  Data provider failed for NVDA (yahoo): ['close']                                                                      
[01/29/26 13:50:56] WARNING  Data provider failed for PANW (yahoo): ['close']                                                                      
[01/29/26 13:50:57] WARNING  Data provider failed for PLTR (yahoo): ['close']                                                                      
[01/29/26 13:50:58] WARNING  Data provider failed for QCOM (yahoo): ['close']                                                                      
[01/29/26 13:50:59] WARNING  Data provider failed for RBLX (yahoo): ['close']                                                                      
                    INFO     WAIT RBLX conf=5 score=0.050 close=$75.27 volRatio=0.74 ret5=-0.54% brkDist=17.37% atr=6.30% :: no breakout, weak     
                             momentum, low volume                                                                                                  
                    WARNING  Data provider failed for RIOT (yahoo): ['close']                                                                      
[01/29/26 13:51:00] INFO     WAIT RIOT conf=9 score=0.090 close=$17.55 volRatio=0.74 ret5=1.74% brkDist=9.49% atr=7.40% :: no breakout, weak       
                             momentum, low volume                                                                                                  
                    WARNING  Data provider failed for SMCI (yahoo): ['close']                                                                      
[01/29/26 13:51:01] INFO     WAIT SMCI conf=5 score=0.051 close=$31.21 volRatio=0.76 ret5=-3.19% brkDist=7.21% atr=5.28% :: no breakout, weak      
                             momentum, low volume                                                                                                  
                    WARNING  Data provider failed for SNOW (yahoo): ['close']                                                                      
[01/29/26 13:51:02] WARNING  Data provider failed for SOFI (yahoo): ['close']                                                                      
                    INFO     WAIT SOFI conf=7 score=0.068 close=$24.60 volRatio=1.02 ret5=-4.06% brkDist=17.62% atr=4.07% :: no breakout, weak     
                             momentum, low volume                                                                                                  
[01/29/26 13:51:03] WARNING  Data provider failed for TSLA (yahoo): ['close']                                                                      
                    WARNING  Data provider failed for TSM (yahoo): ['close']                                                                       
         Signal Summary         
┏━━━━━━━━┳━━━━━━━━┳━━━━━━━━━━━━┓
┃ Action ┃ Ticker ┃ Confidence ┃
┡━━━━━━━━╇━━━━━━━━╇━━━━━━━━━━━━┩
│ WAIT   │ ENPH   │         23 │
│ WAIT   │ RIOT   │          9 │
│ WAIT   │ SOFI   │          7 │
│ WAIT   │ DKNG   │          6 │
│ WAIT   │ MARA   │          6 │
│ WAIT   │ SMCI   │          5 │
│ WAIT   │ RBLX   │          5 │
└────────┴────────┴────────────┘
[01/29/26 13:51:04] INFO     Done. Signals generated: 7                                                                                            
[01/29/26 13:53:33] INFO     signals-bot starting                                                                                                  
                    INFO     run_id=daily_close_scan-20260129T115333Z                                                                              
                    INFO     config=/Users/talshitrit/Workspace/Personal/trading/trading-signals/config.yaml                                       
                    INFO     Universe size: 25 tickers                                                                                             
[01/29/26 13:53:38] INFO     WAIT DKNG conf=6 score=0.061 close=$30.12 volRatio=0.92 ret5=-4.62% brkDist=18.55% atr=5.28% :: no breakout, weak     
                             momentum, low volume                                                                                                  
[01/29/26 13:53:39] INFO     WAIT ENPH conf=23 score=0.229 close=$40.47 volRatio=0.80 ret5=12.51% brkDist=5.07% atr=5.28% :: no breakout, weak     
                             momentum, low volume                                                                                                  
[01/29/26 13:53:40] INFO     WAIT MARA conf=6 score=0.061 close=$10.37 volRatio=0.91 ret5=-1.80% brkDist=10.33% atr=7.11% :: no breakout, weak     
                             momentum, low volume                                                                                                  
[01/29/26 13:53:46] INFO     WAIT RBLX conf=5 score=0.050 close=$75.27 volRatio=0.74 ret5=-0.54% brkDist=17.37% atr=6.30% :: no breakout, weak     
                             momentum, low volume                                                                                                  
                    INFO     WAIT RIOT conf=9 score=0.090 close=$17.55 volRatio=0.74 ret5=1.74% brkDist=9.49% atr=7.40% :: no breakout, weak       
                             momentum, low volume                                                                                                  
[01/29/26 13:53:47] INFO     WAIT SMCI conf=5 score=0.051 close=$31.21 volRatio=0.76 ret5=-3.19% brkDist=7.21% atr=5.28% :: no breakout, weak      
                             momentum, low volume                                                                                                  
[01/29/26 13:53:48] INFO     WAIT SOFI conf=7 score=0.068 close=$24.60 volRatio=1.02 ret5=-4.06% brkDist=17.62% atr=4.07% :: no breakout, weak     
                             momentum, low volume                                                                                                  
         Signal Summary         
┏━━━━━━━━┳━━━━━━━━┳━━━━━━━━━━━━┓
┃ Action ┃ Ticker ┃ Confidence ┃
┡━━━━━━━━╇━━━━━━━━╇━━━━━━━━━━━━┩
│ WAIT   │ ENPH   │         23 │
│ WAIT   │ RIOT   │          9 │
│ WAIT   │ SOFI   │          7 │
│ WAIT   │ DKNG   │          6 │
│ WAIT   │ MARA   │          6 │
│ WAIT   │ SMCI   │          5 │
│ WAIT   │ RBLX   │          5 │
└────────┴────────┴────────────┘
[01/29/26 13:53:49] INFO     Done. Signals generated: 7                                                                                            
[01/29/26 15:10:02] INFO     signals-bot starting                               
                    INFO     run_id=daily_close_scan-20260129T131002Z           
                    INFO     config=/Users/talshitrit/Workspace/Personal/trading
                             /trading-signals/config.yaml                       
                    INFO     Universe size: 114 tickers                         
[01/29/26 15:10:03] WARNING  Data provider failed for AA (stooq): empty         
                             dataframe from stooq                               
[01/29/26 15:10:04] WARNING  Data provider failed for AA (yahoo): ['close']     
                    WARNING  Data provider failed for AAL (stooq): empty        
                             dataframe from stooq                               
                    WARNING  Data provider failed for AAL (yahoo): ['close']    
[01/29/26 15:10:05] WARNING  Data provider failed for AAMI (stooq): empty       
                             dataframe from stooq                               
                    WARNING  Data provider failed for AAMI (yahoo): ['close']   
[01/29/26 15:10:06] WARNING  Data provider failed for AAOI (stooq): empty       
                             dataframe from stooq                               
                    WARNING  Data provider failed for AAOI (yahoo): ['close']   
                    WARNING  Data provider failed for AAP (stooq): empty        
                             dataframe from stooq                               
[01/29/26 15:10:07] WARNING  Data provider failed for AAP (yahoo): ['close']    
                    WARNING  Data provider failed for AAUC (stooq): empty       
                             dataframe from stooq                               
[01/29/26 15:10:08] WARNING  Data provider failed for AAUC (yahoo): ['close']   
                    WARNING  Data provider failed for ABAT (stooq): empty       
                             dataframe from stooq                               
                    WARNING  Data provider failed for ABAT (yahoo): ['close']   
[01/29/26 15:10:09] WARNING  Data provider failed for ABCL (stooq): empty       
                             dataframe from stooq                               
                    WARNING  Data provider failed for ABCL (yahoo): ['close']   
[01/29/26 15:10:10] WARNING  Data provider failed for ABEO (stooq): empty       
                             dataframe from stooq                               
                    WARNING  Data provider failed for ABEO (yahoo): ['close']   
                    WARNING  Data provider failed for ABSI (stooq): empty       
                             dataframe from stooq                               
[01/29/26 15:10:11] WARNING  Data provider failed for ABSI (yahoo): ['close']   
                    WARNING  Data provider failed for ABUS (stooq): empty       
                             dataframe from stooq                               
                    WARNING  Data provider failed for ABUS (yahoo): ['close']   
[01/29/26 15:10:12] WARNING  Data provider failed for ACAD (stooq): empty       
                             dataframe from stooq                               
                    WARNING  Data provider failed for ACAD (yahoo): ['close']   
                    WARNING  Data provider failed for ACHC (stooq): empty       
                             dataframe from stooq                               
[01/29/26 15:10:13] WARNING  Data provider failed for ACHC (yahoo): ['close']   
                    WARNING  Data provider failed for ACHR (stooq): empty       
                             dataframe from stooq                               
                    WARNING  Data provider failed for ACHR (yahoo): ['close']   
[01/29/26 15:10:14] WARNING  Data provider failed for ACIW (stooq): empty       
                             dataframe from stooq                               
                    WARNING  Data provider failed for ACIW (yahoo): ['close']   
[01/29/26 15:10:15] WARNING  Data provider failed for ACLX (stooq): empty       
                             dataframe from stooq                               
                    WARNING  Data provider failed for ACLX (yahoo): ['close']   
                    WARNING  Data provider failed for ACMR (stooq): empty       
                             dataframe from stooq                               
[01/29/26 15:10:16] WARNING  Data provider failed for ACMR (yahoo): ['close']   
                    WARNING  Data provider failed for ACRS (stooq): empty       
                             dataframe from stooq                               
                    WARNING  Data provider failed for ACRS (yahoo): ['close']   
[01/29/26 15:10:17] WARNING  Data provider failed for ACVA (stooq): empty       
                             dataframe from stooq                               
                    WARNING  Data provider failed for ACVA (yahoo): ['close']   
                    WARNING  Data provider failed for AD (stooq): empty         
                             dataframe from stooq                               
[01/29/26 15:10:18] WARNING  Data provider failed for AD (yahoo): ['close']     
                    WARNING  Data provider failed for ADEA (stooq): empty       
                             dataframe from stooq                               
                    WARNING  Data provider failed for ADEA (yahoo): ['close']   
[01/29/26 15:10:19] WARNING  Data provider failed for ADMA (stooq): empty       
                             dataframe from stooq                               
                    WARNING  Data provider failed for ADMA (yahoo): ['close']   
                    WARNING  Data provider failed for ADNT (stooq): empty       
                             dataframe from stooq                               
[01/29/26 15:10:20] WARNING  Data provider failed for ADNT (yahoo): ['close']   
                    WARNING  Data provider failed for ADPT (stooq): empty       
                             dataframe from stooq                               
[01/29/26 15:10:21] WARNING  Data provider failed for ADPT (yahoo): ['close']   
                    WARNING  Data provider failed for ADTN (stooq): empty       
                             dataframe from stooq                               
[01/29/26 15:10:22] WARNING  Data provider failed for ADTN (yahoo): ['close']   
                    WARNING  Data provider failed for ADUR (stooq): empty       
                             dataframe from stooq                               
                    WARNING  Data provider failed for ADUR (yahoo): ['close']   
[01/29/26 15:10:23] WARNING  Data provider failed for AEHR (stooq): empty       
                             dataframe from stooq                               
                    WARNING  Data provider failed for AEHR (yahoo): ['close']   
                    WARNING  Data provider failed for AEO (stooq): empty        
                             dataframe from stooq                               
[01/29/26 15:10:24] WARNING  Data provider failed for AEO (yahoo): ['close']    
                    WARNING  Data provider failed for AES (stooq): empty        
                             dataframe from stooq                               
                    WARNING  Data provider failed for AES (yahoo): ['close']    
[01/29/26 15:10:25] WARNING  Data provider failed for AESI (stooq): empty       
                             dataframe from stooq                               
                    WARNING  Data provider failed for AESI (yahoo): ['close']   
                    WARNING  Data provider failed for AEVA (stooq): empty       
                             dataframe from stooq                               
[01/29/26 15:10:26] WARNING  Data provider failed for AEVA (yahoo): ['close']   
                    WARNING  Data provider failed for AFRM (stooq): empty       
                             dataframe from stooq                               
                    WARNING  Data provider failed for AFRM (yahoo): ['close']   
[01/29/26 15:10:27] WARNING  Data provider failed for AG (stooq): empty         
                             dataframe from stooq                               
                    WARNING  Data provider failed for AG (yahoo): ['close']     
                    WARNING  Data provider failed for AGI (stooq): empty        
                             dataframe from stooq                               
[01/29/26 15:10:28] WARNING  Data provider failed for AGI (yahoo): ['close']    
                    WARNING  Data provider failed for AGIO (stooq): empty       
                             dataframe from stooq                               
[01/29/26 15:10:29] WARNING  Data provider failed for AGIO (yahoo): ['close']   
                    WARNING  Data provider failed for AGRO (stooq): empty       
                             dataframe from stooq                               
                    WARNING  Data provider failed for AGRO (yahoo): ['close']   
[01/29/26 15:10:30] WARNING  Data provider failed for AHCO (stooq): empty       
                             dataframe from stooq                               
                    WARNING  Data provider failed for AHCO (yahoo): ['close']   
                    WARNING  Data provider failed for AI (stooq): empty         
                             dataframe from stooq                               
[01/29/26 15:10:31] WARNING  Data provider failed for AI (yahoo): ['close']     
                    WARNING  Data provider failed for AIP (stooq): empty        
                             dataframe from stooq                               
[01/29/26 15:10:32] WARNING  Data provider failed for AIP (yahoo): ['close']    
                    WARNING  Data provider failed for AIRO (stooq): empty       
                             dataframe from stooq                               
                    WARNING  Data provider failed for AIRO (yahoo): ['close']   
[01/29/26 15:10:33] WARNING  Data provider failed for AIRS (stooq): empty       
                             dataframe from stooq                               
                    WARNING  Data provider failed for AIRS (yahoo): ['close']   
                    WARNING  Data provider failed for ALGM (stooq): empty       
                             dataframe from stooq                               
[01/29/26 15:10:34] WARNING  Data provider failed for ALGM (yahoo): ['close']   
                    WARNING  Data provider failed for ALH (stooq): empty        
                             dataframe from stooq                               
                    WARNING  Data provider failed for ALH (yahoo): ['close']    
[01/29/26 15:10:35] WARNING  Data provider failed for ALHC (stooq): empty       
                             dataframe from stooq                               
                    WARNING  Data provider failed for ALHC (yahoo): ['close']   
                    WARNING  Data provider failed for ALK (stooq): empty        
                             dataframe from stooq                               
[01/29/26 15:10:36] WARNING  Data provider failed for ALK (yahoo): ['close']    
                    WARNING  Data provider failed for ALKS (stooq): empty       
                             dataframe from stooq                               
[01/29/26 15:10:37] WARNING  Data provider failed for ALKS (yahoo): ['close']   
                    WARNING  Data provider failed for ALKT (stooq): empty       
                             dataframe from stooq                               
                    WARNING  Data provider failed for ALKT (yahoo): ['close']   
[01/29/26 15:10:38] WARNING  Data provider failed for ALLY (stooq): empty       
                             dataframe from stooq                               
                    WARNING  Data provider failed for ALLY (yahoo): ['close']   
                    WARNING  Data provider failed for ALM (stooq): empty        
                             dataframe from stooq                               
[01/29/26 15:10:39] WARNING  Data provider failed for ALM (yahoo): ['close']    
                    WARNING  Data provider failed for ALMS (stooq): empty       
                             dataframe from stooq                               
                    WARNING  Data provider failed for ALMS (yahoo): ['close']   
[01/29/26 15:10:40] WARNING  Data provider failed for ALMU (stooq): empty       
                             dataframe from stooq                               
                    WARNING  Data provider failed for ALMU (yahoo): ['close']   
                    WARNING  Data provider failed for ALNT (stooq): empty       
                             dataframe from stooq                               
[01/29/26 15:10:41] WARNING  Data provider failed for ALNT (yahoo): ['close']   
                    WARNING  Data provider failed for ALT (stooq): empty        
                             dataframe from stooq                               
[01/29/26 15:10:42] WARNING  Data provider failed for ALT (yahoo): ['close']    
                    WARNING  Data provider failed for ALTS (stooq): empty       
                             dataframe from stooq                               
                    WARNING  Data provider failed for ALTS (yahoo): ['close']   
[01/29/26 15:10:43] WARNING  Data provider failed for AMAL (stooq): empty       
                             dataframe from stooq                               
                    WARNING  Data provider failed for AMAL (yahoo): ['close']   
[01/29/26 15:10:44] WARNING  Data provider failed for AMBA (stooq): empty       
                             dataframe from stooq                               
                    WARNING  Data provider failed for AMBA (yahoo): ['close']   
                    WARNING  Data provider failed for AMBQ (stooq): empty       
                             dataframe from stooq                               
[01/29/26 15:10:45] WARNING  Data provider failed for AMBQ (yahoo): ['close']   
                    WARNING  Data provider failed for AMKR (stooq): empty       
                             dataframe from stooq                               
                    WARNING  Data provider failed for AMKR (yahoo): ['close']   
[01/29/26 15:10:46] WARNING  Data provider failed for AMLX (stooq): empty       
                             dataframe from stooq                               
                    WARNING  Data provider failed for AMLX (yahoo): ['close']   
                    WARNING  Data provider failed for AMN (stooq): empty        
                             dataframe from stooq                               
[01/29/26 15:10:47] WARNING  Data provider failed for AMN (yahoo): ['close']    
                    WARNING  Data provider failed for AMPH (stooq): empty       
                             dataframe from stooq                               
                    WARNING  Data provider failed for AMPH (yahoo): ['close']   
[01/29/26 15:10:48] WARNING  Data provider failed for AMPL (stooq): empty       
                             dataframe from stooq                               
                    WARNING  Data provider failed for AMPL (yahoo): ['close']   
                    WARNING  Data provider failed for AMPX (stooq): empty       
                             dataframe from stooq                               
[01/29/26 15:10:49] WARNING  Data provider failed for AMPX (yahoo): ['close']   
                    WARNING  Data provider failed for AMRC (stooq): empty       
                             dataframe from stooq                               
                    WARNING  Data provider failed for AMRC (yahoo): ['close']   
[01/29/26 15:10:50] WARNING  Data provider failed for AMSC (stooq): empty       
                             dataframe from stooq                               
                    WARNING  Data provider failed for AMSC (yahoo): ['close']   
[01/29/26 15:10:51] WARNING  Data provider failed for AMTB (stooq): empty       
                             dataframe from stooq                               
[01/29/26 15:10:52] WARNING  Data provider failed for AMTB (yahoo): ['close']   
                    WARNING  Data provider failed for AMWD (stooq): empty       
                             dataframe from stooq                               
                    WARNING  Data provider failed for AMWD (yahoo): ['close']   
[01/29/26 15:10:53] WARNING  Data provider failed for ANAB (stooq): empty       
                             dataframe from stooq                               
                    WARNING  Data provider failed for ANAB (yahoo): ['close']   
                    WARNING  Data provider failed for ANDE (stooq): empty       
                             dataframe from stooq                               
[01/29/26 15:10:54] WARNING  Data provider failed for ANDE (yahoo): ['close']   
                    WARNING  Data provider failed for ANGH (stooq): empty       
                             dataframe from stooq                               
                    WARNING  Data provider failed for ANGH (yahoo): ['close']   
[01/29/26 15:10:55] WARNING  Data provider failed for ANGI (stooq): empty       
                             dataframe from stooq                               
                    WARNING  Data provider failed for ANGI (yahoo): ['close']   
                    WARNING  Data provider failed for ANGO (stooq): empty       
                             dataframe from stooq                               
[01/29/26 15:10:56] WARNING  Data provider failed for ANGO (yahoo): ['close']   
                    WARNING  Data provider failed for ANIP (stooq): empty       
                             dataframe from stooq                               
[01/29/26 15:10:59] WARNING  Data provider failed for ANIP (yahoo): ['close']   
                    WARNING  Data provider failed for ANNX (stooq): empty       
                             dataframe from stooq                               
[01/29/26 15:11:00] WARNING  Data provider failed for ANNX (yahoo): ['close']   
[01/29/26 15:11:01] WARNING  Data provider failed for AORT (stooq): empty       
                             dataframe from stooq                               
                    WARNING  Data provider failed for AORT (yahoo): ['close']   
                    WARNING  Data provider failed for AOSL (stooq): empty       
                             dataframe from stooq                               
[01/29/26 15:11:02] WARNING  Data provider failed for AOSL (yahoo): ['close']   
                    WARNING  Data provider failed for APA (stooq): empty        
                             dataframe from stooq                               
[01/29/26 15:11:03] WARNING  Data provider failed for APA (yahoo): ['close']    
                    WARNING  Data provider failed for APEI (stooq): empty       
                             dataframe from stooq                               
[01/29/26 15:11:04] WARNING  Data provider failed for APEI (yahoo): ['close']   
                    WARNING  Data provider failed for APGE (stooq): empty       
                             dataframe from stooq                               
                    WARNING  Data provider failed for APGE (yahoo): ['close']   
[01/29/26 15:11:05] WARNING  Data provider failed for APLD (stooq): empty       
                             dataframe from stooq                               
                    WARNING  Data provider failed for APLD (yahoo): ['close']   
[01/29/26 15:11:06] WARNING  Data provider failed for APLS (stooq): empty       
                             dataframe from stooq                               
                    WARNING  Data provider failed for APLS (yahoo): ['close']   
                    WARNING  Data provider failed for APOG (stooq): empty       
                             dataframe from stooq                               
[01/29/26 15:11:07] WARNING  Data provider failed for APOG (yahoo): ['close']   
                    WARNING  Data provider failed for APPN (stooq): empty       
                             dataframe from stooq                               
[01/29/26 15:11:08] WARNING  Data provider failed for APPN (yahoo): ['close']   
                    WARNING  Data provider failed for APPS (stooq): empty       
                             dataframe from stooq                               
                    WARNING  Data provider failed for APPS (yahoo): ['close']   
[01/29/26 15:11:09] WARNING  Data provider failed for APTV (stooq): empty       
                             dataframe from stooq                               
                    WARNING  Data provider failed for APTV (yahoo): ['close']   
                    WARNING  Data provider failed for AQST (stooq): empty       
                             dataframe from stooq                               
[01/29/26 15:11:10] WARNING  Data provider failed for AQST (yahoo): ['close']   
                    WARNING  Data provider failed for AR (stooq): empty         
                             dataframe from stooq                               
                    WARNING  Data provider failed for AR (yahoo): ['close']     
[01/29/26 15:11:11] WARNING  Data provider failed for ARAI (stooq): empty       
                             dataframe from stooq                               
                    WARNING  Data provider failed for ARAI (yahoo): ['close']   
                    WARNING  Data provider failed for ARDX (stooq): empty       
                             dataframe from stooq                               
[01/29/26 15:11:12] WARNING  Data provider failed for ARDX (yahoo): ['close']   
                    WARNING  Data provider failed for AREC (stooq): empty       
                             dataframe from stooq                               
                    WARNING  Data provider failed for AREC (yahoo): ['close']   
[01/29/26 15:11:13] WARNING  Data provider failed for ARHS (stooq): empty       
                             dataframe from stooq                               
                    WARNING  Data provider failed for ARHS (yahoo): ['close']   
[01/29/26 15:11:14] WARNING  Data provider failed for ARLO (stooq): empty       
                             dataframe from stooq                               
                    WARNING  Data provider failed for ARLO (yahoo): ['close']   
                    WARNING  Data provider failed for ARQQ (stooq): empty       
                             dataframe from stooq                               
[01/29/26 15:11:15] WARNING  Data provider failed for ARQQ (yahoo): ['close']   
                    WARNING  Data provider failed for ARQT (stooq): empty       
                             dataframe from stooq                               
                    WARNING  Data provider failed for ARQT (yahoo): ['close']   
[01/29/26 15:11:16] WARNING  Data provider failed for ARRY (stooq): empty       
                             dataframe from stooq                               
                    WARNING  Data provider failed for ARRY (yahoo): ['close']   
                    WARNING  Data provider failed for ARVN (stooq): empty       
                             dataframe from stooq                               
[01/29/26 15:11:17] WARNING  Data provider failed for ARVN (yahoo): ['close']   
                    WARNING  Data provider failed for ARWR (stooq): empty       
                             dataframe from stooq                               
                    WARNING  Data provider failed for ARWR (yahoo): ['close']   
[01/29/26 15:11:18] WARNING  Data provider failed for ARX (stooq): empty        
                             dataframe from stooq                               
                    WARNING  Data provider failed for ARX (yahoo): ['close']    
                    WARNING  Data provider failed for AS (stooq): empty         
                             dataframe from stooq                               
[01/29/26 15:11:19] WARNING  Data provider failed for AS (yahoo): ['close']     
                    WARNING  Data provider failed for ASAN (stooq): empty       
                             dataframe from stooq                               
                    WARNING  Data provider failed for ASAN (yahoo): ['close']   
[01/29/26 15:11:20] WARNING  Data provider failed for ASGN (stooq): empty       
                             dataframe from stooq                               
                    WARNING  Data provider failed for ASGN (yahoo): ['close']   
                    WARNING  Data provider failed for ASIX (stooq): empty       
                             dataframe from stooq                               
[01/29/26 15:11:21] WARNING  Data provider failed for ASIX (yahoo): ['close']   
                    WARNING  Data provider failed for ASO (stooq): empty        
                             dataframe from stooq                               
                    WARNING  Data provider failed for ASO (yahoo): ['close']    
[01/29/26 15:11:22] WARNING  Data provider failed for ASPI (stooq): empty       
                             dataframe from stooq                               
                    WARNING  Data provider failed for ASPI (yahoo): ['close']   
                    WARNING  Data provider failed for ASPN (stooq): empty       
                             dataframe from stooq                               
[01/29/26 15:11:23] WARNING  Data provider failed for ASPN (yahoo): ['close']   
                    WARNING  Data provider failed for ASTE (stooq): empty       
                             dataframe from stooq                               
[01/29/26 15:11:24] WARNING  Data provider failed for ASTE (yahoo): ['close']   
                    WARNING  Data provider failed for ASTH (stooq): empty       
                             dataframe from stooq                               
                    WARNING  Data provider failed for ASTH (yahoo): ['close']   
[01/29/26 15:11:25] WARNING  Data provider failed for ASTL (stooq): empty       
                             dataframe from stooq                               
                    WARNING  Data provider failed for ASTL (yahoo): ['close']   
                    WARNING  Data provider failed for ASYS (stooq): empty       
                             dataframe from stooq                               
[01/29/26 15:11:26] WARNING  Data provider failed for ASYS (yahoo): ['close']   
                    WARNING  Data provider failed for ATAI (stooq): empty       
                             dataframe from stooq                               
                    WARNING  Data provider failed for ATAI (yahoo): ['close']   
[01/29/26 15:11:27] WARNING  Data provider failed for ATEC (stooq): empty       
                             dataframe from stooq                               
                    WARNING  Data provider failed for ATEC (yahoo): ['close']   
                    WARNING  Data provider failed for ATEX (stooq): empty       
                             dataframe from stooq                               
[01/29/26 15:11:28] WARNING  Data provider failed for ATEX (yahoo): ['close']   
                    WARNING  Data provider failed for ATRC (stooq): empty       
                             dataframe from stooq                               
                    WARNING  Data provider failed for ATRC (yahoo): ['close']   
[01/29/26 15:11:29] WARNING  Data provider failed for ATRO (stooq): empty       
                             dataframe from stooq                               
                    WARNING  Data provider failed for ATRO (yahoo): ['close']   
                    INFO     Done. Signals generated: 0                         
