[02/02/26 15:10:03] INFO     signals-bot starting                               
                    INFO     run_id=daily_close_scan-20260202T131003Z           
                    INFO     config=/Users/talshitrit/Workspace/Personal/trading
                             /trading-signals/config.yaml                       
                    INFO     Universe size: 114 tickers                         
[02/02/26 15:10:04] INFO     WAIT AA conf=7 score=0.067 close=$56.81            
                             volRatio=1.00 ret5=-8.68% brkDist=15.15% atr=5.74% 
                             :: no breakout, weak momentum, low volume          
[02/02/26 15:10:05] INFO     WAIT AAL conf=5 score=0.053 close=$13.30           
                             volRatio=0.79 ret5=-9.34% brkDist=19.39% atr=4.37% 
                             :: no breakout, weak momentum, low volume          
                    INFO     WAIT AAMI conf=14 score=0.136 close=$55.42         
                             volRatio=1.90 ret5=0.42% brkDist=1.55% atr=3.07% ::
                             no breakout, weak momentum, low volume             
[02/02/26 15:10:06] INFO     WAIT AAOI conf=43 score=0.427 close=$43.61         
                             volRatio=2.24 ret5=22.09% brkDist=5.81% atr=9.53%  
                             :: no breakout, low volume                         
[02/02/26 15:10:07] INFO     WAIT AAP conf=13 score=0.130 close=$48.01          
                             volRatio=1.03 ret5=2.65% brkDist=5.83% atr=4.78% ::
                             no breakout, weak momentum, low volume             
                    INFO     WAIT AAUC conf=17 score=0.174 close=$31.45         
                             volRatio=1.40 ret5=3.45% brkDist=1.96% atr=3.28% ::
                             no breakout, weak momentum, low volume             
[02/02/26 15:10:08] INFO     WAIT ABAT conf=7 score=0.066 close=$4.04           
                             volRatio=1.00 ret5=-14.04% brkDist=24.20%          
                             atr=13.84% :: no breakout, weak momentum, low      
                             volume                                             
                    INFO     WAIT ABCL conf=6 score=0.059 close=$3.62           
                             volRatio=0.89 ret5=-14.62% brkDist=25.36% atr=8.51%
                             :: no breakout, weak momentum, low volume          
[02/02/26 15:10:09] INFO     WAIT ABEO conf=3 score=0.035 close=$5.09           
                             volRatio=0.52 ret5=-1.36% brkDist=10.47% atr=5.06% 
                             :: no breakout, weak momentum, low volume          
                    INFO     WAIT ABSI conf=6 score=0.058 close=$2.99           
                             volRatio=0.87 ret5=2.75% brkDist=28.04% atr=6.25%  
                             :: no breakout, weak momentum, low volume          
[02/02/26 15:10:10] INFO     WAIT ABUS conf=4 score=0.040 close=$4.13           
                             volRatio=0.60 ret5=1.72% brkDist=18.22% atr=6.12%  
                             :: no breakout, weak momentum, low volume          
                    INFO     WAIT ACAD conf=6 score=0.064 close=$25.13          
                             volRatio=0.96 ret5=-6.37% brkDist=9.64% atr=3.74%  
                             :: no breakout, weak momentum, low volume          
[02/02/26 15:10:11] INFO     WAIT ACHC conf=6 score=0.063 close=$13.44          
                             volRatio=0.94 ret5=-11.75% brkDist=14.88% atr=7.80%
                             :: no breakout, weak momentum, low volume          
[02/02/26 15:10:12] INFO     WAIT ACHR conf=5 score=0.048 close=$7.19           
                             volRatio=0.72 ret5=-16.49% brkDist=22.60% atr=8.01%
                             :: no breakout, weak momentum, low volume          
[02/02/26 15:10:13] INFO     WAIT ACIW conf=11 score=0.113 close=$43.36         
                             volRatio=1.69 ret5=-1.52% brkDist=10.13% atr=3.13% 
                             :: no breakout, weak momentum, low volume          
                    INFO     WAIT ACLX conf=6 score=0.059 close=$68.31          
                             volRatio=0.89 ret5=0.90% brkDist=10.71% atr=4.99%  
                             :: no breakout, weak momentum, low volume          
[02/02/26 15:10:14] INFO     WAIT ACMR conf=69 score=0.687 close=$58.12         
                             volRatio=1.66 ret5=16.59% brkDist=-1.88% atr=5.74% 
                             :: weak momentum, low volume                       
[02/02/26 15:10:15] INFO     WAIT ACRS conf=2 score=0.024 close=$3.51           
                             volRatio=0.36 ret5=-22.00% brkDist=28.22%          
                             atr=13.76% :: no breakout, weak momentum, low      
                             volume                                             
                    INFO     WAIT ACVA conf=5 score=0.048 close=$7.81           
                             volRatio=0.72 ret5=-8.12% brkDist=13.89% atr=4.58% 
                             :: no breakout, weak momentum, low volume          
[02/02/26 15:10:16] INFO     WAIT AD conf=6 score=0.056 close=$48.19            
                             volRatio=0.84 ret5=0.56% brkDist=20.77% atr=5.96%  
                             :: no breakout, weak momentum, low volume          
                    INFO     WAIT ADEA conf=8 score=0.076 close=$18.09          
                             volRatio=1.15 ret5=-6.37% brkDist=11.02% atr=3.69% 
                             :: no breakout, weak momentum, low volume          
[02/02/26 15:10:17] INFO     WAIT ADMA conf=9 score=0.092 close=$17.30          
                             volRatio=1.38 ret5=3.41% brkDist=8.71% atr=4.80% ::
                             no breakout, weak momentum, low volume             
[02/02/26 15:10:18] INFO     WAIT ADNT conf=5 score=0.053 close=$20.80          
                             volRatio=0.79 ret5=-3.75% brkDist=12.46% atr=5.07% 
                             :: no breakout, weak momentum, low volume          
                    INFO     WAIT ADPT conf=6 score=0.064 close=$18.50          
                             volRatio=0.96 ret5=-0.27% brkDist=4.74% atr=5.62%  
                             :: no breakout, weak momentum, low volume          
[02/02/26 15:10:19] INFO     WAIT ADTN conf=8 score=0.081 close=$9.22           
                             volRatio=1.22 ret5=-3.46% brkDist=10.92% atr=4.76% 
                             :: no breakout, weak momentum, low volume          
                    INFO     WAIT ADUR conf=7 score=0.068 close=$12.98          
                             volRatio=1.03 ret5=-10.48% brkDist=15.97%          
                             atr=10.18% :: no breakout, weak momentum, low      
                             volume                                             
[02/02/26 15:10:20] INFO     WAIT AEHR conf=5 score=0.049 close=$25.64          
                             volRatio=0.74 ret5=-8.56% brkDist=19.47% atr=10.73%
                             :: no breakout, weak momentum, low volume          
[02/02/26 15:10:21] INFO     WAIT AEO conf=5 score=0.052 close=$23.31           
                             volRatio=0.77 ret5=-3.44% brkDist=18.10% atr=4.60% 
                             :: no breakout, weak momentum, low volume          
                    INFO     WAIT AES conf=11 score=0.110 close=$14.65          
                             volRatio=1.30 ret5=2.81% brkDist=4.56% atr=3.55% ::
                             no breakout, weak momentum, low volume             
[02/02/26 15:10:22] INFO     WAIT AESI conf=7 score=0.070 close=$11.67          
                             volRatio=1.06 ret5=-2.10% brkDist=6.04% atr=4.94%  
                             :: no breakout, weak momentum, low volume          
                    INFO     WAIT AEVA conf=5 score=0.050 close=$12.77          
                             volRatio=0.75 ret5=-19.13% brkDist=43.55%          
                             atr=15.52% :: no breakout, weak momentum, low      
                             volume                                             
[02/02/26 15:10:23] INFO     WAIT AFRM conf=7 score=0.067 close=$60.30          
                             volRatio=1.01 ret5=-15.58% brkDist=28.77% atr=6.77%
                             :: no breakout, weak momentum, low volume          
[02/02/26 15:10:24] INFO     WAIT AG conf=13 score=0.133 close=$20.84           
                             volRatio=2.00 ret5=-18.08% brkDist=25.29% atr=9.59%
                             :: no breakout, weak momentum, low volume          
                    INFO     WAIT AGI conf=19 score=0.188 close=$36.90          
                             volRatio=2.81 ret5=-15.02% brkDist=18.33% atr=6.84%
                             :: no breakout, weak momentum                      
[02/02/26 15:10:25] INFO     WAIT AGIO conf=4 score=0.039 close=$27.44          
                             volRatio=0.58 ret5=-3.85% brkDist=8.32% atr=4.18%  
                             :: no breakout, weak momentum, low volume          
                    INFO     WAIT AGRO conf=4 score=0.041 close=$8.86           
                             volRatio=0.62 ret5=-0.78% brkDist=4.06% atr=3.16%  
                             :: no breakout, weak momentum, low volume          
[02/02/26 15:10:26] INFO     WAIT AHCO conf=7 score=0.073 close=$10.05          
                             volRatio=1.10 ret5=-0.40% brkDist=7.97% atr=3.73%  
                             :: no breakout, weak momentum, low volume          
                    INFO     WAIT AI conf=15 score=0.146 close=$11.01           
                             volRatio=2.19 ret5=-13.24% brkDist=23.96% atr=6.83%
                             :: no breakout, weak momentum, low volume          
[02/02/26 15:10:27] INFO     WAIT AIP conf=6 score=0.062 close=$15.01           
                             volRatio=0.93 ret5=-7.06% brkDist=17.75% atr=6.12% 
                             :: no breakout, weak momentum, low volume          
                    INFO     WAIT AIRO conf=4 score=0.039 close=$10.29          
                             volRatio=0.58 ret5=-15.59% brkDist=25.43% atr=9.60%
                             :: no breakout, weak momentum, low volume          
[02/02/26 15:10:28] INFO     WAIT AIRS conf=21 score=0.206 close=$2.97          
                             volRatio=0.70 ret5=6.83% brkDist=9.59% atr=12.80%  
                             :: no breakout, weak momentum, low volume          
                    INFO     WAIT ALGM conf=32 score=0.323 close=$36.91         
                             volRatio=1.83 ret5=11.88% brkDist=7.47% atr=5.06%  
                             :: no breakout, weak momentum, low volume          
[02/02/26 15:10:29] INFO     WAIT ALH conf=5 score=0.054 close=$22.08           
                             volRatio=0.80 ret5=1.94% brkDist=2.58% atr=3.52% ::
                             no breakout, weak momentum, low volume             
                    INFO     WAIT ALHC conf=6 score=0.056 close=$22.53          
                             volRatio=0.85 ret5=-5.38% brkDist=5.61% atr=5.23%  
                             :: no breakout, weak momentum, low volume          
[02/02/26 15:10:30] INFO     WAIT ALK conf=8 score=0.081 close=$50.83           
                             volRatio=1.21 ret5=-0.08% brkDist=5.43% atr=4.65%  
                             :: no breakout, weak momentum, low volume          
                    INFO     WAIT ALKS conf=9 score=0.089 close=$33.89          
                             volRatio=1.05 ret5=0.83% brkDist=3.97% atr=3.55% ::
                             no breakout, weak momentum, low volume             
[02/02/26 15:10:31] INFO     WAIT ALKT conf=9 score=0.085 close=$21.19          
                             volRatio=0.71 ret5=2.62% brkDist=13.39% atr=5.14%  
                             :: no breakout, weak momentum, low volume          
[02/02/26 15:10:32] INFO     WAIT ALLY conf=7 score=0.066 close=$42.28          
                             volRatio=1.00 ret5=2.85% brkDist=10.56% atr=3.04%  
                             :: no breakout, weak momentum, low volume          
                    INFO     WAIT ALM conf=11 score=0.111 close=$11.29          
                             volRatio=1.12 ret5=1.53% brkDist=13.02% atr=7.47%  
                             :: no breakout, weak momentum, low volume          
                    INFO     WAIT ALMS conf=2 score=0.020 close=$24.51          
                             volRatio=0.29 ret5=-0.04% brkDist=13.36% atr=8.72% 
                             :: no breakout, weak momentum, low volume          
[02/02/26 15:10:33] INFO     WAIT ALMU conf=7 score=0.066 close=$15.79          
                             volRatio=1.00 ret5=-5.68% brkDist=34.75% atr=11.70%
                             :: no breakout, weak momentum, low volume          
                    INFO     WAIT ALNT conf=7 score=0.071 close=$61.01          
                             volRatio=1.06 ret5=-3.19% brkDist=6.73% atr=4.05%  
                             :: no breakout, weak momentum, low volume          
[02/02/26 15:10:34] INFO     WAIT ALT conf=11 score=0.105 close=$5.60           
                             volRatio=0.94 ret5=1.82% brkDist=13.04% atr=9.06%  
                             :: no breakout, weak momentum, low volume          
                    INFO     WAIT ALTS conf=4 score=0.037 close=$2.10           
                             volRatio=0.56 ret5=-4.11% brkDist=23.36% atr=14.19%
                             :: no breakout, weak momentum, low volume          
[02/02/26 15:10:35] INFO     WAIT AMAL conf=11 score=0.114 close=$38.84         
                             volRatio=0.96 ret5=2.16% brkDist=1.27% atr=3.32% ::
                             no breakout, weak momentum, low volume             
[02/02/26 15:10:36] INFO     WAIT AMBA conf=5 score=0.053 close=$64.04          
                             volRatio=0.80 ret5=-4.69% brkDist=21.28% atr=4.66% 
                             :: no breakout, weak momentum, low volume          
                    INFO     WAIT AMBQ conf=14 score=0.136 close=$30.39         
                             volRatio=2.04 ret5=-8.63% brkDist=18.77% atr=8.68% 
                             :: no breakout, weak momentum, low volume          
[02/02/26 15:10:37] INFO     WAIT AMKR conf=5 score=0.051 close=$48.33          
                             volRatio=0.76 ret5=-2.78% brkDist=12.40% atr=6.75% 
                             :: no breakout, weak momentum, low volume          
                    INFO     WAIT AMLX conf=8 score=0.077 close=$14.29          
                             volRatio=1.16 ret5=-9.33% brkDist=18.30% atr=7.78% 
                             :: no breakout, weak momentum, low volume          
[02/02/26 15:10:38] INFO     WAIT AMN conf=16 score=0.157 close=$21.30          
                             volRatio=0.98 ret5=3.95% brkDist=6.37% atr=6.39% ::
                             no breakout, weak momentum, low volume             
[02/02/26 15:10:39] INFO     WAIT AMPH conf=9 score=0.090 close=$26.49          
                             volRatio=0.91 ret5=2.20% brkDist=10.26% atr=3.88%  
                             :: no breakout, weak momentum, low volume          
                    INFO     WAIT AMPL conf=7 score=0.067 close=$9.17           
                             volRatio=1.01 ret5=-10.54% brkDist=23.20% atr=5.70%
                             :: no breakout, weak momentum, low volume          
                    INFO     WAIT AMPX conf=36 score=0.357 close=$12.44         
                             volRatio=1.37 ret5=11.37% brkDist=9.72% atr=8.83%  
                             :: no breakout, low volume                         
[02/02/26 15:10:40] INFO     WAIT AMRC conf=6 score=0.057 close=$31.34          
                             volRatio=0.85 ret5=-3.60% brkDist=7.85% atr=5.37%  
                             :: no breakout, weak momentum, low volume          
[02/02/26 15:10:41] INFO     WAIT AMSC conf=6 score=0.064 close=$29.92          
                             volRatio=0.96 ret5=-10.10% brkDist=13.28% atr=5.78%
                             :: no breakout, weak momentum, low volume          
                    INFO     WAIT AMTB conf=13 score=0.132 close=$21.70         
                             volRatio=1.26 ret5=2.07% brkDist=4.45% atr=3.49% ::
                             no breakout, weak momentum, low volume             
[02/02/26 15:10:42] INFO     WAIT AMWD conf=9 score=0.087 close=$59.39          
                             volRatio=1.30 ret5=-3.34% brkDist=8.55% atr=3.78%  
                             :: no breakout, weak momentum, low volume          
[02/02/26 15:10:43] INFO     WAIT ANAB conf=6 score=0.062 close=$47.41          
                             volRatio=0.93 ret5=-0.27% brkDist=6.12% atr=6.33%  
                             :: no breakout, weak momentum, low volume          
[02/02/26 15:10:46] INFO     WAIT ANGI conf=11 score=0.108 close=$12.98         
                             volRatio=1.06 ret5=2.29% brkDist=11.00% atr=4.26%  
                             :: no breakout, weak momentum, low volume          
[02/02/26 15:10:47] INFO     WAIT ANGO conf=4 score=0.038 close=$10.36          
                             volRatio=0.57 ret5=-0.19% brkDist=22.51% atr=4.03% 
                             :: no breakout, weak momentum, low volume          
[02/02/26 15:10:48] INFO     WAIT ANNX conf=5 score=0.046 close=$6.24           
                             volRatio=0.69 ret5=-7.96% brkDist=13.09% atr=7.58% 
                             :: no breakout, weak momentum, low volume          
[02/02/26 15:10:49] INFO     WAIT AORT conf=14 score=0.135 close=$40.77         
                             volRatio=2.03 ret5=-5.23% brkDist=12.96% atr=3.41% 
                             :: no breakout, weak momentum, low volume          
                    INFO     WAIT AOSL conf=8 score=0.078 close=$22.10          
                             volRatio=1.16 ret5=0.32% brkDist=6.94% atr=4.31% ::
                             no breakout, weak momentum, low volume             
[02/02/26 15:10:50] INFO     WAIT APA conf=12 score=0.118 close=$26.41          
                             volRatio=1.41 ret5=2.36% brkDist=3.93% atr=4.13% ::
                             no breakout, weak momentum, low volume             
[02/02/26 15:10:51] INFO     WAIT APEI conf=9 score=0.091 close=$41.78          
                             volRatio=1.36 ret5=-4.33% brkDist=5.02% atr=4.05%  
                             :: no breakout, weak momentum, low volume          
                    INFO     WAIT APGE conf=11 score=0.111 close=$65.51         
                             volRatio=1.67 ret5=-6.44% brkDist=22.53% atr=6.64% 
                             :: no breakout, weak momentum, low volume          
[02/02/26 15:10:52] INFO     WAIT APLD conf=5 score=0.049 close=$33.88          
                             volRatio=0.74 ret5=-10.11% brkDist=19.85%          
                             atr=11.32% :: no breakout, weak momentum, low      
                             volume                                             
                    INFO     WAIT APLS conf=34 score=0.339 close=$22.58         
                             volRatio=4.67 ret5=3.82% brkDist=17.77% atr=6.51%  
                             :: no breakout, weak momentum                      
[02/02/26 15:10:53] INFO     WAIT APOG conf=3 score=0.032 close=$37.13          
                             volRatio=0.48 ret5=-4.45% brkDist=8.43% atr=3.47%  
                             :: no breakout, weak momentum, low volume          
[02/02/26 15:10:54] INFO     WAIT APPN conf=8 score=0.078 close=$27.90          
                             volRatio=1.17 ret5=-6.09% brkDist=22.65% atr=5.39% 
                             :: no breakout, weak momentum, low volume          
                    INFO     WAIT APPS conf=7 score=0.075 close=$5.22           
                             volRatio=1.12 ret5=-0.95% brkDist=8.90% atr=7.24%  
                             :: no breakout, weak momentum, low volume          
[02/02/26 15:10:55] INFO     WAIT APTV conf=9 score=0.090 close=$75.75          
                             volRatio=1.35 ret5=-0.94% brkDist=14.82% atr=3.85% 
                             :: no breakout, weak momentum, low volume          
                    INFO     WAIT AQST conf=6 score=0.057 close=$2.95           
                             volRatio=0.85 ret5=-8.95% brkDist=55.24% atr=8.40% 
                             :: no breakout, weak momentum, low volume          
[02/02/26 15:10:56] INFO     WAIT AR conf=60 score=0.598 close=$36.37           
                             volRatio=0.84 ret5=6.07% brkDist=-1.59% atr=3.69%  
                             :: weak momentum, low volume                       
[02/02/26 15:10:57] INFO     WAIT ARDX conf=3 score=0.027 close=$7.69           
                             volRatio=0.41 ret5=-1.03% brkDist=8.45% atr=5.84%  
                             :: no breakout, weak momentum, low volume          
                    INFO     WAIT AREC conf=6 score=0.056 close=$3.16           
                             volRatio=0.83 ret5=-27.69% brkDist=34.17%          
                             atr=16.04% :: no breakout, weak momentum, low      
                             volume                                             
[02/02/26 15:10:58] INFO     WAIT ARHS conf=5 score=0.049 close=$10.18          
                             volRatio=0.73 ret5=-1.74% brkDist=11.82% atr=4.54% 
                             :: no breakout, weak momentum, low volume          
                    INFO     WAIT ARLO conf=9 score=0.086 close=$12.69          
                             volRatio=1.29 ret5=-2.31% brkDist=11.01% atr=4.11% 
                             :: no breakout, weak momentum, low volume          
[02/02/26 15:10:59] INFO     WAIT ARQQ conf=7 score=0.073 close=$20.32          
                             volRatio=1.09 ret5=-16.03% brkDist=30.41% atr=9.14%
                             :: no breakout, weak momentum, low volume          
                    INFO     WAIT ARQT conf=4 score=0.041 close=$25.37          
                             volRatio=0.62 ret5=-3.17% brkDist=17.50% atr=4.34% 
                             :: no breakout, weak momentum, low volume          
[02/02/26 15:11:00] INFO     WAIT ARRY conf=23 score=0.228 close=$11.32         
                             volRatio=0.77 ret5=7.55% brkDist=5.31% atr=7.39% ::
                             no breakout, weak momentum, low volume             
                    INFO     WAIT ARVN conf=18 score=0.182 close=$13.38         
                             volRatio=1.40 ret5=3.80% brkDist=2.41% atr=4.77% ::
                             no breakout, weak momentum, low volume             
[02/02/26 15:11:01] INFO     WAIT ARWR conf=16 score=0.160 close=$69.33         
                             volRatio=1.32 ret5=3.40% brkDist=9.68% atr=4.49% ::
                             no breakout, weak momentum, low volume             
                    INFO     WAIT ARX conf=6 score=0.056 close=$13.66           
                             volRatio=0.85 ret5=-8.01% brkDist=17.21% atr=5.30% 
                             :: no breakout, weak momentum, low volume          
[02/02/26 15:11:02] INFO     WAIT AS conf=8 score=0.080 close=$36.63            
                             volRatio=1.19 ret5=-2.89% brkDist=8.42% atr=3.39%  
                             :: no breakout, weak momentum, low volume          
                    INFO     WAIT ASAN conf=7 score=0.069 close=$10.25          
                             volRatio=1.03 ret5=-7.99% brkDist=26.26% atr=5.58% 
                             :: no breakout, weak momentum, low volume          
[02/02/26 15:11:03] INFO     WAIT ASGN conf=26 score=0.260 close=$52.09         
                             volRatio=1.62 ret5=2.06% brkDist=0.59% atr=3.49% ::
                             no breakout, weak momentum, low volume             
[02/02/26 15:11:04] INFO     WAIT ASIX conf=7 score=0.072 close=$15.84          
                             volRatio=1.08 ret5=-7.21% brkDist=15.88% atr=4.09% 
                             :: no breakout, weak momentum, low volume          
[02/02/26 15:11:05] INFO     WAIT ASO conf=7 score=0.067 close=$55.01           
                             volRatio=1.01 ret5=-3.19% brkDist=7.53% atr=4.10%  
                             :: no breakout, weak momentum, low volume          
                    INFO     WAIT ASPI conf=7 score=0.068 close=$6.34           
                             volRatio=1.02 ret5=-25.24% brkDist=26.28%          
                             atr=12.78% :: no breakout, weak momentum, low      
                             volume                                             
[02/02/26 15:11:06] INFO     WAIT ASPN conf=5 score=0.045 close=$3.37           
                             volRatio=0.68 ret5=-11.78% brkDist=14.36% atr=6.43%
                             :: no breakout, weak momentum, low volume          
[02/02/26 15:11:07] INFO     WAIT ASTE conf=15 score=0.151 close=$48.72         
                             volRatio=2.26 ret5=0.89% brkDist=4.32% atr=3.09% ::
                             no breakout, weak momentum, low volume             
                    INFO     WAIT ASTH conf=9 score=0.093 close=$22.74          
                             volRatio=1.39 ret5=-16.27% brkDist=22.47% atr=7.78%
                             :: no breakout, weak momentum, low volume          
[02/02/26 15:11:08] INFO     WAIT ASTL conf=7 score=0.068 close=$4.18           
                             volRatio=1.02 ret5=-7.93% brkDist=13.28% atr=7.20% 
                             :: no breakout, weak momentum, low volume          
                    INFO     WAIT ASYS conf=11 score=0.110 close=$16.81         
                             volRatio=0.93 ret5=2.06% brkDist=8.99% atr=6.85% ::
                             no breakout, weak momentum, low volume             
[02/02/26 15:11:09] INFO     WAIT ATAI conf=4 score=0.036 close=$3.76           
                             volRatio=0.53 ret5=-9.40% brkDist=10.26% atr=5.39% 
                             :: no breakout, weak momentum, low volume          
[02/02/26 15:11:10] INFO     WAIT ATEC conf=6 score=0.056 close=$14.83          
                             volRatio=0.83 ret5=-5.06% brkDist=36.32% atr=8.32% 
                             :: no breakout, weak momentum, low volume          
                    INFO     WAIT ATEX conf=18 score=0.182 close=$26.27         
                             volRatio=1.07 ret5=10.31% brkDist=13.23% atr=6.18% 
                             :: no breakout, weak momentum, low volume          
[02/02/26 15:11:11] INFO     WAIT ATRC conf=5 score=0.045 close=$36.93          
                             volRatio=0.68 ret5=-5.48% brkDist=14.47% atr=5.80% 
                             :: no breakout, weak momentum, low volume          
[02/02/26 15:11:12] INFO     WAIT ATRO conf=4 score=0.039 close=$75.75          
                             volRatio=0.59 ret5=-0.77% brkDist=5.30% atr=4.55%  
                             :: no breakout, weak momentum, low volume          
                    INFO     Done. Signals generated: 110                       
