[02/09/26 15:10:02] INFO     signals-bot starting                               
                    INFO     run_id=daily_close_scan-20260209T131002Z           
                    INFO     config=/Users/talshitrit/Workspace/Personal/trading
                             /trading-signals/config.yaml                       
                    INFO     Universe size: 114 tickers                         
[02/09/26 15:10:04] INFO     WAIT AA conf=4 score=0.044 close=$59.16            
                             volRatio=0.66 ret5=4.14% brkDist=11.64% atr=6.14%  
                             :: no breakout, weak momentum, low volume          
[02/09/26 15:10:05] INFO     WAIT AAL conf=13 score=0.126 close=$15.24          
                             volRatio=0.98 ret5=14.59% brkDist=7.36% atr=4.13%  
                             :: no breakout, weak momentum, low volume          
[02/09/26 15:10:06] INFO     WAIT AAMI conf=10 score=0.101 close=$50.98         
                             volRatio=1.51 ret5=-8.01% brkDist=9.71% atr=4.57%  
                             :: no breakout, weak momentum, low volume          
                    INFO     WAIT AAOI conf=10 score=0.103 close=$44.30         
                             volRatio=0.99 ret5=1.58% brkDist=9.79% atr=12.46%  
                             :: no breakout, weak momentum, low volume          
[02/09/26 15:10:07] INFO     WAIT AAP conf=75 score=0.750 close=$55.30          
                             volRatio=0.99 ret5=15.18% brkDist=-0.77% atr=5.14% 
                             :: low volume                                      
[02/09/26 15:10:08] INFO     WAIT ABAT conf=6 score=0.061 close=$4.17           
                             volRatio=0.92 ret5=3.09% brkDist=21.86% atr=12.65% 
                             :: no breakout, weak momentum, low volume          
                    INFO     WAIT ABCL conf=7 score=0.068 close=$3.16           
                             volRatio=1.03 ret5=-12.71% brkDist=34.85% atr=9.98%
                             :: no breakout, weak momentum, low volume          
[02/09/26 15:10:09] INFO     WAIT ABEO conf=5 score=0.047 close=$5.13           
                             volRatio=0.71 ret5=0.79% brkDist=9.76% atr=4.88% ::
                             no breakout, weak momentum, low volume             
                    INFO     WAIT ABSI conf=7 score=0.068 close=$2.69           
                             volRatio=1.01 ret5=-9.87% brkDist=30.00% atr=7.63% 
                             :: no breakout, weak momentum, low volume          
[02/09/26 15:10:10] INFO     WAIT ABUS conf=9 score=0.093 close=$3.84           
                             volRatio=1.40 ret5=-7.02% brkDist=21.15% atr=7.48% 
                             :: no breakout, weak momentum, low volume          
[02/09/26 15:10:11] INFO     WAIT ACAD conf=12 score=0.121 close=$23.56         
                             volRatio=1.81 ret5=-6.25% brkDist=15.28% atr=4.52% 
                             :: no breakout, weak momentum, low volume          
[02/09/26 15:10:12] INFO     WAIT ACHC conf=5 score=0.051 close=$13.37          
                             volRatio=0.76 ret5=-0.52% brkDist=15.33% atr=7.86% 
                             :: no breakout, weak momentum, low volume          
                    INFO     WAIT ACHR conf=8 score=0.077 close=$7.30           
                             volRatio=1.15 ret5=1.53% brkDist=21.42% atr=7.29%  
                             :: no breakout, weak momentum, low volume          
[02/09/26 15:10:13] INFO     WAIT ACIW conf=8 score=0.080 close=$42.28          
                             volRatio=1.19 ret5=-2.49% brkDist=11.05% atr=3.84% 
                             :: no breakout, weak momentum, low volume          
                    INFO     WAIT ACLX conf=4 score=0.044 close=$68.03          
                             volRatio=0.66 ret5=-0.41% brkDist=11.07% atr=4.84% 
                             :: no breakout, weak momentum, low volume          
[02/09/26 15:10:14] INFO     WAIT ACMR conf=25 score=0.245 close=$62.48         
                             volRatio=1.06 ret5=7.50% brkDist=3.56% atr=7.58% ::
                             no breakout, weak momentum, low volume             
[02/09/26 15:10:15] INFO     WAIT ACRS conf=3 score=0.034 close=$3.57           
                             volRatio=0.50 ret5=1.71% brkDist=26.99% atr=14.89% 
                             :: no breakout, weak momentum, low volume          
                    INFO     WAIT ACVA conf=7 score=0.071 close=$7.37           
                             volRatio=1.07 ret5=-5.63% brkDist=18.74% atr=5.19% 
                             :: no breakout, weak momentum, low volume          
[02/09/26 15:10:16] INFO     WAIT AD conf=5 score=0.052 close=$48.75            
                             volRatio=0.38 ret5=1.16% brkDist=19.85% atr=4.92%  
                             :: no breakout, weak momentum, low volume          
[02/09/26 15:10:17] INFO     WAIT ADEA conf=6 score=0.057 close=$18.10          
                             volRatio=0.85 ret5=0.06% brkDist=10.97% atr=4.48%  
                             :: no breakout, weak momentum, low volume          
                    INFO     WAIT ADMA conf=5 score=0.046 close=$16.43          
                             volRatio=0.69 ret5=-5.03% brkDist=12.42% atr=4.74% 
                             :: no breakout, weak momentum, low volume          
[02/09/26 15:10:18] INFO     WAIT ADNT conf=81 score=0.815 close=$26.46         
                             volRatio=0.99 ret5=27.21% brkDist=-3.20% atr=4.69% 
                             :: low volume                                      
[02/09/26 15:10:19] INFO     WAIT ADPT conf=14 score=0.137 close=$15.77         
                             volRatio=2.05 ret5=-14.76% brkDist=20.35% atr=7.93%
                             :: no breakout, weak momentum, low volume          
[02/09/26 15:10:20] INFO     WAIT ADTN conf=12 score=0.116 close=$9.86          
                             volRatio=0.99 ret5=6.94% brkDist=4.73% atr=4.59% ::
                             no breakout, weak momentum, low volume             
                    INFO     WAIT ADUR conf=6 score=0.060 close=$11.60          
                             volRatio=0.90 ret5=-10.63% brkDist=24.91%          
                             atr=10.83% :: no breakout, weak momentum, low      
                             volume                                             
[02/09/26 15:10:21] INFO     WAIT AEHR conf=4 score=0.043 close=$26.39          
                             volRatio=0.64 ret5=2.93% brkDist=17.11% atr=10.83% 
                             :: no breakout, weak momentum, low volume          
[02/09/26 15:10:22] INFO     WAIT AEO conf=4 score=0.040 close=$23.76           
                             volRatio=0.61 ret5=1.93% brkDist=16.04% atr=4.15%  
                             :: no breakout, weak momentum, low volume          
[02/09/26 15:10:23] INFO     WAIT AES conf=24 score=0.238 close=$16.05          
                             volRatio=0.63 ret5=9.56% brkDist=0.86% atr=3.72% ::
                             no breakout, weak momentum, low volume             
[02/09/26 15:10:24] INFO     WAIT AESI conf=8 score=0.083 close=$11.75          
                             volRatio=1.24 ret5=0.69% brkDist=5.39% atr=5.50% ::
                             no breakout, weak momentum, low volume             
[02/09/26 15:10:25] INFO     WAIT AEVA conf=4 score=0.036 close=$12.40          
                             volRatio=0.54 ret5=-2.90% brkDist=45.18% atr=12.68%
                             :: no breakout, weak momentum, low volume          
[02/09/26 15:10:26] INFO     WAIT AFRM conf=18 score=0.179 close=$57.03         
                             volRatio=2.68 ret5=-5.42% brkDist=32.63% atr=6.65% 
                             :: no breakout, weak momentum                      
[02/09/26 15:10:27] INFO     WAIT AG conf=4 score=0.039 close=$21.99            
                             volRatio=0.58 ret5=5.52% brkDist=21.17% atr=9.59%  
                             :: no breakout, weak momentum, low volume          
                    INFO     WAIT AGI conf=5 score=0.046 close=$40.17           
                             volRatio=0.70 ret5=8.86% brkDist=11.09% atr=6.57%  
                             :: no breakout, weak momentum, low volume          
[02/09/26 15:10:28] INFO     WAIT AGIO conf=8 score=0.082 close=$26.53          
                             volRatio=1.23 ret5=-3.32% brkDist=11.36% atr=4.52% 
                             :: no breakout, weak momentum, low volume          
[02/09/26 15:10:29] INFO     WAIT AHCO conf=17 score=0.167 close=$10.65         
                             volRatio=1.21 ret5=5.97% brkDist=2.47% atr=3.86% ::
                             no breakout, weak momentum, low volume             
[02/09/26 15:10:30] INFO     WAIT AI conf=8 score=0.082 close=$11.65            
                             volRatio=1.22 ret5=5.81% brkDist=19.54% atr=7.28%  
                             :: no breakout, weak momentum, low volume          
                    INFO     WAIT AIP conf=8 score=0.077 close=$14.93           
                             volRatio=1.15 ret5=-0.53% brkDist=18.19% atr=6.99% 
                             :: no breakout, weak momentum, low volume          
                    INFO     WAIT AIRO conf=5 score=0.046 close=$9.64           
                             volRatio=0.69 ret5=-6.32% brkDist=30.14% atr=9.83% 
                             :: no breakout, weak momentum, low volume          
[02/09/26 15:10:31] INFO     WAIT ALGM conf=77 score=0.772 close=$41.57         
                             volRatio=1.16 ret5=12.63% brkDist=-1.69% atr=5.40% 
                             :: low volume                                      
[02/09/26 15:10:32] INFO     WAIT ALH conf=63 score=0.632 close=$24.02          
                             volRatio=0.94 ret5=8.79% brkDist=-3.71% atr=3.42%  
                             :: weak momentum, low volume                       
                    INFO     WAIT ALHC conf=5 score=0.045 close=$21.75          
                             volRatio=0.68 ret5=-3.46% brkDist=8.88% atr=5.22%  
                             :: no breakout, weak momentum, low volume          
[02/09/26 15:10:33] INFO     WAIT ALK conf=73 score=0.733 close=$59.45          
                             volRatio=1.05 ret5=16.96% brkDist=-5.54% atr=4.62% 
                             :: low volume                                      
[02/09/26 15:10:34] INFO     WAIT ALKS conf=12 score=0.119 close=$34.91         
                             volRatio=0.88 ret5=3.01% brkDist=1.09% atr=3.63% ::
                             no breakout, weak momentum, low volume             
                    INFO     WAIT ALKT conf=10 score=0.098 close=$17.43         
                             volRatio=1.47 ret5=-17.74% brkDist=25.83% atr=7.91%
                             :: no breakout, weak momentum, low volume          
[02/09/26 15:10:35] INFO     WAIT ALLY conf=6 score=0.060 close=$42.31          
                             volRatio=0.88 ret5=0.07% brkDist=9.73% atr=3.44% ::
                             no breakout, weak momentum, low volume             
                    INFO     WAIT ALM conf=80 score=0.800 close=$14.10          
                             volRatio=0.75 ret5=24.89% brkDist=-1.88% atr=8.62% 
                             :: low volume                                      
                    INFO     WAIT ALMS conf=15 score=0.147 close=$26.19         
                             volRatio=0.62 ret5=6.85% brkDist=7.42% atr=7.84% ::
                             no breakout, weak momentum, low volume             
[02/09/26 15:10:36] INFO     WAIT ALMU conf=5 score=0.045 close=$15.06          
                             volRatio=0.68 ret5=-4.62% brkDist=37.77% atr=10.79%
                             :: no breakout, weak momentum, low volume          
[02/09/26 15:10:37] INFO     WAIT ALNT conf=58 score=0.575 close=$65.74         
                             volRatio=1.62 ret5=7.75% brkDist=-0.18% atr=4.70%  
                             :: weak momentum, low volume                       
                    INFO     WAIT ALT conf=5 score=0.048 close=$4.87            
                             volRatio=0.72 ret5=-13.04% brkDist=24.38%          
                             atr=11.86% :: no breakout, weak momentum, low      
                             volume                                             
[02/09/26 15:10:38] INFO     WAIT AMAL conf=45 score=0.454 close=$41.25         
                             volRatio=1.01 ret5=6.20% brkDist=0.29% atr=3.47% ::
                             no breakout, weak momentum, low volume             
[02/09/26 15:10:39] INFO     WAIT AMBA conf=5 score=0.050 close=$63.64          
                             volRatio=0.75 ret5=-0.62% brkDist=11.03% atr=4.90% 
                             :: no breakout, weak momentum, low volume          
                    INFO     WAIT AMBQ conf=4 score=0.037 close=$29.94          
                             volRatio=0.56 ret5=-1.48% brkDist=19.97% atr=7.42% 
                             :: no breakout, weak momentum, low volume          
[02/09/26 15:10:40] INFO     WAIT AMKR conf=7 score=0.071 close=$49.36          
                             volRatio=1.07 ret5=2.13% brkDist=10.53% atr=6.86%  
                             :: no breakout, weak momentum, low volume          
[02/09/26 15:10:41] INFO     WAIT AMLX conf=4 score=0.037 close=$13.98          
                             volRatio=0.55 ret5=-2.17% brkDist=20.07% atr=8.37% 
                             :: no breakout, weak momentum, low volume          
                    INFO     WAIT AMN conf=4 score=0.037 close=$20.30           
                             volRatio=0.56 ret5=-4.69% brkDist=10.77% atr=5.12% 
                             :: no breakout, weak momentum, low volume          
[02/09/26 15:10:42] INFO     WAIT AMPH conf=27 score=0.269 close=$29.26         
                             volRatio=1.03 ret5=10.46% brkDist=0.88% atr=3.11%  
                             :: no breakout, weak momentum, low volume          
                    INFO     WAIT AMPL conf=12 score=0.122 close=$7.23          
                             volRatio=1.82 ret5=-21.16% brkDist=37.89% atr=7.99%
                             :: no breakout, weak momentum, low volume          
[02/09/26 15:10:43] INFO     WAIT AMPX conf=6 score=0.058 close=$12.24          
                             volRatio=0.87 ret5=-1.61% brkDist=17.63% atr=11.67%
                             :: no breakout, weak momentum, low volume          
[02/09/26 15:10:44] INFO     WAIT AMRC conf=11 score=0.108 close=$30.92         
                             volRatio=1.63 ret5=-1.34% brkDist=9.09% atr=7.31%  
                             :: no breakout, weak momentum, low volume          
                    INFO     WAIT AMSC conf=13 score=0.131 close=$28.17         
                             volRatio=1.96 ret5=-5.85% brkDist=18.35% atr=8.76% 
                             :: no breakout, weak momentum, low volume          
[02/09/26 15:10:45] INFO     WAIT AMTB conf=60 score=0.599 close=$23.22         
                             volRatio=0.83 ret5=7.00% brkDist=-0.04% atr=3.48%  
                             :: weak momentum, low volume                       
[02/09/26 15:10:46] INFO     WAIT AMWD conf=74 score=0.743 close=$67.54         
                             volRatio=2.83 ret5=13.72% brkDist=-2.09% atr=3.61% 
                             :: weak momentum                                   
                    INFO     WAIT ANAB conf=15 score=0.152 close=$49.73         
                             volRatio=1.20 ret5=4.89% brkDist=4.42% atr=5.62% ::
                             no breakout, weak momentum, low volume             
[02/09/26 15:10:47] INFO     WAIT ANDE conf=25 score=0.245 close=$66.86         
                             volRatio=0.93 ret5=7.86% brkDist=0.89% atr=3.10% ::
                             no breakout, weak momentum, low volume             
[02/09/26 15:10:48] INFO     WAIT ANGI conf=6 score=0.062 close=$11.85          
                             volRatio=0.93 ret5=-8.71% brkDist=18.75% atr=4.77% 
                             :: no breakout, weak momentum, low volume          
[02/09/26 15:10:49] INFO     WAIT ANGO conf=8 score=0.078 close=$10.56          
                             volRatio=0.76 ret5=1.93% brkDist=4.86% atr=3.73% ::
                             no breakout, weak momentum, low volume             
[02/09/26 15:10:50] INFO     WAIT ANNX conf=6 score=0.060 close=$5.73           
                             volRatio=0.89 ret5=-8.17% brkDist=20.19% atr=7.62% 
                             :: no breakout, weak momentum, low volume          
[02/09/26 15:10:52] INFO     WAIT AORT conf=6 score=0.061 close=$39.59          
                             volRatio=0.91 ret5=-2.89% brkDist=12.82% atr=3.58% 
                             :: no breakout, weak momentum, low volume          
                    INFO     WAIT AOSL conf=22 score=0.220 close=$21.36         
                             volRatio=3.29 ret5=-3.35% brkDist=10.06% atr=7.13% 
                             :: no breakout, weak momentum                      
[02/09/26 15:10:54] INFO     WAIT APA conf=44 score=0.445 close=$27.46          
                             volRatio=0.78 ret5=3.98% brkDist=0.20% atr=4.09% ::
                             no breakout, weak momentum, low volume             
[02/09/26 15:10:55] INFO     WAIT APEI conf=52 score=0.523 close=$44.89         
                             volRatio=1.19 ret5=7.44% brkDist=-0.02% atr=4.03%  
                             :: weak momentum, low volume                       
[02/09/26 15:10:56] INFO     WAIT APGE conf=9 score=0.086 close=$62.24          
                             volRatio=1.30 ret5=-4.99% brkDist=26.40% atr=7.64% 
                             :: no breakout, weak momentum, low volume          
                    INFO     WAIT APLD conf=8 score=0.078 close=$34.95          
                             volRatio=1.17 ret5=3.16% brkDist=17.32% atr=13.23% 
                             :: no breakout, weak momentum, low volume          
[02/09/26 15:10:57] INFO     WAIT APLS conf=12 score=0.125 close=$23.49         
                             volRatio=0.46 ret5=4.03% brkDist=14.45% atr=5.35%  
                             :: no breakout, weak momentum, low volume          
[02/09/26 15:10:58] INFO     WAIT APOG conf=57 score=0.571 close=$41.79         
                             volRatio=0.80 ret5=12.55% brkDist=-1.60% atr=3.24% 
                             :: weak momentum, low volume                       
                    INFO     WAIT APPN conf=5 score=0.054 close=$25.21          
                             volRatio=0.81 ret5=-9.64% brkDist=28.96% atr=5.69% 
                             :: no breakout, weak momentum, low volume          
[02/09/26 15:10:59] INFO     WAIT APPS conf=8 score=0.082 close=$4.15           
                             volRatio=1.23 ret5=-20.50% brkDist=32.96%          
                             atr=11.77% :: no breakout, weak momentum, low      
                             volume                                             
[02/09/26 15:11:00] INFO     WAIT AQST conf=37 score=0.370 close=$4.11          
                             volRatio=0.30 ret5=39.32% brkDist=34.76% atr=8.12% 
                             :: no breakout, low volume                         
[02/09/26 15:11:01] INFO     WAIT AR conf=5 score=0.052 close=$34.37            
                             volRatio=0.78 ret5=-5.50% brkDist=5.84% atr=4.37%  
                             :: no breakout, weak momentum, low volume          
[02/09/26 15:11:02] INFO     WAIT ARDX conf=4 score=0.040 close=$7.32           
                             volRatio=0.60 ret5=-4.81% brkDist=12.86% atr=5.96% 
                             :: no breakout, weak momentum, low volume          
[02/09/26 15:11:03] INFO     WAIT ARHS conf=20 score=0.196 close=$11.10         
                             volRatio=1.27 ret5=9.04% brkDist=3.85% atr=4.39% ::
                             no breakout, weak momentum, low volume             
                    INFO     WAIT ARLO conf=8 score=0.076 close=$12.40          
                             volRatio=1.14 ret5=-2.29% brkDist=13.04% atr=5.14% 
                             :: no breakout, weak momentum, low volume          
[02/09/26 15:11:04] INFO     WAIT ARQQ conf=10 score=0.103 close=$18.59         
                             volRatio=1.54 ret5=-8.51% brkDist=34.00% atr=10.67%
                             :: no breakout, weak momentum, low volume          
                    INFO     WAIT ARQT conf=13 score=0.128 close=$27.32         
                             volRatio=0.93 ret5=7.69% brkDist=11.15% atr=3.67%  
                             :: no breakout, weak momentum, low volume          
[02/09/26 15:11:05] INFO     WAIT ARRY conf=16 score=0.161 close=$11.86         
                             volRatio=0.77 ret5=4.72% brkDist=1.62% atr=7.59% ::
                             no breakout, weak momentum, low volume             
                    INFO     WAIT ARVN conf=7 score=0.071 close=$13.48          
                             volRatio=0.80 ret5=0.75% brkDist=4.67% atr=5.26% ::
                             no breakout, weak momentum, low volume             
[02/09/26 15:11:06] INFO     WAIT ARWR conf=25 score=0.250 close=$64.52         
                             volRatio=7.45 ret5=-6.94% brkDist=15.23% atr=6.57% 
                             :: no breakout, weak momentum                      
                    INFO     WAIT ARX conf=7 score=0.065 close=$11.72           
                             volRatio=0.98 ret5=-14.20% brkDist=27.61% atr=7.05%
                             :: no breakout, weak momentum, low volume          
[02/09/26 15:11:07] INFO     WAIT AS conf=7 score=0.071 close=$37.51            
                             volRatio=1.07 ret5=2.40% brkDist=6.23% atr=4.07% ::
                             no breakout, weak momentum, low volume             
                    INFO     WAIT ASAN conf=7 score=0.074 close=$8.76           
                             volRatio=1.11 ret5=-14.54% brkDist=34.60% atr=6.70%
                             :: no breakout, weak momentum, low volume          
[02/09/26 15:11:08] INFO     WAIT ASGN conf=12 score=0.119 close=$52.50         
                             volRatio=1.51 ret5=0.79% brkDist=4.44% atr=4.66% ::
                             no breakout, weak momentum, low volume             
[02/09/26 15:11:09] INFO     WAIT ASIX conf=21 score=0.211 close=$18.50         
                             volRatio=1.21 ret5=16.79% brkDist=1.75% atr=4.03%  
                             :: no breakout, weak momentum, low volume          
                    INFO     WAIT ASO conf=13 score=0.132 close=$59.13          
                             volRatio=1.03 ret5=7.49% brkDist=1.97% atr=4.00% ::
                             no breakout, weak momentum, low volume             
[02/09/26 15:11:10] INFO     WAIT ASPI conf=4 score=0.043 close=$5.82           
                             volRatio=0.64 ret5=-8.28% brkDist=32.38% atr=14.51%
                             :: no breakout, weak momentum, low volume          
[02/09/26 15:11:11] INFO     WAIT ASTE conf=79 score=0.789 close=$57.43         
                             volRatio=1.42 ret5=17.88% brkDist=-4.21% atr=3.18% 
                             :: low volume                                      
[02/09/26 15:11:12] INFO     WAIT ASTH conf=11 score=0.112 close=$21.10         
                             volRatio=1.68 ret5=-7.21% brkDist=28.06% atr=7.85% 
                             :: no breakout, weak momentum, low volume          
                    INFO     WAIT ASTL conf=9 score=0.089 close=$4.61           
                             volRatio=0.98 ret5=10.29% brkDist=4.36% atr=6.83%  
                             :: no breakout, weak momentum, low volume          
[02/09/26 15:11:13] INFO     WAIT ASYS conf=19 score=0.189 close=$11.12         
                             volRatio=2.84 ret5=-33.85% brkDist=40.18%          
                             atr=15.83% :: no breakout, weak momentum           
                    INFO     WAIT ATAI conf=7 score=0.075 close=$3.77           
                             volRatio=1.12 ret5=0.27% brkDist=9.59% atr=6.59% ::
                             no breakout, weak momentum, low volume             
[02/09/26 15:11:14] INFO     WAIT ATEC conf=4 score=0.036 close=$13.82          
                             volRatio=0.53 ret5=-6.81% brkDist=40.66% atr=5.53% 
                             :: no breakout, weak momentum, low volume          
[02/09/26 15:11:15] INFO     WAIT ATEX conf=29 score=0.293 close=$28.39         
                             volRatio=1.57 ret5=8.09% brkDist=6.21% atr=7.07% ::
                             no breakout, weak momentum, low volume             
                    INFO     WAIT ATRC conf=5 score=0.048 close=$37.11          
                             volRatio=0.72 ret5=0.49% brkDist=14.06% atr=4.08%  
                             :: no breakout, weak momentum, low volume          
[02/09/26 15:11:16] INFO     WAIT ATRO conf=5 score=0.051 close=$76.58          
                             volRatio=0.70 ret5=1.10% brkDist=6.48% atr=4.70% ::
                             no breakout, weak momentum, low volume             
[02/09/26 15:11:17] INFO     Done. Signals generated: 104                       
